{"numTotalTestSuites":403,"numPassedTestSuites":402,"numFailedTestSuites":1,"numPendingTestSuites":0,"numTotalTests":1858,"numPassedTests":1857,"numFailedTests":1,"numPendingTests":0,"numTodoTests":0,"snapshot":{"added":0,"failure":false,"filesAdded":0,"filesRemoved":0,"filesRemovedList":[],"filesUnmatched":0,"filesUpdated":0,"matched":0,"total":0,"unchecked":0,"uncheckedKeysByFile":[],"unmatched":0,"updated":0,"didUpdate":false},"startTime":1790018296450,"success":false,"testResults":[{"assertionResults":[{"ancestorTitles":["actual offline CLI in disposable repository fixtures"],"fullName":"actual offline CLI in disposable repository fixtures validates a candidate without creating an approval or replacing an existing approval report","status":"passed","title":"validates a candidate without creating an approval or replacing an existing approval report","duration":494.67157900000007,"failureMessages":[],"meta":{},"tags":[]},{"ancestorTitles":["actual offline CLI in disposable repository fixtures"],"fullName":"actual offline CLI in disposable repository fixtures rejects an incorrect visual-review hash before creating any approval","status":"passed","title":"rejects an incorrect visual-review hash before creating any approval","duration":1050.7220530000002,"failureMessages":[],"meta":{},"tags":[]},{"ancestorTitles":["actual offline CLI in disposable repository fixtures"],"fullName":"actual offline CLI in disposable repository fixtures creates review sheets but explicitly refuses source-comparison approval","status":"passed","title":"creates review sheets but explicitly refuses source-comparison approval","duration":1203.7134539999997,"failureMessages":[],"meta":{},"tags":[]},{"ancestorTitles":["actual offline CLI in disposable repository fixtures"],"fullName":"actual offline CLI in disposable repository fixtures rebuilds a retained approval atlas without any cache or external art tools","status":"passed","title":"rebuilds a retained approval atlas without any cache or external art tools","duration":1594.126154,"failureMessages":[],"meta":{},"tags":[]},{"ancestorTitles":["published artwork and retained clean-checkout inputs"],"fullName":"published artwork and retained clean-checkout inputs retains reviewed frames, evidence and original sources with fresh exact reports","status":"passed","title":"retains reviewed frames, evidence and original sources with fresh exact reports","duration":16471.163146,"failureMessages":[],"meta":{},"tags":[]},{"ancestorTitles":["published artwork and retained clean-checkout inputs"],"fullName":"published artwork and retained clean-checkout inputs preserves real editable/source exports, timings and their processing hashes","status":"passed","title":"preserves real editable/source exports, timings and their processing hashes","duration":890.3788110000023,"failureMessages":[],"meta":{},"tags":[]},{"ancestorTitles":["published artwork and retained clean-checkout inputs"],"fullName":"published artwork and retained clean-checkout inputs rebuilds the published PNG/catalog and cross-checks browser copies and every frame pixel","status":"passed","title":"rebuilds the published PNG/catalog and cross-checks browser copies and every frame pixel","duration":1468.767452,"failureMessages":[],"meta":{},"tags":[]},{"ancestorTitles":["published artwork and retained clean-checkout inputs"],"fullName":"published artwork and retained clean-checkout inputs keeps the complete published source/evidence closure outside Git ignore rules","status":"passed","title":"keeps the complete published source/evidence closure outside Git ignore rules","duration":1352.0738739999979,"failureMessages":[],"meta":{},"tags":[]}],"startTime":1790018297144,"endTime":1790018323125.074,"status":"passed","message":"","name":"/home/telephoneheater/Work/Theandril/tests/art-factory.test.ts"},{"assertionResults":[{"ancestorTitles":[],"fullName":"generated-start short AI victory produces complete factual logs identical after archive save/resume","status":"passed","title":"generated-start short AI victory produces complete factual logs identical after archive save/resume","duration":2874.5197500000004,"failureMessages":[],"meta":{},"tags":[]},{"ancestorTitles":[],"fullName":"generated-start epic AI victory produces complete factual logs identical after archive save/resume","status":"failed","title":"generated-start epic AI victory produces complete factual logs identical after archive save/resume","duration":64779.230671,"failureMessages":["Error: STACK_TRACE_ERROR\n    at task (file:///home/telephoneheater/Work/Theandril/node_modules/.pnpm/@vitest+runner@4.1.11/node_modules/@vitest/runner/dist/chunk-artifact.js:1784:27)\n    at Object.<anonymous> (file:///home/telephoneheater/Work/Theandril/node_modules/.pnpm/@vitest+runner@4.1.11/node_modules/@vitest/runner/dist/chunk-artifact.js:1817:16)\n    at Object.<anonymous> (file:///home/telephoneheater/Work/Theandril/node_modules/.pnpm/@vitest+runner@4.1.11/node_modules/@vitest/runner/dist/chunk-artifact.js:1563:28)\n    at Object.chain (file:///home/telephoneheater/Work/Theandril/node_modules/.pnpm/@vitest+runner@4.1.11/node_modules/@vitest/runner/dist/chunk-artifact.js:599:14)\n    at file:///home/telephoneheater/Work/Theandril/node_modules/.pnpm/@vitest+runner@4.1.11/node_modules/@vitest/runner/dist/chunk-artifact.js:2027:7\n    at Array.forEach (<anonymous>)\n    at file:///home/telephoneheater/Work/Theandril/node_modules/.pnpm/@vitest+runner@4.1.11/node_modules/@vitest/runner/dist/chunk-artifact.js:2021:10\n    at /home/telephoneheater/Work/Theandril/tests/headless/chronicle-victory.test.ts:11:37\n    at processTicksAndRejections (node:internal/process/task_queues:103:5)\n    at VitestModuleEvaluator._runInlinedModule (file:///home/telephoneheater/Work/Theandril/node_modules/.pnpm/vitest@4.1.11_@types+node@24.13.3_vite@7.3.6_@types+node@24.13.3_tsx@4.23.13_/node_modules/vitest/dist/module-evaluator.js:206:4)"],"meta":{},"tags":[]}],"startTime":1790018297866,"endTime":1790018365521.2307,"status":"failed","message":"","name":"/home/telephoneheater/Work/Theandril/tests/headless/chronicle-victory.test.ts"},{"assertionResults":[{"ancestorTitles":[],"fullName":"runs 100 AI-led frontier turns through conquest and peace with projects deferred and exact midpoint continuation","status":"passed","title":"runs 100 AI-led frontier turns through conquest and peace with projects deferred and exact midpoint continuation","duration":4643.273743,"failureMessages":[],"meta":{},"tags":[]}],"startTime":1790018301506,"endTime":1790018306149.2737,"status":"passed","message":"","name":"/home/telephoneheater/Work/Theandril/tests/headless/conquest-soak.test.ts"},{"assertionResults":[{"ancestorTitles":[],"fullName":"generated seed 17 preserves real queued travel and all route events through archive save/replay","status":"passed","title":"generated seed 17 preserves real queued travel and all route events through archive save/replay","duration":297.486232,"failureMessages":[],"meta":{},"tags":[]},{"ancestorTitles":[],"fullName":"generated seed 42 preserves real queued travel and all route events through archive save/replay","status":"passed","title":"generated seed 42 preserves real queued travel and all route events through archive save/replay","duration":112.755852,"failureMessages":[],"meta":{},"tags":[]},{"ancestorTitles":[],"fullName":"generated seed 74 preserves real queued travel and all route events through archive save/replay","status":"passed","title":"generated seed 74 preserves real queued travel and all route events through archive save/replay","duration":142.51828,"failureMessages":[],"meta":{},"tags":[]},{"ancestorTitles":[],"fullName":"generated seed 99 preserves real queued travel and all route events through archive save/replay","status":"passed","title":"generated seed 99 preserves real queued travel and all route events through archive save/replay","duration":162.6909790000002,"failureMessages":[],"meta":{},"tags":[]},{"ancestorTitles":[],"fullName":"generated seed 20260905 preserves real queued travel and all route events through archive save/replay","status":"passed","title":"generated seed 20260905 preserves real queued travel and all route events through archive save/replay","duration":116.94301500000006,"failureMessages":[],"meta":{},"tags":[]}],"startTime":1790018311058,"endTime":1790018311891.943,"status":"passed","message":"","name":"/home/telephoneheater/Work/Theandril/tests/headless/travel-archive.test.ts"},{"assertionResults":[{"ancestorTitles":["lint boundaries for frozen review evidence"],"fullName":"lint boundaries for frozen review evidence does not reinterpret the byte-preserved reviewer snapshot as live source","status":"passed","title":"does not reinterpret the byte-preserved reviewer snapshot as live source","duration":1321.6569749999999,"failureMessages":[],"meta":{},"tags":[]},{"ancestorTitles":["lint boundaries for frozen review evidence"],"fullName":"lint boundaries for frozen review evidence still enforces explicit typing in production source and maintained tests","status":"passed","title":"still enforces explicit typing in production source and maintained tests","duration":265.81052999999997,"failureMessages":[],"meta":{},"tags":[]}],"startTime":1790018309013,"endTime":1790018310600.8105,"status":"passed","message":"","name":"/home/telephoneheater/Work/Theandril/tests/tooling/lint-boundaries.test.ts"},{"assertionResults":[{"ancestorTitles":[],"fullName":"verification workflows retain immutable evidence revisions beyond a shallow checkout","status":"passed","title":"verification workflows retain immutable evidence revisions beyond a shallow checkout","duration":1.8229849999999885,"failureMessages":[],"meta":{},"tags":[]},{"ancestorTitles":[],"fullName":"the actual Pages suite collects journal journeys alongside game and navigation smoke","status":"passed","title":"the actual Pages suite collects journal journeys alongside game and navigation smoke","duration":2611.198963,"failureMessages":[],"meta":{},"tags":[]}],"startTime":1790018306313,"endTime":1790018308925.199,"status":"passed","message":"","name":"/home/telephoneheater/Work/Theandril/tests/tooling/pages-journal.test.ts"},{"assertionResults":[{"ancestorTitles":[],"fullName":"builds the game and every public site page as independent HTML entrypoints","status":"passed","title":"builds the game and every public site page as independent HTML entrypoints","duration":2.1278179999999907,"failureMessages":[],"meta":{},"tags":[]},{"ancestorTitles":[],"fullName":"Pages checks the journal contract before uploading the public artifact","status":"passed","title":"Pages checks the journal contract before uploading the public artifact","duration":0.9956530000000043,"failureMessages":[],"meta":{},"tags":[]},{"ancestorTitles":[],"fullName":"Pages regenerates the master change feed from full history right before building","status":"passed","title":"Pages regenerates the master change feed from full history right before building","duration":0.35292399999997315,"failureMessages":[],"meta":{},"tags":[]}],"startTime":1790018316497,"endTime":1790018316500.353,"status":"passed","message":"","name":"/home/telephoneheater/Work/Theandril/tests/tooling/updates-build.test.ts"},{"assertionResults":[{"ancestorTitles":["deployment-relative public artwork URLs"],"fullName":"deployment-relative public artwork URLs uses the / mount without changing the asset path","status":"passed","title":"uses the / mount without changing the asset path","duration":2.670812000000012,"failureMessages":[],"meta":{},"tags":[]},{"ancestorTitles":["deployment-relative public artwork URLs"],"fullName":"deployment-relative public artwork URLs uses the /Theandril/ mount without changing the asset path","status":"passed","title":"uses the /Theandril/ mount without changing the asset path","duration":0.5613810000000115,"failureMessages":[],"meta":{},"tags":[]},{"ancestorTitles":["deployment-relative public artwork URLs"],"fullName":"deployment-relative public artwork URLs uses the /nested/Theandril/ mount without changing the asset path","status":"passed","title":"uses the /nested/Theandril/ mount without changing the asset path","duration":0.4313669999999945,"failureMessages":[],"meta":{},"tags":[]},{"ancestorTitles":["deployment-relative public artwork URLs"],"fullName":"deployment-relative public artwork URLs reads Vite BASE_URL by default and accepts a missing trailing slash","status":"passed","title":"reads Vite BASE_URL by default and accepts a missing trailing slash","duration":0.45288700000000404,"failureMessages":[],"meta":{},"tags":[]},{"ancestorTitles":["deployment-relative public artwork URLs"],"fullName":"deployment-relative public artwork URLs does not rewrite explicitly resolved URLs or browser blob references","status":"passed","title":"does not rewrite explicitly resolved URLs or browser blob references","duration":0.36872999999999934,"failureMessages":[],"meta":{},"tags":[]}],"startTime":1790018316347,"endTime":1790018316352.3687,"status":"passed","message":"","name":"/home/telephoneheater/Work/Theandril/apps/web/src/asset-url.test.ts"},{"assertionResults":[{"ancestorTitles":["canonical defending-contingent presentation"],"fullName":"canonical defending-contingent presentation shows the canonical defending contingent and reserves beside an existing siege assault control","status":"passed","title":"shows the canonical defending contingent and reserves beside an existing siege assault control","duration":112.27252899999996,"failureMessages":[],"meta":{},"tags":[]},{"ancestorTitles":["canonical defending-contingent presentation"],"fullName":"canonical defending-contingent presentation shows exact committed and reserve values beside attack controls without claiming all defenders will fight","status":"passed","title":"shows exact committed and reserve values beside attack controls without claiming all defenders will fight","duration":16.82213200000001,"failureMessages":[],"meta":{},"tags":[]}],"startTime":1790018315781,"endTime":1790018315909.822,"status":"passed","message":"","name":"/home/telephoneheater/Work/Theandril/apps/web/src/battle-defense.test.tsx"},{"assertionResults":[{"ancestorTitles":["explicit visible battle watch"],"fullName":"explicit visible battle watch never schedules behind setup/modal review, after a battle, or before the prior action settles","status":"passed","title":"never schedules behind setup/modal review, after a battle, or before the prior action settles","duration":1.6370780000000025,"failureMessages":[],"meta":{},"tags":[]},{"ancestorTitles":["explicit visible battle watch"],"fullName":"explicit visible battle watch leaves visible targets alone and reveals offscreen targets immediately","status":"passed","title":"leaves visible targets alone and reveals offscreen targets immediately","duration":0.41065100000000143,"failureMessages":[],"meta":{},"tags":[]}],"startTime":1790018316395,"endTime":1790018316397.4106,"status":"passed","message":"","name":"/home/telephoneheater/Work/Theandril/apps/web/src/battle-playback.test.ts"},{"assertionResults":[{"ancestorTitles":["transient seat-participant battle transfer boundary"],"fullName":"transient seat-participant battle transfer boundary requires both actual participant identity and an allowed observed battle/report","status":"passed","title":"requires both actual participant identity and an allowed observed battle/report","duration":68.79983600000003,"failureMessages":[],"meta":{},"tags":[]},{"ancestorTitles":["transient seat-participant battle transfer boundary"],"fullName":"transient seat-participant battle transfer boundary retains at most one packet, clears at reset and uses transient monotonic revisions","status":"passed","title":"retains at most one packet, clears at reset and uses transient monotonic revisions","duration":24.840383000000088,"failureMessages":[],"meta":{},"tags":[]}],"startTime":1790018315639,"endTime":1790018315732.8403,"status":"passed","message":"","name":"/home/telephoneheater/Work/Theandril/apps/web/src/battle-transfer.test.ts"},{"assertionResults":[{"ancestorTitles":["authoritative battlefield controls"],"fullName":"authoritative battlefield controls starts at a decision, exposes real automatic policies and preserves accessible formation tables","status":"passed","title":"starts at a decision, exposes real automatic policies and preserves accessible formation tables","duration":70.82397399999991,"failureMessages":[],"meta":{},"tags":[]},{"ancestorTitles":["authoritative battlefield controls"],"fullName":"authoritative battlefield controls labels national Arcane Theory separately from personal aptitude and uses real blockers","status":"passed","title":"labels national Arcane Theory separately from personal aptitude and uses real blockers","duration":23.97490199999993,"failureMessages":[],"meta":{},"tags":[]},{"ancestorTitles":["authoritative battlefield controls"],"fullName":"authoritative battlefield controls describes typed actual deltas, never inferring attacks from legacy prose","status":"passed","title":"describes typed actual deltas, never inferring attacks from legacy prose","duration":17.928610000000162,"failureMessages":[],"meta":{},"tags":[]}],"startTime":1790018316482,"endTime":1790018316594.9287,"status":"passed","message":"","name":"/home/telephoneheater/Work/Theandril/apps/web/src/battle-ui.test.tsx"},{"assertionResults":[{"ancestorTitles":["campaign presentation replacement identity"],"fullName":"campaign presentation replacement identity gives overview and battlefield distinct identities while resetting both on every campaign epoch","status":"passed","title":"gives overview and battlefield distinct identities while resetting both on every campaign epoch","duration":68.88351999999998,"failureMessages":[],"meta":{},"tags":[]}],"startTime":1790018316096,"endTime":1790018316164.8835,"status":"passed","message":"","name":"/home/telephoneheater/Work/Theandril/apps/web/src/campaign-lifecycle.test.ts"},{"assertionResults":[{"ancestorTitles":["new campaign seed selection"],"fullName":"new campaign seed selection draws fresh browser entropy for each blank launch, including zero","status":"passed","title":"draws fresh browser entropy for each blank launch, including zero","duration":3.743742999999995,"failureMessages":[],"meta":{},"tags":[]},{"ancestorTitles":["new campaign seed selection"],"fullName":"new campaign seed selection redraws a random seed that would recreate the current world","status":"passed","title":"redraws a random seed that would recreate the current world","duration":0.36617100000000846,"failureMessages":[],"meta":{},"tags":[]},{"ancestorTitles":["new campaign seed selection"],"fullName":"new campaign seed selection retains explicit seed 0, even when repeating a world","status":"passed","title":"retains explicit seed 0, even when repeating a world","duration":0.30222499999999286,"failureMessages":[],"meta":{},"tags":[]},{"ancestorTitles":["new campaign seed selection"],"fullName":"new campaign seed selection retains explicit seed 17, even when repeating a world","status":"passed","title":"retains explicit seed 17, even when repeating a world","duration":0.18790599999999813,"failureMessages":[],"meta":{},"tags":[]},{"ancestorTitles":["new campaign seed selection"],"fullName":"new campaign seed selection retains explicit seed 20260905, even when repeating a world","status":"passed","title":"retains explicit seed 20260905, even when repeating a world","duration":0.15455299999999284,"failureMessages":[],"meta":{},"tags":[]},{"ancestorTitles":["new campaign seed selection"],"fullName":"new campaign seed selection retains explicit seed 4294967295, even when repeating a world","status":"passed","title":"retains explicit seed 4294967295, even when repeating a world","duration":0.2001950000000079,"failureMessages":[],"meta":{},"tags":[]},{"ancestorTitles":["new campaign seed selection"],"fullName":"new campaign seed selection retains explicit seed  17 , even when repeating a world","status":"passed","title":"retains explicit seed  17 , even when repeating a world","duration":0.17774700000001076,"failureMessages":[],"meta":{},"tags":[]},{"ancestorTitles":["new campaign seed selection"],"fullName":"new campaign seed selection rejects invalid explicit seed -1 without drawing randomness","status":"passed","title":"rejects invalid explicit seed -1 without drawing randomness","duration":2.0756629999999916,"failureMessages":[],"meta":{},"tags":[]},{"ancestorTitles":["new campaign seed selection"],"fullName":"new campaign seed selection rejects invalid explicit seed 0.5 without drawing randomness","status":"passed","title":"rejects invalid explicit seed 0.5 without drawing randomness","duration":0.5262400000000014,"failureMessages":[],"meta":{},"tags":[]},{"ancestorTitles":["new campaign seed selection"],"fullName":"new campaign seed selection rejects invalid explicit seed 4294967296 without drawing randomness","status":"passed","title":"rejects invalid explicit seed 4294967296 without drawing randomness","duration":0.24490300000002208,"failureMessages":[],"meta":{},"tags":[]},{"ancestorTitles":["new campaign seed selection"],"fullName":"new campaign seed selection rejects invalid explicit seed 9007199254740992 without drawing randomness","status":"passed","title":"rejects invalid explicit seed 9007199254740992 without drawing randomness","duration":0.32910000000001105,"failureMessages":[],"meta":{},"tags":[]},{"ancestorTitles":["new campaign seed selection"],"fullName":"new campaign seed selection rejects invalid explicit seed NaN without drawing randomness","status":"passed","title":"rejects invalid explicit seed NaN without drawing randomness","duration":0.15645399999999654,"failureMessages":[],"meta":{},"tags":[]},{"ancestorTitles":["new campaign seed selection"],"fullName":"new campaign seed selection rejects invalid explicit seed Infinity without drawing randomness","status":"passed","title":"rejects invalid explicit seed Infinity without drawing randomness","duration":0.09979299999997693,"failureMessages":[],"meta":{},"tags":[]},{"ancestorTitles":["new campaign seed selection"],"fullName":"new campaign seed selection rejects invalid explicit seed a new world without drawing randomness","status":"passed","title":"rejects invalid explicit seed a new world without drawing randomness","duration":0.10002599999998552,"failureMessages":[],"meta":{},"tags":[]}],"startTime":1790018316200,"endTime":1790018316210.1,"status":"passed","message":"","name":"/home/telephoneheater/Work/Theandril/apps/web/src/campaign-seed.test.ts"},{"assertionResults":[{"ancestorTitles":[],"fullName":"keeps real orders inside a named native window with an independent close control","status":"passed","title":"keeps real orders inside a named native window with an independent close control","duration":9.52438699999999,"failureMessages":[],"meta":{},"tags":[]},{"ancestorTitles":[],"fullName":"uses decorative original line icons and leaves button names to live text","status":"passed","title":"uses decorative original line icons and leaves button names to live text","duration":1.2618610000000103,"failureMessages":[],"meta":{},"tags":[]}],"startTime":1790018316237,"endTime":1790018316247.262,"status":"passed","message":"","name":"/home/telephoneheater/Work/Theandril/apps/web/src/campaign-window.test.tsx"},{"assertionResults":[{"ancestorTitles":["packed observed-cell transport"],"fullName":"packed observed-cell transport carries only observed resource deposits in one v3 byte per row with absent and undefined preserved","status":"passed","title":"carries only observed resource deposits in one v3 byte per row with absent and undefined preserved","duration":5.294020000000046,"failureMessages":[],"meta":{},"tags":[]},{"ancestorTitles":["packed observed-cell transport"],"fullName":"packed observed-cell transport preserves v1 packets and roundtrips optional v2 hydrology/roads with absent, undefined and zero distinct","status":"passed","title":"preserves v1 packets and roundtrips optional v2 hydrology/roads with absent, undefined and zero distinct","duration":0.8017169999999396,"failureMessages":[],"meta":{},"tags":[]},{"ancestorTitles":["packed observed-cell transport"],"fullName":"packed observed-cell transport rejects malformed geography masks and presence bits before interpreting v2 cells","status":"passed","title":"rejects malformed geography masks and presence bits before interpreting v2 cells","duration":2.2677889999999934,"failureMessages":[],"meta":{},"tags":[]},{"ancestorTitles":["packed observed-cell transport"],"fullName":"packed observed-cell transport roundtrips an empty message with three independent transferable buffers","status":"passed","title":"roundtrips an empty message with three independent transferable buffers","duration":0.44057200000008834,"failureMessages":[],"meta":{},"tags":[]},{"ancestorTitles":["packed observed-cell transport"],"fullName":"packed observed-cell transport uses nine binary bytes per plain row, preserving shuffled order and scalar extremes","status":"passed","title":"uses nine binary bytes per plain row, preserving shuffled order and scalar extremes","duration":0.9442080000000033,"failureMessages":[],"meta":{},"tags":[]},{"ancestorTitles":["packed observed-cell transport"],"fullName":"packed observed-cell transport preserves every optional-field combination, including absent, null, undefined and zero","status":"passed","title":"preserves every optional-field combination, including absent, null, undefined and zero","duration":6.5091540000000805,"failureMessages":[],"meta":{},"tags":[]},{"ancestorTitles":["packed observed-cell transport"],"fullName":"packed observed-cell transport uses first-occurrence dictionary order without sorting cells or duplicating strings","status":"passed","title":"uses first-occurrence dictionary order without sorting cells or duplicating strings","duration":2.5164929999999686,"failureMessages":[],"meta":{},"tags":[]},{"ancestorTitles":["packed observed-cell transport"],"fullName":"packed observed-cell transport counts actual binary plus UTF-8 metadata/dictionary bytes, not typed-array JSON","status":"passed","title":"counts actual binary plus UTF-8 metadata/dictionary bytes, not typed-array JSON","duration":0.422820999999999,"failureMessages":[],"meta":{},"tags":[]},{"ancestorTitles":["packed observed-cell transport"],"fullName":"packed observed-cell transport detaches only new packet storage, leaving observations and canonical world buffers intact","status":"passed","title":"detaches only new packet storage, leaving observations and canonical world buffers intact","duration":67.11165099999994,"failureMessages":[],"meta":{},"tags":[]},{"ancestorTitles":["packed observed-cell transport"],"fullName":"packed observed-cell transport does not invent currently hidden changes, rows, ownership or feature values","status":"passed","title":"does not invent currently hidden changes, rows, ownership or feature values","duration":0.378688000000011,"failureMessages":[],"meta":{},"tags":[]},{"ancestorTitles":["packed observed-cell transport"],"fullName":"packed observed-cell transport leaves frozen inputs untouched and returns detached decoded snapshots","status":"passed","title":"leaves frozen inputs untouched and returns detached decoded snapshots","duration":0.29633400000000165,"failureMessages":[],"meta":{},"tags":[]},{"ancestorTitles":["packed observed-cell transport"],"fullName":"packed observed-cell transport rejects invalid input before lossy typed-array coercion: {\"cell\":-1}","status":"passed","title":"rejects invalid input before lossy typed-array coercion: {\"cell\":-1}","duration":0.1608449999999948,"failureMessages":[],"meta":{},"tags":[]},{"ancestorTitles":["packed observed-cell transport"],"fullName":"packed observed-cell transport rejects invalid input before lossy typed-array coercion: {\"cell\":350000}","status":"passed","title":"rejects invalid input before lossy typed-array coercion: {\"cell\":350000}","duration":0.0671429999999873,"failureMessages":[],"meta":{},"tags":[]},{"ancestorTitles":["packed observed-cell transport"],"fullName":"packed observed-cell transport rejects invalid input before lossy typed-array coercion: {\"cell\":1.1}","status":"passed","title":"rejects invalid input before lossy typed-array coercion: {\"cell\":1.1}","duration":0.05875400000002173,"failureMessages":[],"meta":{},"tags":[]},{"ancestorTitles":["packed observed-cell transport"],"fullName":"packed observed-cell transport rejects invalid input before lossy typed-array coercion: {\"cell\":0}","status":"passed","title":"rejects invalid input before lossy typed-array coercion: {\"cell\":0}","duration":1.6333720000000085,"failureMessages":[],"meta":{},"tags":[]},{"ancestorTitles":["packed observed-cell transport"],"fullName":"packed observed-cell transport rejects invalid input before lossy typed-array coercion: {\"terrain\":5}","status":"passed","title":"rejects invalid input before lossy typed-array coercion: {\"terrain\":5}","duration":0.25260500000001684,"failureMessages":[],"meta":{},"tags":[]},{"ancestorTitles":["packed observed-cell transport"],"fullName":"packed observed-cell transport rejects invalid input before lossy typed-array coercion: {\"biome\":12}","status":"passed","title":"rejects invalid input before lossy typed-array coercion: {\"biome\":12}","duration":0.14763300000004165,"failureMessages":[],"meta":{},"tags":[]},{"ancestorTitles":["packed observed-cell transport"],"fullName":"packed observed-cell transport rejects invalid input before lossy typed-array coercion: {\"waterDepth\":3}","status":"passed","title":"rejects invalid input before lossy typed-array coercion: {\"waterDepth\":3}","duration":0.12404900000001362,"failureMessages":[],"meta":{},"tags":[]},{"ancestorTitles":["packed observed-cell transport"],"fullName":"packed observed-cell transport rejects invalid input before lossy typed-array coercion: {\"fertility\":256}","status":"passed","title":"rejects invalid input before lossy typed-array coercion: {\"fertility\":256}","duration":0.12195899999994708,"failureMessages":[],"meta":{},"tags":[]},{"ancestorTitles":["packed observed-cell transport"],"fullName":"packed observed-cell transport rejects invalid input before lossy typed-array coercion: {\"fertility\":null}","status":"passed","title":"rejects invalid input before lossy typed-array coercion: {\"fertility\":null}","duration":0.14575300000001334,"failureMessages":[],"meta":{},"tags":[]},{"ancestorTitles":["packed observed-cell transport"],"fullName":"packed observed-cell transport rejects invalid input before lossy typed-array coercion: {\"fertility\":null}","status":"passed","title":"rejects invalid input before lossy typed-array coercion: {\"fertility\":null}","duration":0.14821700000004512,"failureMessages":[],"meta":{},"tags":[]},{"ancestorTitles":["packed observed-cell transport"],"fullName":"packed observed-cell transport rejects invalid input before lossy typed-array coercion: {\"visible\":1}","status":"passed","title":"rejects invalid input before lossy typed-array coercion: {\"visible\":1}","duration":0.14205100000003767,"failureMessages":[],"meta":{},"tags":[]},{"ancestorTitles":["packed observed-cell transport"],"fullName":"packed observed-cell transport rejects invalid input before lossy typed-array coercion: {\"featureMask\":-1}","status":"passed","title":"rejects invalid input before lossy typed-array coercion: {\"featureMask\":-1}","duration":0.13499799999999595,"failureMessages":[],"meta":{},"tags":[]},{"ancestorTitles":["packed observed-cell transport"],"fullName":"packed observed-cell transport rejects invalid input before lossy typed-array coercion: {\"featureMask\":4294967296}","status":"passed","title":"rejects invalid input before lossy typed-array coercion: {\"featureMask\":4294967296}","duration":0.14741799999990235,"failureMessages":[],"meta":{},"tags":[]},{"ancestorTitles":["packed observed-cell transport"],"fullName":"packed observed-cell transport rejects invalid input before lossy typed-array coercion: {\"featureMask\":null}","status":"passed","title":"rejects invalid input before lossy typed-array coercion: {\"featureMask\":null}","duration":0.12834399999997004,"failureMessages":[],"meta":{},"tags":[]},{"ancestorTitles":["packed observed-cell transport"],"fullName":"packed observed-cell transport rejects invalid input before lossy typed-array coercion: {\"settlementId\":2}","status":"passed","title":"rejects invalid input before lossy typed-array coercion: {\"settlementId\":2}","duration":0.1486530000000812,"failureMessages":[],"meta":{},"tags":[]},{"ancestorTitles":["packed observed-cell transport"],"fullName":"packed observed-cell transport rejects invalid input before lossy typed-array coercion: {\"factionId\":\"\"}","status":"passed","title":"rejects invalid input before lossy typed-array coercion: {\"factionId\":\"\"}","duration":0.1370399999999563,"failureMessages":[],"meta":{},"tags":[]},{"ancestorTitles":["packed observed-cell transport"],"fullName":"packed observed-cell transport rejects invalid input before lossy typed-array coercion: {\"improvementId\":\"xxxxxxxxxxxxxxxxxxxxxxxxxxxxxxxxxxxxxxxxxxxxxxxxxxxxxxxxxxxxxxxxxxxxxxxxxxxxxxxxxxxxxxxxxxxxxxxxxxxxx\"}","status":"passed","title":"rejects invalid input before lossy typed-array coercion: {\"improvementId\":\"xxxxxxxxxxxxxxxxxxxxxxxxxxxxxxxxxxxxxxxxxxxxxxxxxxxxxxxxxxxxxxxxxxxxxxxxxxxxxxxxxxxxxxxxxxxxxxxxxxxxx\"}","duration":0.14221599999996215,"failureMessages":[],"meta":{},"tags":[]},{"ancestorTitles":["packed observed-cell transport"],"fullName":"packed observed-cell transport rejects invalid input before lossy typed-array coercion: {\"secret\":1}","status":"passed","title":"rejects invalid input before lossy typed-array coercion: {\"secret\":1}","duration":0.13186900000005153,"failureMessages":[],"meta":{},"tags":[]},{"ancestorTitles":["packed observed-cell transport"],"fullName":"packed observed-cell transport rejects sparse input arrays and arrays exceeding the supported world bound","status":"passed","title":"rejects sparse input arrays and arrays exceeding the supported world bound","duration":2.230998999999997,"failureMessages":[],"meta":{},"tags":[]},{"ancestorTitles":["packed observed-cell transport"],"fullName":"packed observed-cell transport rejects malformed packet shape","status":"passed","title":"rejects malformed packet shape","duration":0.4229209999999739,"failureMessages":[],"meta":{},"tags":[]},{"ancestorTitles":["packed observed-cell transport"],"fullName":"packed observed-cell transport rejects malformed packet shape","status":"passed","title":"rejects malformed packet shape","duration":0.17313799999999446,"failureMessages":[],"meta":{},"tags":[]},{"ancestorTitles":["packed observed-cell transport"],"fullName":"packed observed-cell transport rejects malformed packet shape","status":"passed","title":"rejects malformed packet shape","duration":0.1450240000000349,"failureMessages":[],"meta":{},"tags":[]},{"ancestorTitles":["packed observed-cell transport"],"fullName":"packed observed-cell transport rejects malformed packet shape","status":"passed","title":"rejects malformed packet shape","duration":0.17275999999992564,"failureMessages":[],"meta":{},"tags":[]},{"ancestorTitles":["packed observed-cell transport"],"fullName":"packed observed-cell transport rejects malformed packet shape","status":"passed","title":"rejects malformed packet shape","duration":0.1532350000001088,"failureMessages":[],"meta":{},"tags":[]},{"ancestorTitles":["packed observed-cell transport"],"fullName":"packed observed-cell transport rejects malformed packet shape","status":"passed","title":"rejects malformed packet shape","duration":0.14956000000006497,"failureMessages":[],"meta":{},"tags":[]},{"ancestorTitles":["packed observed-cell transport"],"fullName":"packed observed-cell transport rejects malformed packet shape","status":"passed","title":"rejects malformed packet shape","duration":0.14979400000004262,"failureMessages":[],"meta":{},"tags":[]},{"ancestorTitles":["packed observed-cell transport"],"fullName":"packed observed-cell transport rejects malformed packet shape","status":"passed","title":"rejects malformed packet shape","duration":0.16842300000007526,"failureMessages":[],"meta":{},"tags":[]},{"ancestorTitles":["packed observed-cell transport"],"fullName":"packed observed-cell transport rejects malformed packet shape","status":"passed","title":"rejects malformed packet shape","duration":0.17579299999999876,"failureMessages":[],"meta":{},"tags":[]},{"ancestorTitles":["packed observed-cell transport"],"fullName":"packed observed-cell transport rejects malformed packet shape","status":"passed","title":"rejects malformed packet shape","duration":0.22919100000001436,"failureMessages":[],"meta":{},"tags":[]},{"ancestorTitles":["packed observed-cell transport"],"fullName":"packed observed-cell transport rejects invalid rows/flags/metadata/indexes before decoding","status":"passed","title":"rejects invalid rows/flags/metadata/indexes before decoding","duration":0.2042950000000019,"failureMessages":[],"meta":{},"tags":[]},{"ancestorTitles":["packed observed-cell transport"],"fullName":"packed observed-cell transport rejects invalid rows/flags/metadata/indexes before decoding","status":"passed","title":"rejects invalid rows/flags/metadata/indexes before decoding","duration":0.1398550000000114,"failureMessages":[],"meta":{},"tags":[]},{"ancestorTitles":["packed observed-cell transport"],"fullName":"packed observed-cell transport rejects invalid rows/flags/metadata/indexes before decoding","status":"passed","title":"rejects invalid rows/flags/metadata/indexes before decoding","duration":0.14071899999999005,"failureMessages":[],"meta":{},"tags":[]},{"ancestorTitles":["packed observed-cell transport"],"fullName":"packed observed-cell transport rejects invalid rows/flags/metadata/indexes before decoding","status":"passed","title":"rejects invalid rows/flags/metadata/indexes before decoding","duration":0.1411759999999731,"failureMessages":[],"meta":{},"tags":[]},{"ancestorTitles":["packed observed-cell transport"],"fullName":"packed observed-cell transport rejects invalid rows/flags/metadata/indexes before decoding","status":"passed","title":"rejects invalid rows/flags/metadata/indexes before decoding","duration":0.14678700000001754,"failureMessages":[],"meta":{},"tags":[]},{"ancestorTitles":["packed observed-cell transport"],"fullName":"packed observed-cell transport rejects invalid rows/flags/metadata/indexes before decoding","status":"passed","title":"rejects invalid rows/flags/metadata/indexes before decoding","duration":0.14548999999999523,"failureMessages":[],"meta":{},"tags":[]},{"ancestorTitles":["packed observed-cell transport"],"fullName":"packed observed-cell transport rejects invalid rows/flags/metadata/indexes before decoding","status":"passed","title":"rejects invalid rows/flags/metadata/indexes before decoding","duration":0.14145299999995586,"failureMessages":[],"meta":{},"tags":[]},{"ancestorTitles":["packed observed-cell transport"],"fullName":"packed observed-cell transport rejects invalid rows/flags/metadata/indexes before decoding","status":"passed","title":"rejects invalid rows/flags/metadata/indexes before decoding","duration":0.2568939999999884,"failureMessages":[],"meta":{},"tags":[]},{"ancestorTitles":["packed observed-cell transport"],"fullName":"packed observed-cell transport rejects invalid rows/flags/metadata/indexes before decoding","status":"passed","title":"rejects invalid rows/flags/metadata/indexes before decoding","duration":0.1772600000000466,"failureMessages":[],"meta":{},"tags":[]},{"ancestorTitles":["packed observed-cell transport"],"fullName":"packed observed-cell transport rejects invalid rows/flags/metadata/indexes before decoding","status":"passed","title":"rejects invalid rows/flags/metadata/indexes before decoding","duration":0.14948800000001938,"failureMessages":[],"meta":{},"tags":[]},{"ancestorTitles":["packed observed-cell transport"],"fullName":"packed observed-cell transport rejects invalid rows/flags/metadata/indexes before decoding","status":"passed","title":"rejects invalid rows/flags/metadata/indexes before decoding","duration":0.1488610000000108,"failureMessages":[],"meta":{},"tags":[]},{"ancestorTitles":["packed observed-cell transport"],"fullName":"packed observed-cell transport rejects invalid rows/flags/metadata/indexes before decoding","status":"passed","title":"rejects invalid rows/flags/metadata/indexes before decoding","duration":0.1399979999999914,"failureMessages":[],"meta":{},"tags":[]},{"ancestorTitles":["packed observed-cell transport"],"fullName":"packed observed-cell transport rejects invalid rows/flags/metadata/indexes before decoding","status":"passed","title":"rejects invalid rows/flags/metadata/indexes before decoding","duration":0.1451240000000098,"failureMessages":[],"meta":{},"tags":[]},{"ancestorTitles":["packed observed-cell transport"],"fullName":"packed observed-cell transport rejects shared, aliased and offset backing buffers instead of transferring unrelated bytes","status":"passed","title":"rejects shared, aliased and offset backing buffers instead of transferring unrelated bytes","duration":0.3835639999999785,"failureMessages":[],"meta":{},"tags":[]},{"ancestorTitles":["packed observed-cell transport"],"fullName":"packed observed-cell transport rejects sparse dictionary holes instead of silently decoding a string reference as undefined","status":"passed","title":"rejects sparse dictionary holes instead of silently decoding a string reference as undefined","duration":0.3388879999999972,"failureMessages":[],"meta":{},"tags":[]},{"ancestorTitles":["packed observed-cell transport"],"fullName":"packed observed-cell transport property-roundtrips bounded shuffled, mixed-metadata payloads deterministically","status":"passed","title":"property-roundtrips bounded shuffled, mixed-metadata payloads deterministically","duration":34.56955700000003,"failureMessages":[],"meta":{},"tags":[]}],"startTime":1790018315520,"endTime":1790018315652.5696,"status":"passed","message":"","name":"/home/telephoneheater/Work/Theandril/apps/web/src/cell-transfer.test.ts"},{"assertionResults":[{"ancestorTitles":["real character skill trees"],"fullName":"real character skill trees covers exactly seventeen earned skills through three compatible roles and no invented Waykeeper nodes","status":"passed","title":"covers exactly seventeen earned skills through three compatible roles and no invented Waykeeper nodes","duration":421.231122,"failureMessages":[],"meta":{},"tags":[]},{"ancestorTitles":["real character skill trees"],"fullName":"real character skill trees distinguishes actual prerequisite locks, permanent exclusions and learned nodes","status":"passed","title":"distinguishes actual prerequisite locks, permanent exclusions and learned nodes","duration":51.77897299999995,"failureMessages":[],"meta":{},"tags":[]},{"ancestorTitles":["real character skill trees"],"fullName":"real character skill trees never enables wounds, death or insufficient experience by deriving its own rule","status":"passed","title":"never enables wounds, death or insufficient experience by deriving its own rule","duration":126.47459600000002,"failureMessages":[],"meta":{},"tags":[]}],"startTime":1790018313662,"endTime":1790018314261.4746,"status":"passed","message":"","name":"/home/telephoneheater/Work/Theandril/apps/web/src/character-skills.test.tsx"},{"assertionResults":[{"ancestorTitles":["development graph presentation"],"fullName":"development graph presentation shows distinct earned currencies, exact materials, effects and linked blockers from canonical quotes","status":"passed","title":"shows distinct earned currencies, exact materials, effects and linked blockers from canonical quotes","duration":111.34738500000003,"failureMessages":[],"meta":{},"tags":[]},{"ancestorTitles":["development graph presentation"],"fullName":"development graph presentation pages a hundred armies without making the last company inaccessible or expanding a tree per company","status":"passed","title":"pages a hundred armies without making the last company inaccessible or expanding a tree per company","duration":76.60271999999998,"failureMessages":[],"meta":{},"tags":[]},{"ancestorTitles":["development graph presentation"],"fullName":"development graph presentation labels acquired dormant infrastructure and permanent exclusions without inventing affordability","status":"passed","title":"labels acquired dormant infrastructure and permanent exclusions without inventing affordability","duration":24.58994199999995,"failureMessages":[],"meta":{},"tags":[]}],"startTime":1790018315029,"endTime":1790018315241.5898,"status":"passed","message":"","name":"/home/telephoneheater/Work/Theandril/apps/web/src/development-panel.test.tsx"},{"assertionResults":[{"ancestorTitles":["approved faction DOM artwork boundary"],"fullName":"approved faction DOM artwork boundary resolves the shared Waykeeper cast for two cultures with one bounded page and a truthful shared label","status":"passed","title":"resolves the shared Waykeeper cast for two cultures with one bounded page and a truthful shared label","duration":297.146573,"failureMessages":[],"meta":{},"tags":[]},{"ancestorTitles":["approved faction DOM artwork boundary"],"fullName":"approved faction DOM artwork boundary labels specialist silhouette sharing, retains the real asset ID, and sizes mounted recruits from the source role","status":"passed","title":"labels specialist silhouette sharing, retains the real asset ID, and sizes mounted recruits from the source role","duration":26.868274000000042,"failureMessages":[],"meta":{},"tags":[]},{"ancestorTitles":["approved faction DOM artwork boundary"],"fullName":"approved faction DOM artwork boundary loads verified faction artwork at / without rewriting its approved catalog","status":"passed","title":"loads verified faction artwork at / without rewriting its approved catalog","duration":58.94861700000001,"failureMessages":[],"meta":{},"tags":[]},{"ancestorTitles":["approved faction DOM artwork boundary"],"fullName":"approved faction DOM artwork boundary loads verified faction artwork at /Theandril/ without rewriting its approved catalog","status":"passed","title":"loads verified faction artwork at /Theandril/ without rewriting its approved catalog","duration":39.781107999999904,"failureMessages":[],"meta":{},"tags":[]},{"ancestorTitles":["approved faction DOM artwork boundary"],"fullName":"approved faction DOM artwork boundary retains hash rejection for altered subpath atlas bytes","status":"passed","title":"retains hash rejection for altered subpath atlas bytes","duration":33.47268900000006,"failureMessages":[],"meta":{},"tags":[]},{"ancestorTitles":["approved faction DOM artwork boundary"],"fullName":"approved faction DOM artwork boundary renders approved naval roles at 96 pixels and uses a ship silhouette for absent, failed or wrongly sized hull art","status":"passed","title":"renders approved naval roles at 96 pixels and uses a ship silhouette for absent, failed or wrongly sized hull art","duration":34.67653299999995,"failureMessages":[],"meta":{},"tags":[]},{"ancestorTitles":["approved faction DOM artwork boundary"],"fullName":"approved faction DOM artwork boundary binds exact culture definitions and shares one verified image across distinct role icons","status":"passed","title":"binds exact culture definitions and shares one verified image across distinct role icons","duration":38.8983750000001,"failureMessages":[],"meta":{},"tags":[]},{"ancestorTitles":["approved faction DOM artwork boundary"],"fullName":"approved faction DOM artwork boundary labels a missing qualified asset as generic while retaining its correctly bound generic role and fixed slot","status":"passed","title":"labels a missing qualified asset as generic while retaining its correctly bound generic role and fixed slot","duration":35.64429099999995,"failureMessages":[],"meta":{},"tags":[]},{"ancestorTitles":["approved faction DOM artwork boundary"],"fullName":"approved faction DOM artwork boundary rejects altered bytes before decoding or creating a presentation URL","status":"passed","title":"rejects altered bytes before decoding or creating a presentation URL","duration":37.14592999999991,"failureMessages":[],"meta":{},"tags":[]},{"ancestorTitles":["approved faction DOM artwork boundary"],"fullName":"approved faction DOM artwork boundary rejects oversized dimensions even when replacement bytes have an updated hash","status":"passed","title":"rejects oversized dimensions even when replacement bytes have an updated hash","duration":47.468795,"failureMessages":[],"meta":{},"tags":[]},{"ancestorTitles":["approved faction DOM artwork boundary"],"fullName":"approved faction DOM artwork boundary refuses candidate status before requesting an image or presenting it as approved","status":"passed","title":"refuses candidate status before requesting an image or presenting it as approved","duration":26.048718000000008,"failureMessages":[],"meta":{},"tags":[]},{"ancestorTitles":["approved faction DOM artwork boundary"],"fullName":"approved faction DOM artwork boundary does not let a cached hash bypass a second atlas declaration’s dimension check","status":"passed","title":"does not let a cached hash bypass a second atlas declaration’s dimension check","duration":39.47786299999996,"failureMessages":[],"meta":{},"tags":[]},{"ancestorTitles":["approved faction DOM artwork boundary"],"fullName":"approved faction DOM artwork boundary withholds a decoded image whose natural dimensions contradict the verified header","status":"passed","title":"withholds a decoded image whose natural dimensions contradict the verified header","duration":42.42530399999987,"failureMessages":[],"meta":{},"tags":[]}],"startTime":1790018311036,"endTime":1790018311794.4253,"status":"passed","message":"","name":"/home/telephoneheater/Work/Theandril/apps/web/src/faction-art.test.tsx"},{"assertionResults":[{"ancestorTitles":["reviewed Hearth & Card DOM materials"],"fullName":"reviewed Hearth & Card DOM materials retains exact reviewed 'wood.webp' bytes and native lossless dimensions","status":"passed","title":"retains exact reviewed 'wood.webp' bytes and native lossless dimensions","duration":4.625518999999997,"failureMessages":[],"meta":{},"tags":[]},{"ancestorTitles":["reviewed Hearth & Card DOM materials"],"fullName":"reviewed Hearth & Card DOM materials retains exact reviewed 'parchment.webp' bytes and native lossless dimensions","status":"passed","title":"retains exact reviewed 'parchment.webp' bytes and native lossless dimensions","duration":0.9789629999999931,"failureMessages":[],"meta":{},"tags":[]},{"ancestorTitles":["reviewed Hearth & Card DOM materials"],"fullName":"reviewed Hearth & Card DOM materials retains exact reviewed 'ornament.corner-idle.webp' bytes and native lossless dimensions","status":"passed","title":"retains exact reviewed 'ornament.corner-idle.webp' bytes and native lossless dimensions","duration":1.8486759999999833,"failureMessages":[],"meta":{},"tags":[]},{"ancestorTitles":["reviewed Hearth & Card DOM materials"],"fullName":"reviewed Hearth & Card DOM materials retains the separate artwork license and honest non-atlas/static provenance","status":"passed","title":"retains the separate artwork license and honest non-atlas/static provenance","duration":15.637520999999992,"failureMessages":[],"meta":{},"tags":[]},{"ancestorTitles":["reviewed Hearth & Card DOM materials"],"fullName":"reviewed Hearth & Card DOM materials keeps every selector scoped and leaves all layout and interaction properties to the HUD","status":"passed","title":"keeps every selector scoped and leaves all layout and interaction properties to the HUD","duration":6.355744999999985,"failureMessages":[],"meta":{},"tags":[]},{"ancestorTitles":["reviewed Hearth & Card DOM materials"],"fullName":"reviewed Hearth & Card DOM materials keeps body text in system fonts with legible ink, muted and danger contrast","status":"passed","title":"keeps body text in system fonts with legible ink, muted and danger contrast","duration":0.6138929999999903,"failureMessages":[],"meta":{},"tags":[]}],"startTime":1790018315890,"endTime":1790018315920.614,"status":"passed","message":"","name":"/home/telephoneheater/Work/Theandril/apps/web/src/hearth-theme.test.ts"},{"assertionResults":[{"ancestorTitles":["authoritative settlement land controls"],"fullName":"authoritative settlement land controls labels signed bonuses and penalties without hiding zero totals behind an invented formula","status":"passed","title":"labels signed bonuses and penalties without hiding zero totals behind an invented formula","duration":3.3624419999999873,"failureMessages":[],"meta":{},"tags":[]},{"ancestorTitles":["authoritative settlement land controls"],"fullName":"authoritative settlement land controls renders every selectable culture and exact positive and negative affinity descriptions","status":"passed","title":"renders every selectable culture and exact positive and negative affinity descriptions","duration":16.65436699999998,"failureMessages":[],"meta":{},"tags":[]},{"ancestorTitles":["authoritative settlement land controls"],"fullName":"authoritative settlement land controls uses all twenty-four real profiles, signed ecology and shared-unit AI weights without borrowing another culture","status":"passed","title":"uses all twenty-four real profiles, signed ecology and shared-unit AI weights without borrowing another culture","duration":56.56410699999992,"failureMessages":[],"meta":{},"tags":[]},{"ancestorTitles":["authoritative settlement land controls"],"fullName":"authoritative settlement land controls shows the actual owned realm definition in a collapsed economy reference, even when its seat name differs","status":"passed","title":"shows the actual owned realm definition in a collapsed economy reference, even when its seat name differs","duration":125.81746400000009,"failureMessages":[],"meta":{},"tags":[]},{"ancestorTitles":["authoritative settlement land controls"],"fullName":"authoritative settlement land controls uses quoted costs and explains colony/capital independently, including insufficient funds","status":"passed","title":"uses quoted costs and explains colony/capital independently, including insufficient funds","duration":99.11224800000014,"failureMessages":[],"meta":{},"tags":[]},{"ancestorTitles":["authoritative settlement land controls"],"fullName":"authoritative settlement land controls does not expose another settlement or fabricate options for an unobserved selected tile","status":"passed","title":"does not expose another settlement or fabricate options for an unobserved selected tile","duration":73.92962499999999,"failureMessages":[],"meta":{},"tags":[]},{"ancestorTitles":["authoritative settlement land controls"],"fullName":"authoritative settlement land controls keeps summary totals during lazy loading without showing stale quotes or an outside-territory refusal","status":"passed","title":"keeps summary totals during lazy loading without showing stale quotes or an outside-territory refusal","duration":54.463338999999905,"failureMessages":[],"meta":{},"tags":[]},{"ancestorTitles":["authoritative settlement land controls"],"fullName":"authoritative settlement land controls puts compact tile actions before the closed town overview while keeping exact buttons, prices and refusals","status":"passed","title":"puts compact tile actions before the closed town overview while keeping exact buttons, prices and refusals","duration":68.19923500000004,"failureMessages":[],"meta":{},"tags":[]},{"ancestorTitles":["authoritative settlement land controls"],"fullName":"authoritative settlement land controls keeps actual paid work and its no-refund cancel control ahead of compact tile actions","status":"passed","title":"keeps actual paid work and its no-refund cancel control ahead of compact tile actions","duration":28.582462000000078,"failureMessages":[],"meta":{},"tags":[]},{"ancestorTitles":["authoritative settlement land controls"],"fullName":"authoritative settlement land controls shows compact lazy loading first and never renders tile actions from summary or stale detail props","status":"passed","title":"shows compact lazy loading first and never renders tile actions from summary or stale detail props","duration":27.00477099999989,"failureMessages":[],"meta":{},"tags":[]}],"startTime":1790018313362,"endTime":1790018313922.005,"status":"passed","message":"","name":"/home/telephoneheater/Work/Theandril/apps/web/src/land.test.tsx"},{"assertionResults":[{"ancestorTitles":["map action inspection choices"],"fullName":"map action inspection choices keeps every co-located owned army in stable order, then one town and tile; passengers stay in fleet controls","status":"passed","title":"keeps every co-located owned army in stable order, then one town and tile; passengers stay in fleet controls","duration":2.3256549999999834,"failureMessages":[],"meta":{},"tags":[]},{"ancestorTitles":["map action inspection choices"],"fullName":"map action inspection choices uses own claim summaries even with compact cells and fog, without confusing tile position with town center","status":"passed","title":"uses own claim summaries even with compact cells and fog, without confusing tile position with town center","duration":0.6185159999999996,"failureMessages":[],"meta":{},"tags":[]},{"ancestorTitles":["map action inspection choices"],"fullName":"map action inspection choices opens selected own-town quotes only for currently visible unclaimed expansion terrain, never inventing canClaim","status":"passed","title":"opens selected own-town quotes only for currently visible unclaimed expansion terrain, never inventing canClaim","duration":0.5005489999999782,"failureMessages":[],"meta":{},"tags":[]},{"ancestorTitles":["map action inspection choices"],"fullName":"map action inspection choices keeps an owned army on foreign territory selectable without borrowing foreign names or own-town management","status":"passed","title":"keeps an owned army on foreign territory selectable without borrowing foreign names or own-town management","duration":0.2779120000000148,"failureMessages":[],"meta":{},"tags":[]},{"ancestorTitles":["map action inspection choices"],"fullName":"map action inspection choices lets explicit renderer knowledge override headless cell records and rejects invalid coordinates","status":"passed","title":"lets explicit renderer knowledge override headless cell records and rejects invalid coordinates","duration":0.37350499999990916,"failureMessages":[],"meta":{},"tags":[]},{"ancestorTitles":["map action inspection choices"],"fullName":"map action inspection choices is detached and leaves observation, canonical save and hash unchanged across repeated inspections","status":"passed","title":"is detached and leaves observation, canonical save and hash unchanged across repeated inspections","duration":15.48284799999999,"failureMessages":[],"meta":{},"tags":[]}],"startTime":1790018316470,"endTime":1790018316489.483,"status":"passed","message":"","name":"/home/telephoneheater/Work/Theandril/apps/web/src/map-action-context.test.ts"},{"assertionResults":[{"ancestorTitles":["map action surface"],"fullName":"map action surface has named non-modal navigation, real location choices and exactly one mounted management pane","status":"passed","title":"has named non-modal navigation, real location choices and exactly one mounted management pane","duration":34.50127400000002,"failureMessages":[],"meta":{},"tags":[]},{"ancestorTitles":["map action surface"],"fullName":"map action surface can open a tile directly at Land, preserving actual disabled controls and caller summaries","status":"passed","title":"can open a tile directly at Land, preserving actual disabled controls and caller summaries","duration":3.0065359999999828,"failureMessages":[],"meta":{},"tags":[]},{"ancestorTitles":["map action surface"],"fullName":"map action surface offers an optional 320px compact unit shell with the same named controls and only the supplied quick-action pane","status":"passed","title":"offers an optional 320px compact unit shell with the same named controls and only the supplied quick-action pane","duration":9.470601000000045,"failureMessages":[],"meta":{},"tags":[]},{"ancestorTitles":["map action surface"],"fullName":"map action surface can open a compact long-route confirmation directly and retain it while suspended for a modal","status":"passed","title":"can open a compact long-route confirmation directly and retain it while suspended for a modal","duration":1.6231730000000084,"failureMessages":[],"meta":{},"tags":[]},{"ancestorTitles":["map action surface"],"fullName":"map action surface uses a safe first pane if an initial tab was removed and permits no management tabs","status":"passed","title":"uses a safe first pane if an initial tab was removed and permits no management tabs","duration":1.4916949999999929,"failureMessages":[],"meta":{},"tags":[]},{"ancestorTitles":["map action surface"],"fullName":"map action surface retains the mounted pane but hides input while a native modal owns the session","status":"passed","title":"retains the mounted pane but hides input while a native modal owns the session","duration":0.9746369999999729,"failureMessages":[],"meta":{},"tags":[]},{"ancestorTitles":["map action surface"],"fullName":"map action surface provides unique heading/tab/pane references even if more than one surface is rendered","status":"passed","title":"provides unique heading/tab/pane references even if more than one surface is rendered","duration":7.895580999999993,"failureMessages":[],"meta":{},"tags":[]},{"ancestorTitles":["map action surface"],"fullName":"map action surface wraps local keyboard tabs without taking typing, vertical arrows or Tab navigation","status":"passed","title":"wraps local keyboard tabs without taking typing, vertical arrows or Tab navigation","duration":0.5744020000000205,"failureMessages":[],"meta":{},"tags":[]},{"ancestorTitles":["map action surface"],"fullName":"map action surface resets A→B→A without a tab click in B, while command publications retain the same context","status":"passed","title":"resets A→B→A without a tab click in B, while command publications retain the same context","duration":0.5519409999999993,"failureMessages":[],"meta":{},"tags":[]},{"ancestorTitles":["map action surface"],"fullName":"map action surface bounds desktop pointer corners and a narrow sheet above a dynamically sized footer","status":"passed","title":"bounds desktop pointer corners and a narrow sheet above a dynamically sized footer","duration":19.601726999999983,"failureMessages":[],"meta":{},"tags":[]},{"ancestorTitles":["map action surface"],"fullName":"map action surface reserves the real footer top rather than assuming its bottom reaches the viewport edge","status":"passed","title":"reserves the real footer top rather than assuming its bottom reaches the viewport edge","duration":0.5289050000000088,"failureMessages":[],"meta":{},"tags":[]},{"ancestorTitles":["map action surface"],"fullName":"map action surface places short desktop panels beside low map anchors instead of treating the scroll-height cap as a viewport edge","status":"passed","title":"places short desktop panels beside low map anchors instead of treating the scroll-height cap as a viewport edge","duration":0.21455900000000838,"failureMessages":[],"meta":{},"tags":[]},{"ancestorTitles":["map action surface"],"fullName":"map action surface measures the complete visible top HUD including its gap and clipped visual viewport","status":"passed","title":"measures the complete visible top HUD including its gap and clipped visual viewport","duration":0.8286630000000059,"failureMessages":[],"meta":{},"tags":[]},{"ancestorTitles":["map action surface"],"fullName":"map action surface keeps both shell widths between measured HUD edges on desktop, mobile and keyboard-sized visual viewports","status":"passed","title":"keeps both shell widths between measured HUD edges on desktop, mobile and keyboard-sized visual viewports","duration":145.038832,"failureMessages":[],"meta":{},"tags":[]}],"startTime":1790018314373,"endTime":1790018314599.0388,"status":"passed","message":"","name":"/home/telephoneheater/Work/Theandril/apps/web/src/map-actions.test.tsx"},{"assertionResults":[{"ancestorTitles":["canonical preflight for playable naval UI scenarios"],"fullName":"canonical preflight for playable naval UI scenarios queues the actual eight-step voyage and lands passengers only after the fleet has movement","status":"passed","title":"queues the actual eight-step voyage and lands passengers only after the fleet has movement","duration":154.77474900000004,"failureMessages":[],"meta":{},"tags":[]},{"ancestorTitles":["canonical preflight for playable naval UI scenarios"],"fullName":"canonical preflight for playable naval UI scenarios the doomed-carrier browser fixture produces real passenger losses through the combat kernel","status":"passed","title":"the doomed-carrier browser fixture produces real passenger losses through the combat kernel","duration":127.81109500000002,"failureMessages":[],"meta":{},"tags":[]}],"startTime":1790018314527,"endTime":1790018314810.811,"status":"passed","message":"","name":"/home/telephoneheater/Work/Theandril/apps/web/src/naval-scenario.test.tsx"},{"assertionResults":[{"ancestorTitles":["observed-only next-action navigation"],"fullName":"observed-only next-action navigation reports newly unassigned households after real growth even while the town has a full production queue","status":"passed","title":"reports newly unassigned households after real growth even while the town has a full production queue","duration":79.01591999999994,"failureMessages":[],"meta":{},"tags":[]},{"ancestorTitles":["observed-only next-action navigation"],"fullName":"observed-only next-action navigation uses observed capacity rather than population, excludes missing/foreign/full summaries and orders labor by stable ID","status":"passed","title":"uses observed capacity rather than population, excludes missing/foreign/full summaries and orders labor by stable ID","duration":55.57582100000002,"failureMessages":[],"meta":{},"tags":[]},{"ancestorTitles":["observed-only next-action navigation"],"fullName":"observed-only next-action navigation includes land/fleets and zero-movement paused routes but skips foreign, dead, embarked, busy and automatic forces","status":"passed","title":"includes land/fleets and zero-movement paused routes but skips foreign, dead, embarked, busy and automatic forces","duration":4.154606000000058,"failureMessages":[],"meta":{},"tags":[]},{"ancestorTitles":["observed-only next-action navigation"],"fullName":"observed-only next-action navigation requires an owned empty queue and a real available production option, not invented funding or siege rules","status":"passed","title":"requires an owned empty queue and a real available production option, not invented funding or siege rules","duration":0.5038939999999457,"failureMessages":[],"meta":{},"tags":[]},{"ancestorTitles":["observed-only next-action navigation"],"fullName":"observed-only next-action navigation skips standing siege duty even when movement refreshes or an old route remains paused","status":"passed","title":"skips standing siege duty even when movement refreshes or an old route remains paused","duration":0.2704149999999572,"failureMessages":[],"meta":{},"tags":[]},{"ancestorTitles":["observed-only next-action navigation"],"fullName":"observed-only next-action navigation does not call a real investing army idle after the next turn refreshes its movement","status":"passed","title":"does not call a real investing army idle after the next turn refreshes its movement","duration":27.26970700000004,"failureMessages":[],"meta":{},"tags":[]},{"ancestorTitles":["observed-only next-action navigation"],"fullName":"observed-only next-action navigation wraps stable IDs forward/backward, including from a removed or now-ineligible selection","status":"passed","title":"wraps stable IDs forward/backward, including from a removed or now-ineligible selection","duration":0.3503049999999348,"failureMessages":[],"meta":{},"tags":[]},{"ancestorTitles":["observed-only next-action navigation"],"fullName":"observed-only next-action navigation uses remapped shortcuts, Shift for previous, and suppresses input/lock/modifier/repeat/composition events","status":"passed","title":"uses remapped shortcuts, Shift for previous, and suppresses input/lock/modifier/repeat/composition events","duration":0.3650729999999385,"failureMessages":[],"meta":{},"tags":[]},{"ancestorTitles":["observed-only next-action navigation"],"fullName":"observed-only next-action navigation keeps bindings distinct from each other and the existing end-turn shortcut","status":"passed","title":"keeps bindings distinct from each other and the existing end-turn shortcut","duration":0.6392620000000306,"failureMessages":[],"meta":{},"tags":[]},{"ancestorTitles":["observed-only next-action navigation"],"fullName":"observed-only next-action navigation persists valid remapping separately from campaigns and reports corrupt/unavailable local storage","status":"passed","title":"persists valid remapping separately from campaigns and reports corrupt/unavailable local storage","duration":0.7336119999999937,"failureMessages":[],"meta":{},"tags":[]}],"startTime":1790018315616,"endTime":1790018315785.7336,"status":"passed","message":"","name":"/home/telephoneheater/Work/Theandril/apps/web/src/next-action.test.ts"},{"assertionResults":[{"ancestorTitles":["authoritative research tree presentation"],"fullName":"authoritative research tree presentation lays out actual dependency depths independent of input order, without fabricating missing nodes","status":"passed","title":"lays out actual dependency depths independent of input order, without fabricating missing nodes","duration":8.298727000000099,"failureMessages":[],"meta":{},"tags":[]},{"ancestorTitles":["authoritative research tree presentation"],"fullName":"authoritative research tree presentation renders precisely the observed discoveries, current paced costs and named requirements without mutating state","status":"passed","title":"renders precisely the observed discoveries, current paced costs and named requirements without mutating state","duration":105.61123800000007,"failureMessages":[],"meta":{},"tags":[]},{"ancestorTitles":["authoritative research tree presentation"],"fullName":"authoritative research tree presentation changes a purchased root and its child only through the next authoritative observation","status":"passed","title":"changes a purchased root and its child only through the next authoritative observation","duration":60.97554500000001,"failureMessages":[],"meta":{},"tags":[]},{"ancestorTitles":["authoritative research tree presentation"],"fullName":"authoritative research tree presentation keeps seven actual advancement and resource systems separate and exposes only real research branches","status":"passed","title":"keeps seven actual advancement and resource systems separate and exposes only real research branches","duration":27.867578999999978,"failureMessages":[],"meta":{},"tags":[]},{"ancestorTitles":["authoritative research tree presentation"],"fullName":"authoritative research tree presentation does not populate a historical or restricted observation from the current larger content catalog","status":"passed","title":"does not populate a historical or restricted observation from the current larger content catalog","duration":10.697165999999925,"failureMessages":[],"meta":{},"tags":[]}],"startTime":1790018315384,"endTime":1790018315597.6973,"status":"passed","message":"","name":"/home/telephoneheater/Work/Theandril/apps/web/src/progression.test.tsx"},{"assertionResults":[{"ancestorTitles":["realm navigation presentation"],"fullName":"realm navigation presentation bounds the registry DOM while preserving all owned search results, stable sorting and observation purity","status":"passed","title":"bounds the registry DOM while preserving all owned search results, stable sorting and observation purity","duration":216.9582519999999,"failureMessages":[],"meta":{},"tags":[]},{"ancestorTitles":["realm navigation presentation"],"fullName":"realm navigation presentation does not admit an observed foreign army or town into any registry search","status":"passed","title":"does not admit an observed foreign army or town into any registry search","duration":37.03603199999998,"failureMessages":[],"meta":{},"tags":[]},{"ancestorTitles":["realm navigation presentation"],"fullName":"realm navigation presentation uses one keyboard tablist and a real character action with a clearly named current selection","status":"passed","title":"uses one keyboard tablist and a real character action with a clearly named current selection","duration":3.788964999999962,"failureMessages":[],"meta":{},"tags":[]},{"ancestorTitles":["realm navigation presentation"],"fullName":"realm navigation presentation opens construction only; keeps actual recruitment costs, navy blockers and all command labels behind named categories","status":"passed","title":"opens construction only; keeps actual recruitment costs, navy blockers and all command labels behind named categories","duration":35.04488900000001,"failureMessages":[],"meta":{},"tags":[]}],"startTime":1790018314848,"endTime":1790018315141.045,"status":"passed","message":"","name":"/home/telephoneheater/Work/Theandril/apps/web/src/realm-navigation.test.tsx"},{"assertionResults":[{"ancestorTitles":["approved renderer artwork deployment boundary"],"fullName":"approved renderer artwork deployment boundary loads the unchanged published map and deferred battle atlas under /","status":"passed","title":"loads the unchanged published map and deferred battle atlas under /","duration":286.79963,"failureMessages":[],"meta":{},"tags":[]},{"ancestorTitles":["approved renderer artwork deployment boundary"],"fullName":"approved renderer artwork deployment boundary loads the unchanged published map and deferred battle atlas under /Theandril/","status":"passed","title":"loads the unchanged published map and deferred battle atlas under /Theandril/","duration":205.6487649999999,"failureMessages":[],"meta":{},"tags":[]},{"ancestorTitles":["approved renderer artwork deployment boundary"],"fullName":"approved renderer artwork deployment boundary retains the standalone renderer’s root-relative default without a Vite dependency","status":"passed","title":"retains the standalone renderer’s root-relative default without a Vite dependency","duration":116.93437900000004,"failureMessages":[],"meta":{},"tags":[]},{"ancestorTitles":["approved renderer artwork deployment boundary"],"fullName":"approved renderer artwork deployment boundary still rejects altered map pixels at a deployment subpath before decoding","status":"passed","title":"still rejects altered map pixels at a deployment subpath before decoding","duration":66.183855,"failureMessages":[],"meta":{},"tags":[]},{"ancestorTitles":["approved renderer artwork deployment boundary"],"fullName":"approved renderer artwork deployment boundary keeps deferred battle failure isolated and visible without changing approved declarations","status":"passed","title":"keeps deferred battle failure isolated and visible without changing approved declarations","duration":139.34228499999995,"failureMessages":[],"meta":{},"tags":[]}],"startTime":1790018311040,"endTime":1790018311855.3423,"status":"passed","message":"","name":"/home/telephoneheater/Work/Theandril/apps/web/src/runtime-art.test.ts"},{"assertionResults":[{"ancestorTitles":["pure spectator map projection"],"fullName":"pure spectator map projection reveals actual map positions without revealing private read models or changing sight/saves","status":"passed","title":"reveals actual map positions without revealing private read models or changing sight/saves","duration":100.11547099999996,"failureMessages":[],"meta":{},"tags":[]}],"startTime":1790018315911,"endTime":1790018316011.1155,"status":"passed","message":"","name":"/home/telephoneheater/Work/Theandril/apps/web/src/spectator.test.ts"},{"assertionResults":[{"ancestorTitles":["selected development query lifecycle"],"fullName":"selected development query lifecycle switches scope and company without retaining an old price or enabling a stale response","status":"passed","title":"switches scope and company without retaining an old price or enabling a stale response","duration":3.409655000000015,"failureMessages":[],"meta":{},"tags":[]},{"ancestorTitles":["selected development query lifecycle"],"fullName":"selected development query lifecycle invalidates same-turn purchases, reloads and late worker errors before accepting new quotes","status":"passed","title":"invalidates same-turn purchases, reloads and late worker errors before accepting new quotes","duration":0.8681530000000066,"failureMessages":[],"meta":{},"tags":[]},{"ancestorTitles":["selected development query lifecycle"],"fullName":"selected development query lifecycle rejects a response with mismatched identity or canonical hash","status":"passed","title":"rejects a response with mismatched identity or canonical hash","duration":0.3862660000000062,"failureMessages":[],"meta":{},"tags":[]},{"ancestorTitles":["selected development query lifecycle"],"fullName":"selected development query lifecycle rejects a response with mismatched identity or canonical hash","status":"passed","title":"rejects a response with mismatched identity or canonical hash","duration":0.24714499999998907,"failureMessages":[],"meta":{},"tags":[]},{"ancestorTitles":["selected development query lifecycle"],"fullName":"selected development query lifecycle rejects a response with mismatched identity or canonical hash","status":"passed","title":"rejects a response with mismatched identity or canonical hash","duration":0.19119499999999334,"failureMessages":[],"meta":{},"tags":[]},{"ancestorTitles":["selected development query lifecycle"],"fullName":"selected development query lifecycle retries a failed request without mutating or accumulating subject records","status":"passed","title":"retries a failed request without mutating or accumulating subject records","duration":0.3215930000000071,"failureMessages":[],"meta":{},"tags":[]}],"startTime":1790018316063,"endTime":1790018316068.3215,"status":"passed","message":"","name":"/home/telephoneheater/Work/Theandril/apps/web/src/use-development-query.test.ts"},{"assertionResults":[{"ancestorTitles":["one selected-town detail session"],"fullName":"one selected-town detail session reuses one ready anchored page for its loaded cells without changing the request key","status":"passed","title":"reuses one ready anchored page for its loaded cells without changing the request key","duration":1.5875939999999957,"failureMessages":[],"meta":{},"tags":[]},{"ancestorTitles":["one selected-town detail session"],"fullName":"one selected-town detail session never reuses old prices across commands, campaigns, towns, explicit page changes or pending replies","status":"passed","title":"never reuses old prices across commands, campaigns, towns, explicit page changes or pending replies","duration":0.5615790000000231,"failureMessages":[],"meta":{},"tags":[]},{"ancestorTitles":["one selected-town detail session"],"fullName":"one selected-town detail session forwards page and selected-cell requests and ignores an older page of the same hearth","status":"passed","title":"forwards page and selected-cell requests and ignores an older page of the same hearth","duration":0.7631719999999973,"failureMessages":[],"meta":{},"tags":[]},{"ancestorTitles":["one selected-town detail session"],"fullName
[...]
source snapshot","duration":65.59489500000001,"failureMessages":[],"meta":{},"tags":[]},{"ancestorTitles":["roadmap browsing and permanent URLs"],"fullName":"roadmap browsing and permanent URLs combines status with words from delivered behavior and remaining acceptance","status":"passed","title":"combines status with words from delivered behavior and remaining acceptance","duration":2.188355999999999,"failureMessages":[],"meta":{},"tags":[]},{"ancestorTitles":["roadmap browsing and permanent URLs"],"fullName":"roadmap browsing and permanent URLs round-trips shareable filters at root and Pages bases without accepting arbitrary statuses","status":"passed","title":"round-trips shareable filters at root and Pages bases without accepting arbitrary statuses","duration":0.8369930000000068,"failureMessages":[],"meta":{},"tags":[]}],"startTime":1790018315357,"endTime":1790018315438.837,"status":"passed","message":"","name":"/home/telephoneheater/Work/Theandril/apps/web/src/updates/roadmap.test.ts"},{"assertionResults":[{"ancestorTitles":["site pages"],"fullName":"site pages registers every public page as its own refresh-safe static entry","status":"passed","title":"registers every public page as its own refresh-safe static entry","duration":2.3563740000000166,"failureMessages":[],"meta":{},"tags":[]},{"ancestorTitles":["site pages"],"fullName":"site pages orders the main navigation from the site home to the playable build","status":"passed","title":"orders the main navigation from the site home to the playable build","duration":1.1172400000000096,"failureMessages":[],"meta":{},"tags":[]},{"ancestorTitles":["site pages"],"fullName":"site pages resolves the current page from the deployed pathname on both bases","status":"passed","title":"resolves the current page from the deployed pathname on both bases","duration":0.44937699999999836,"failureMessages":[],"meta":{},"tags":[]}],"startTime":1790018316338,"endTime":1790018316342.4495,"status":"passed","message":"","name":"/home/telephoneheater/Work/Theandril/apps/web/src/updates/site.test.ts"},{"assertionResults":[{"ancestorTitles":[],"fullName":"validates stable slugs and every image cross-reference in the public catalog","status":"passed","title":"validates stable slugs and every image cross-reference in the public catalog","duration":15.612415999999996,"failureMessages":[],"meta":{},"tags":[]},{"ancestorTitles":[],"fullName":"links evidence that really exists at the pinned Git revision, not just on disk","status":"passed","title":"links evidence that really exists at the pinned Git revision, not just on disk","duration":141.52132400000005,"failureMessages":[],"meta":{},"tags":[]},{"ancestorTitles":[],"fullName":"rejects a missing object at one of two revisions sharing an evidence path","status":"passed","title":"rejects a missing object at one of two revisions sharing an evidence path","duration":107.278685,"failureMessages":[],"meta":{},"tags":[]},{"ancestorTitles":[],"fullName":"keeps frontend image metadata and the downloadable provenance byte-identical","status":"passed","title":"keeps frontend image metadata and the downloadable provenance byte-identical","duration":0.3425359999999955,"failureMessages":[],"meta":{},"tags":[]},{"ancestorTitles":[],"fullName":"preserves the actual approval boundary and checkpoint numbers in the story","status":"passed","title":"preserves the actual approval boundary and checkpoint numbers in the story","duration":1.7878670000000056,"failureMessages":[],"meta":{},"tags":[]}],"startTime":1790018314696,"endTime":1790018314963.7878,"status":"passed","message":"","name":"/home/telephoneheater/Work/Theandril/apps/web/src/updates/validation.test.ts"},{"assertionResults":[{"ancestorTitles":["actual built-in output import bridge"],"fullName":"actual built-in output import bridge preserves source bytes and recorded provenance instead of claiming to invoke generation","status":"passed","title":"preserves source bytes and recorded provenance instead of claiming to invoke generation","duration":19.82552000000004,"failureMessages":[],"meta":{},"tags":[]},{"ancestorTitles":["actual built-in output import bridge"],"fullName":"actual built-in output import bridge rejects mismatched references, invalid asset IDs and corrupted PNG output","status":"passed","title":"rejects mismatched references, invalid asset IDs and corrupted PNG output","duration":8.144251999999994,"failureMessages":[],"meta":{},"tags":[]},{"ancestorTitles":["credential-gated real provider contracts"],"fullName":"credential-gated real provider contracts fails before requests when credentials, local workflow or executable are unavailable","status":"passed","title":"fails before requests when credentials, local workflow or executable are unavailable","duration":3.147401000000002,"failureMessages":[],"meta":{},"tags":[]},{"ancestorTitles":["credential-gated real provider contracts"],"fullName":"credential-gated real provider contracts uses the official fixed PixelLab endpoint and captures only actual returned PNG bytes","status":"passed","title":"uses the official fixed PixelLab endpoint and captures only actual returned PNG bytes","duration":33.95367700000003,"failureMessages":[],"meta":{},"tags":[]},{"ancestorTitles":["credential-gated real provider contracts"],"fullName":"credential-gated real provider contracts redacts provider failures and enforces streaming output and timeout bounds","status":"passed","title":"redacts provider failures and enforces streaming output and timeout bounds","duration":4.339579000000015,"failureMessages":[],"meta":{},"tags":[]},{"ancestorTitles":["credential-gated real provider contracts"],"fullName":"credential-gated real provider contracts does not allow credentials or arbitrary remote URLs in a local backend address","status":"passed","title":"does not allow credentials or arbitrary remote URLs in a local backend address","duration":0.6846859999999992,"failureMessages":[],"meta":{},"tags":[]},{"ancestorTitles":["credential-gated real provider contracts"],"fullName":"credential-gated real provider contracts uses a real API-format ComfyUI queue/history/view contract with bounded polling and authored bindings","status":"passed","title":"uses a real API-format ComfyUI queue/history/view contract with bounded polling and authored bindings","duration":9.794672999999989,"failureMessages":[],"meta":{},"tags":[]}],"startTime":1790018315341,"endTime":1790018315421.7947,"status":"passed","message":"","name":"/home/telephoneheater/Work/Theandril/packages/art-pipeline/src/generators/generators.test.ts"},{"assertionResults":[{"ancestorTitles":["original integer-pixel overlay sources"],"fullName":"original integer-pixel overlay sources has stable exact-palette hard-alpha pixels, genuine effect motion and matching straight edges","status":"passed","title":"has stable exact-palette hard-alpha pixels, genuine effect motion and matching straight edges","duration":2007.216574,"failureMessages":[],"meta":{},"tags":[]},{"ancestorTitles":["original integer-pixel overlay sources"],"fullName":"original integer-pixel overlay sources emits validated but unapproved script-backed briefs with accurate timing and no invented facings","status":"passed","title":"emits validated but unapproved script-backed briefs with accurate timing and no invented facings","duration":114.08181599999989,"failureMessages":[],"meta":{},"tags":[]}],"startTime":1790018303995,"endTime":1790018306117.0818,"status":"passed","message":"","name":"/home/telephoneheater/Work/Theandril/packages/art-pipeline/src/toolchain/overlays.test.ts"},{"assertionResults":[{"ancestorTitles":["safe native process boundary"],"fullName":"safe native process boundary passes shell metacharacters literally and redacts known secret values","status":"passed","title":"passes shell metacharacters literally and redacts known secret values","duration":7.601799000000028,"failureMessages":[],"meta":{},"tags":[]},{"ancestorTitles":["safe native process boundary"],"fullName":"safe native process boundary kills timed out and over-output tools and never exposes unsuccessful stderr","status":"passed","title":"kills timed out and over-output tools and never exposes unsuccessful stderr","duration":29.366418000000067,"failureMessages":[],"meta":{},"tags":[]},{"ancestorTitles":["safe native process boundary"],"fullName":"safe native process boundary makes file writes idempotent without overwriting inputs or following dangling outputs","status":"passed","title":"makes file writes idempotent without overwriting inputs or following dangling outputs","duration":12.967162999999914,"failureMessages":[],"meta":{},"tags":[]},{"ancestorTitles":["discovery and truthful doctor diagnostics"],"fullName":"discovery and truthful doctor diagnostics does not silently replace an invalid explicit Aseprite override with a Steam installation","status":"passed","title":"does not silently replace an invalid explicit Aseprite override with a Steam installation","duration":6.0028369999999995,"failureMessages":[],"meta":{},"tags":[]},{"ancestorTitles":["discovery and truthful doctor diagnostics"],"fullName":"discovery and truthful doctor diagnostics discovers executable Steam metadata paths with spaces and safe argv in the supplied wrapper","status":"passed","title":"discovers executable Steam metadata paths with spaces and safe argv in the supplied wrapper","duration":11.5988329999999,"failureMessages":[],"meta":{},"tags":[]},{"ancestorTitles":["discovery and truthful doctor diagnostics"],"fullName":"discovery and truthful doctor diagnostics reports absent/malformed optional providers without exposing credential contents","status":"passed","title":"reports absent/malformed optional providers without exposing credential contents","duration":5.961810000000014,"failureMessages":[],"meta":{},"tags":[]},{"ancestorTitles":["native export preflight"],"fullName":"native export preflight rejects illegal frame sizes, durations, output targets and palette flags before tool execution","status":"passed","title":"rejects illegal frame sizes, durations, output targets and palette flags before tool execution","duration":5.989222000000041,"failureMessages":[],"meta":{},"tags":[]},{"ancestorTitles":["retained64-frame96px Aseprite row export"],"fullName":"retained64-frame96px Aseprite row export keeps every original pixel, facing, clip and duration within the4096 sheet bound","status":"passed","title":"keeps every original pixel, facing, clip and duration within the4096 sheet bound","duration":6264.970916,"failureMessages":[],"meta":{},"tags":[]}],"startTime":1790018297060,"endTime":1790018303404.971,"status":"passed","message":"","name":"/home/telephoneheater/Work/Theandril/packages/art-pipeline/src/toolchain/toolchain.test.ts"},{"assertionResults":[{"ancestorTitles":["formation battle rules"],"fullName":"formation battle rules applies casualties, morale loss and fatigue while preserving the input","status":"passed","title":"applies casualties, morale loss and fatigue while preserving the input","duration":17.03859699999998,"failureMessages":[],"meta":{},"tags":[]},{"ancestorTitles":["formation battle rules"],"fullName":"formation battle rules gives elevated defenders real protection and woodland reduces ranged damage","status":"passed","title":"gives elevated defenders real protection and woodland reduces ranged damage","duration":3.4736910000000307,"failureMessages":[],"meta":{},"tags":[]},{"ancestorTitles":["formation battle rules"],"fullName":"formation battle rules trades flank damage and morale shock for fatigue and exposure","status":"passed","title":"trades flank damage and morale shock for fatigue and exposure","duration":1.5807829999999967,"failureMessages":[],"meta":{},"tags":[]},{"ancestorTitles":["formation battle rules"],"fullName":"formation battle rules fatigued formations hit less effectively and act later","status":"passed","title":"fatigued formations hit less effectively and act later","duration":1.390106000000003,"failureMessages":[],"meta":{},"tags":[]},{"ancestorTitles":["formation battle rules"],"fullName":"formation battle rules ranged rear formations can fire while melee reserves need to close distance","status":"passed","title":"ranged rear formations can fire while melee reserves need to close distance","duration":1.2882029999999531,"failureMessages":[],"meta":{},"tags":[]},{"ancestorTitles":["formation battle rules"],"fullName":"formation battle rules routes low-morale formations before annihilation and applies pursuit losses","status":"passed","title":"routes low-morale formations before annihilation and applies pursuit losses","duration":0.9335459999999784,"failureMessages":[],"meta":{},"tags":[]},{"ancestorTitles":["formation battle rules"],"fullName":"formation battle rules uses initiative to decide which fragile line breaks first","status":"passed","title":"uses initiative to decide which fragile line breaks first","duration":0.9416529999999739,"failureMessages":[],"meta":{},"tags":[]},{"ancestorTitles":["formation battle rules"],"fullName":"formation battle rules resolves withdrawal immediately with surviving retreaters and pursuit","status":"passed","title":"resolves withdrawal immediately with surviving retreaters and pursuit","duration":1.3044870000000515,"failureMessages":[],"meta":{},"tags":[]},{"ancestorTitles":["formation battle rules"],"fullName":"formation battle rules caps a protected stalemate at twelve rounds","status":"passed","title":"caps a protected stalemate at twelve rounds","duration":7.709635000000048,"failureMessages":[],"meta":{},"tags":[]},{"ancestorTitles":["battle determinism, persistence and bounds"],"fullName":"battle determinism, persistence and bounds uses four ranks for twenty-versus-twenty battles while freezing historical twelve-formation limits","status":"passed","title":"uses four ranks for twenty-versus-twenty battles while freezing historical twelve-formation limits","duration":51.246955000000014,"failureMessages":[],"meta":{},"tags":[]},{"ancestorTitles":["battle determinism, persistence and bounds"],"fullName":"battle determinism, persistence and bounds autoresolve exactly matches manual rounds using the same AI orders","status":"passed","title":"autoresolve exactly matches manual rounds using the same AI orders","duration":1.9867270000000303,"failureMessages":[],"meta":{},"tags":[]},{"ancestorTitles":["battle determinism, persistence and bounds"],"fullName":"battle determinism, persistence and bounds is independent of input formation insertion order","status":"passed","title":"is independent of input formation insertion order","duration":4.912184000000025,"failureMessages":[],"meta":{},"tags":[]},{"ancestorTitles":["battle determinism, persistence and bounds"],"fullName":"battle determinism, persistence and bounds preserves exact continuation after JSON save/load midway through battle","status":"passed","title":"preserves exact continuation after JSON save/load midway through battle","duration":1.7769200000000183,"failureMessages":[],"meta":{},"tags":[]},{"ancestorTitles":["battle determinism, persistence and bounds"],"fullName":"battle determinism, persistence and bounds rejects malformed fields, conflicting slots/IDs, dead starts and illegal orders","status":"passed","title":"rejects malformed fields, conflicting slots/IDs, dead starts and illegal orders","duration":7.718504999999993,"failureMessages":[],"meta":{},"tags":[]},{"ancestorTitles":["battle determinism, persistence and bounds"],"fullName":"battle determinism, persistence and bounds terminates deterministically with bounded casualties and integer stats across varied formations","status":"passed","title":"terminates deterministically with bounded casualties and integer stats across varied formations","duration":804.5122289999999,"failureMessages":[],"meta":{},"tags":[]}],"startTime":1790018310816,"endTime":1790018311724.5122,"status":"passed","message":"","name":"/home/telephoneheater/Work/Theandril/packages/sim/src/combat/combat.test.ts"},{"assertionResults":[{"ancestorTitles":["canonical individual battle rules"],"fullName":"canonical individual battle rules represents actual initial strength with stable identities, while frozen battle9 carries no future state","status":"passed","title":"represents actual initial strength with stable identities, while frozen battle9 carries no future state","duration":14.266492000000028,"failureMessages":[],"meta":{},"tags":[]},{"ancestorTitles":["canonical individual battle rules"],"fullName":"canonical individual battle rules lets advancing infantry eventually reach a stationary braced line and records canonical movement/cohesion","status":"passed","title":"lets advancing infantry eventually reach a stationary braced line and records canonical movement/cohesion","duration":8.066102,"failureMessages":[],"meta":{},"tags":[]},{"ancestorTitles":["canonical individual battle rules"],"fullName":"canonical individual battle rules event participants and killed identities exactly reconcile every volley and pursuit, including ward absorption","status":"passed","title":"event participants and killed identities exactly reconcile every volley and pursuit, including ward absorption","duration":30.525896999999986,"failureMessages":[],"meta":{},"tags":[]},{"ancestorTitles":["canonical individual battle rules"],"fullName":"canonical individual battle rules pike screens reduce early mounted charge losses and support prevents the unprotected-flank bonus","status":"passed","title":"pike screens reduce early mounted charge losses and support prevents the unprotected-flank bonus","duration":6.944862999999998,"failureMessages":[],"meta":{},"tags":[]},{"ancestorTitles":["canonical individual battle rules"],"fullName":"canonical individual battle rules a missile line can fire before melee reaches contact, and naval strength remains one visible hull","status":"passed","title":"a missile line can fire before melee reaches contact, and naval strength remains one visible hull","duration":1.9854159999999865,"failureMessages":[],"meta":{},"tags":[]},{"ancestorTitles":["canonical individual battle rules"],"fullName":"canonical individual battle rules manual AI orders and autoresolve have the same canonical hash through JSON continuation and detached observers","status":"passed","title":"manual AI orders and autoresolve have the same canonical hash through JSON continuation and detached observers","duration":3.862154999999973,"failureMessages":[],"meta":{},"tags":[]}],"startTime":1790018315543,"endTime":1790018315608.862,"status":"passed","message":"","name":"/home/telephoneheater/Work/Theandril/packages/sim/src/combat/individual.test.ts"},{"assertionResults":[{"ancestorTitles":["compendium sprite coverage"],"fullName":"compendium sprite coverage projects every published sprite the overview actually asks for","status":"passed","title":"projects every published sprite the overview actually asks for","duration":2.2531290000000013,"failureMessages":[],"meta":{},"tags":[]},{"ancestorTitles":["compendium sprite coverage"],"fullName":"compendium sprite coverage does not pretend a sprite exists where the catalog has none","status":"passed","title":"does not pretend a sprite exists where the catalog has none","duration":0.39560800000000995,"failureMessages":[],"meta":{},"tags":[]}],"startTime":1790018316398,"endTime":1790018316400.3955,"status":"passed","message":"","name":"/home/telephoneheater/Work/Theandril/apps/web/src/updates/compendium/coverage.test.ts"},{"assertionResults":[{"ancestorTitles":[],"fullName":"generated compendium data is an exact projection of the content package and art catalog","status":"passed","title":"generated compendium data is an exact projection of the content package and art catalog","duration":28.578360000000032,"failureMessages":[],"meta":{},"tags":[]}],"startTime":1790018315888,"endTime":1790018315916.5784,"status":"passed","message":"","name":"/home/telephoneheater/Work/Theandril/apps/web/src/updates/compendium/data.test.ts"}]}