{"numTotalTestSuites":403,"numPassedTestSuites":402,"numFailedTestSuites":1,"numPendingTestSuites":0,"numTotalTests":1858,"numPassedTests":1857,"numFailedTests":1,"numPendingTests":0,"numTodoTests":0,"snapshot":{"added":0,"failure":false,"filesAdded":0,"filesRemoved":0,"filesRemovedList":[],"filesUnmatched":0,"filesUpdated":0,"matched":0,"total":0,"unchecked":0,"uncheckedKeysByFile":[],"unmatched":0,"updated":0,"didUpdate":false},"startTime":1790018413711,"success":false,"testResults":[{"assertionResults":[{"ancestorTitles":["actual offline CLI in disposable repository fixtures"],"fullName":"actual offline CLI in disposable repository fixtures validates a candidate without creating an approval or replacing an existing approval report","status":"passed","title":"validates a candidate without creating an approval or replacing an existing approval report","duration":349.78989799999994,"failureMessages":[],"meta":{},"tags":[]},{"ancestorTitles":["actual offline CLI in disposable repository fixtures"],"fullName":"actual offline CLI in disposable repository fixtures rejects an incorrect visual-review hash before creating any approval","status":"passed","title":"rejects an incorrect visual-review hash before creating any approval","duration":522.1368750000001,"failureMessages":[],"meta":{},"tags":[]},{"ancestorTitles":["actual offline CLI in disposable repository fixtures"],"fullName":"actual offline CLI in disposable repository fixtures creates review sheets but explicitly refuses source-comparison approval","status":"passed","title":"creates review sheets but explicitly refuses source-comparison approval","duration":487.41829299999995,"failureMessages":[],"meta":{},"tags":[]},{"ancestorTitles":["actual offline CLI in disposable repository fixtures"],"fullName":"actual offline CLI in disposable repository fixtures rebuilds a retained approval atlas without any cache or external art tools","status":"passed","title":"rebuilds a retained approval atlas without any cache or external art tools","duration":835.0509030000001,"failureMessages":[],"meta":{},"tags":[]},{"ancestorTitles":["published artwork and retained clean-checkout inputs"],"fullName":"published artwork and retained clean-checkout inputs retains reviewed frames, evidence and original sources with fresh exact reports","status":"passed","title":"retains reviewed frames, evidence and original sources with fresh exact reports","duration":8191.910875,"failureMessages":[],"meta":{},"tags":[]},{"ancestorTitles":["published artwork and retained clean-checkout inputs"],"fullName":"published artwork and retained clean-checkout inputs preserves real editable/source exports, timings and their processing hashes","status":"passed","title":"preserves real editable/source exports, timings and their processing hashes","duration":869.2134189999997,"failureMessages":[],"meta":{},"tags":[]},{"ancestorTitles":["published artwork and retained clean-checkout inputs"],"fullName":"published artwork and retained clean-checkout inputs rebuilds the published PNG/catalog and cross-checks browser copies and every frame pixel","status":"passed","title":"rebuilds the published PNG/catalog and cross-checks browser copies and every frame pixel","duration":1541.1201679999995,"failureMessages":[],"meta":{},"tags":[]},{"ancestorTitles":["published artwork and retained clean-checkout inputs"],"fullName":"published artwork and retained clean-checkout inputs keeps the complete published source/evidence closure outside Git ignore rules","status":"passed","title":"keeps the complete published source/evidence closure outside Git ignore rules","duration":1469.136274999999,"failureMessages":[],"meta":{},"tags":[]}],"startTime":1790018414158,"endTime":1790018428918.1362,"status":"passed","message":"","name":"/home/telephoneheater/Work/Theandril/tests/art-factory.test.ts"},{"assertionResults":[{"ancestorTitles":[],"fullName":"generated-start short AI victory produces complete factual logs identical after archive save/resume","status":"passed","title":"generated-start short AI victory produces complete factual logs identical after archive save/resume","duration":1157.437703,"failureMessages":[],"meta":{},"tags":[]},{"ancestorTitles":[],"fullName":"generated-start epic AI victory produces complete factual logs identical after archive save/resume","status":"failed","title":"generated-start epic AI victory produces complete factual logs identical after archive save/resume","duration":64474.050848,"failureMessages":["Error: STACK_TRACE_ERROR\n    at task (file:///home/telephoneheater/Work/Theandril/node_modules/.pnpm/@vitest+runner@4.1.11/node_modules/@vitest/runner/dist/chunk-artifact.js:1784:27)\n    at Object.<anonymous> (file:///home/telephoneheater/Work/Theandril/node_modules/.pnpm/@vitest+runner@4.1.11/node_modules/@vitest/runner/dist/chunk-artifact.js:1817:16)\n    at Object.<anonymous> (file:///home/telephoneheater/Work/Theandril/node_modules/.pnpm/@vitest+runner@4.1.11/node_modules/@vitest/runner/dist/chunk-artifact.js:1563:28)\n    at Object.chain (file:///home/telephoneheater/Work/Theandril/node_modules/.pnpm/@vitest+runner@4.1.11/node_modules/@vitest/runner/dist/chunk-artifact.js:599:14)\n    at file:///home/telephoneheater/Work/Theandril/node_modules/.pnpm/@vitest+runner@4.1.11/node_modules/@vitest/runner/dist/chunk-artifact.js:2027:7\n    at Array.forEach (<anonymous>)\n    at file:///home/telephoneheater/Work/Theandril/node_modules/.pnpm/@vitest+runner@4.1.11/node_modules/@vitest/runner/dist/chunk-artifact.js:2021:10\n    at /home/telephoneheater/Work/Theandril/tests/headless/chronicle-victory.test.ts:11:37\n    at processTicksAndRejections (node:internal/process/task_queues:103:5)\n    at VitestModuleEvaluator._runInlinedModule (file:///home/telephoneheater/Work/Theandril/node_modules/.pnpm/vitest@4.1.11_@types+node@24.13.3_vite@7.3.6_@types+node@24.13.3_tsx@4.23.13_/node_modules/vitest/dist/module-evaluator.js:206:4)"],"meta":{},"tags":[]}],"startTime":1790018414454,"endTime":1790018480086.0508,"status":"failed","message":"","name":"/home/telephoneheater/Work/Theandril/tests/headless/chronicle-victory.test.ts"},{"assertionResults":[{"ancestorTitles":[],"fullName":"runs 100 AI-led frontier turns through conquest and peace with projects deferred and exact midpoint continuation","status":"passed","title":"runs 100 AI-led frontier turns through conquest and peace with projects deferred and exact midpoint continuation","duration":1337.797218,"failureMessages":[],"meta":{},"tags":[]}],"startTime":1790018442858,"endTime":1790018444195.797,"status":"passed","message":"","name":"/home/telephoneheater/Work/Theandril/tests/headless/conquest-soak.test.ts"},{"assertionResults":[{"ancestorTitles":[],"fullName":"generated seed 17 preserves real queued travel and all route events through archive save/replay","status":"passed","title":"generated seed 17 preserves real queued travel and all route events through archive save/replay","duration":115.163342,"failureMessages":[],"meta":{},"tags":[]},{"ancestorTitles":[],"fullName":"generated seed 42 preserves real queued travel and all route events through archive save/replay","status":"passed","title":"generated seed 42 preserves real queued travel and all route events through archive save/replay","duration":50.32059600000002,"failureMessages":[],"meta":{},"tags":[]},{"ancestorTitles":[],"fullName":"generated seed 74 preserves real queued travel and all route events through archive save/replay","status":"passed","title":"generated seed 74 preserves real queued travel and all route events through archive save/replay","duration":51.90704899999997,"failureMessages":[],"meta":{},"tags":[]},{"ancestorTitles":[],"fullName":"generated seed 99 preserves real queued travel and all route events through archive save/replay","status":"passed","title":"generated seed 99 preserves real queued travel and all route events through archive save/replay","duration":48.60898899999995,"failureMessages":[],"meta":{},"tags":[]},{"ancestorTitles":[],"fullName":"generated seed 20260905 preserves real queued travel and all route events through archive save/replay","status":"passed","title":"generated seed 20260905 preserves real queued travel and all route events through archive save/replay","duration":41.826134000000025,"failureMessages":[],"meta":{},"tags":[]}],"startTime":1790018456330,"endTime":1790018456637.8262,"status":"passed","message":"","name":"/home/telephoneheater/Work/Theandril/tests/headless/travel-archive.test.ts"},{"assertionResults":[{"ancestorTitles":["lint boundaries for frozen review evidence"],"fullName":"lint boundaries for frozen review evidence does not reinterpret the byte-preserved reviewer snapshot as live source","status":"passed","title":"does not reinterpret the byte-preserved reviewer snapshot as live source","duration":323.204605,"failureMessages":[],"meta":{},"tags":[]},{"ancestorTitles":["lint boundaries for frozen review evidence"],"fullName":"lint boundaries for frozen review evidence still enforces explicit typing in production source and maintained tests","status":"passed","title":"still enforces explicit typing in production source and maintained tests","duration":50.889815000000056,"failureMessages":[],"meta":{},"tags":[]}],"startTime":1790018452782,"endTime":1790018453155.89,"status":"passed","message":"","name":"/home/telephoneheater/Work/Theandril/tests/tooling/lint-boundaries.test.ts"},{"assertionResults":[{"ancestorTitles":[],"fullName":"verification workflows retain immutable evidence revisions beyond a shallow checkout","status":"passed","title":"verification workflows retain immutable evidence revisions beyond a shallow checkout","duration":2.2754369999999966,"failureMessages":[],"meta":{},"tags":[]},{"ancestorTitles":[],"fullName":"the actual Pages suite collects journal journeys alongside game and navigation smoke","status":"passed","title":"the actual Pages suite collects journal journeys alongside game and navigation smoke","duration":664.720996,"failureMessages":[],"meta":{},"tags":[]}],"startTime":1790018447932,"endTime":1790018448598.721,"status":"passed","message":"","name":"/home/telephoneheater/Work/Theandril/tests/tooling/pages-journal.test.ts"},{"assertionResults":[{"ancestorTitles":[],"fullName":"builds the game and every public site page as independent HTML entrypoints","status":"passed","title":"builds the game and every public site page as independent HTML entrypoints","duration":1.826560999999998,"failureMessages":[],"meta":{},"tags":[]},{"ancestorTitles":[],"fullName":"Pages checks the journal contract before uploading the public artifact","status":"passed","title":"Pages checks the journal contract before uploading the public artifact","duration":0.8515209999999911,"failureMessages":[],"meta":{},"tags":[]},{"ancestorTitles":[],"fullName":"Pages regenerates the master change feed from full history right before building","status":"passed","title":"Pages regenerates the master change feed from full history right before building","duration":0.3377179999999953,"failureMessages":[],"meta":{},"tags":[]}],"startTime":1790018462339,"endTime":1790018462342.3376,"status":"passed","message":"","name":"/home/telephoneheater/Work/Theandril/tests/tooling/updates-build.test.ts"},{"assertionResults":[{"ancestorTitles":[],"fullName":"'Ashen Compact' AI settles, builds, recruits and expands through the public command API","status":"passed","title":"'Ashen Compact' AI settles, builds, recruits and expands through the public command API","duration":491.545766,"failureMessages":[],"meta":{},"tags":[]},{"ancestorTitles":[],"fullName":"'Reedbound Council' AI settles, builds, recruits and expands through the public command API","status":"passed","title":"'Reedbound Council' AI settles, builds, recruits and expands through the public command API","duration":232.46070099999997,"failureMessages":[],"meta":{},"tags":[]},{"ancestorTitles":[],"fullName":"'Cinder March' AI settles, builds, recruits and expands through the public command API","status":"passed","title":"'Cinder March' AI settles, builds, recruits and expands through the public command API","duration":321.01974300000006,"failureMessages":[],"meta":{},"tags":[]},{"ancestorTitles":[],"fullName":"'Glass Tide' AI settles, builds, recruits and expands through the public command API","status":"passed","title":"'Glass Tide' AI settles, builds, recruits and expands through the public command API","duration":220.066513,"failureMessages":[],"meta":{},"tags":[]},{"ancestorTitles":[],"fullName":"'Iron Covenant' AI settles, builds, recruits and expands through the public command API","status":"passed","title":"'Iron Covenant' AI settles, builds, recruits and expands through the public command API","duration":219.71526700000004,"failureMessages":[],"meta":{},"tags":[]},{"ancestorTitles":[],"fullName":"'Sepulchral Synod' AI settles, builds, recruits and expands through the public command API","status":"passed","title":"'Sepulchral Synod' AI settles, builds, recruits and expands through the public command API","duration":247.011614,"failureMessages":[],"meta":{},"tags":[]},{"ancestorTitles":[],"fullName":"'Mire Courts' AI settles, builds, recruits and expands through the public command API","status":"passed","title":"'Mire Courts' AI settles, builds, recruits and expands through the public command API","duration":336.9722079999999,"failureMessages":[],"meta":{},"tags":[]},{"ancestorTitles":[],"fullName":"'Saltwind Remnant' AI settles, builds, recruits and expands through the public command API","status":"passed","title":"'Saltwind Remnant' AI settles, builds, recruits and expands through the public command API","duration":251.03625499999998,"failureMessages":[],"meta":{},"tags":[]},{"ancestorTitles":[],"fullName":"'Wardhall Remnant' AI settles, builds, recruits and expands through the public command API","status":"passed","title":"'Wardhall Remnant' AI settles, builds, recruits and expands through the public command API","duration":210.48589200000015,"failureMessages":[],"meta":{},"tags":[]},{"ancestorTitles":[],"fullName":"'Rimehorn Clans' AI settles, builds, recruits and expands through the public command API","status":"passed","title":"'Rimehorn Clans' AI settles, builds, recruits and expands through the public command API","duration":275.92008199999964,"failureMessages":[],"meta":{},"tags":[]},{"ancestorTitles":[],"fullName":"'Sable Steppe' AI settles, builds, recruits and expands through the public command API","status":"passed","title":"'Sable Steppe' AI settles, builds, recruits and expands through the public command API","duration":277.6672830000002,"failureMessages":[],"meta":{},"tags":[]},{"ancestorTitles":[],"fullName":"'Morrow Spore' AI settles, builds, recruits and expands through the public command API","status":"passed","title":"'Morrow Spore' AI settles, builds, recruits and expands through the public command API","duration":193.0738379999998,"failureMessages":[],"meta":{},"tags":[]},{"ancestorTitles":[],"fullName":"'Cistern Assembly' AI settles, builds, recruits and expands through the public command API","status":"passed","title":"'Cistern Assembly' AI settles, builds, recruits and expands through the public command API","duration":196.47196500000018,"failureMessages":[],"meta":{},"tags":[]},{"ancestorTitles":[],"fullName":"'Unsealed Companies' AI settles, builds, recruits and expands through the public command API","status":"passed","title":"'Unsealed Companies' AI settles, builds, recruits and expands through the public command API","duration":231.15532699999994,"failureMessages":[],"meta":{},"tags":[]},{"ancestorTitles":[],"fullName":"'Lantern Hospices' AI settles, builds, recruits and expands through the public command API","status":"passed","title":"'Lantern Hospices' AI settles, builds, recruits and expands through the public command API","duration":191.67867800000022,"failureMessages":[],"meta":{},"tags":[]},{"ancestorTitles":[],"fullName":"'Cairnwing Concord' AI settles, builds, recruits and expands through the public command API","status":"passed","title":"'Cairnwing Concord' AI settles, builds, recruits and expands through the public command API","duration":282.2149249999993,"failureMessages":[],"meta":{},"tags":[]},{"ancestorTitles":[],"fullName":"'Red Sluice Directorate' AI settles, builds, recruits and expands through the public command API","status":"passed","title":"'Red Sluice Directorate' AI settles, builds, recruits and expands through the public command API","duration":363.9437619999999,"failureMessages":[],"meta":{},"tags":[]},{"ancestorTitles":[],"fullName":"'Velvet Meridian' AI settles, builds, recruits and expands through the public command API","status":"passed","title":"'Velvet Meridian' AI settles, builds, recruits and expands through the public command API","duration":189.4054670000005,"failureMessages":[],"meta":{},"tags":[]},{"ancestorTitles":[],"fullName":"'Brine Choir' AI settles, builds, recruits and expands through the public command API","status":"passed","title":"'Brine Choir' AI settles, builds, recruits and expands through the public command API","duration":192.6641410000002,"failureMessages":[],"meta":{},"tags":[]},{"ancestorTitles":[],"fullName":"'Emberwake Convocation' AI settles, builds, recruits and expands through the public command API","status":"passed","title":"'Emberwake Convocation' AI settles, builds, recruits and expands through the public command API","duration":241.8652320000001,"failureMessages":[],"meta":{},"tags":[]},{"ancestorTitles":[],"fullName":"'Underhush Exchange' AI settles, builds, recruits and expands through the public command API","status":"passed","title":"'Underhush Exchange' AI settles, builds, recruits and expands through the public command API","duration":214.2468060000001,"failureMessages":[],"meta":{},"tags":[]},{"ancestorTitles":[],"fullName":"'Vesper Court' AI settles, builds, recruits and expands through the public command API","status":"passed","title":"'Vesper Court' AI settles, builds, recruits and expands through the public command API","duration":180.99985800000013,"failureMessages":[],"meta":{},"tags":[]},{"ancestorTitles":[],"fullName":"'Manytrack Moot' AI settles, builds, recruits and expands through the public command API","status":"passed","title":"'Manytrack Moot' AI settles, builds, recruits and expands through the public command API","duration":224.16290299999946,"failureMessages":[],"meta":{},"tags":[]},{"ancestorTitles":[],"fullName":"'Margin Observance' AI settles, builds, recruits and expands through the public command API","status":"passed","title":"'Margin Observance' AI settles, builds, recruits and expands through the public command API","duration":282.72306000000026,"failureMessages":[],"meta":{},"tags":[]},{"ancestorTitles":[],"fullName":"AI cannot depend on hidden world state and resumes deterministically after save","status":"passed","title":"AI cannot depend on hidden world state and resumes deterministically after save","duration":685.8915079999997,"failureMessages":[],"meta":{},"tags":[]},{"ancestorTitles":[],"fullName":"production budget rotates so later settlements receive orders and colonists are not overqueued","status":"passed","title":"production budget rotates so later settlements receive orders and colonists are not overqueued","duration":14.414647999999943,"failureMessages":[],"meta":{},"tags":[]},{"ancestorTitles":[],"fullName":"planner does not spend movement proposals on terrain the army cannot afford","status":"passed","title":"planner does not spend movement proposals on terrain the army cannot afford","duration":4.174133999999867,"failureMessages":[],"meta":{},"tags":[]},{"ancestorTitles":[],"fullName":"founding names remain unique after losses leave gaps in the hearth sequence","status":"passed","title":"founding names remain unique after losses leave gaps in the hearth sequence","duration":5.771092999999382,"failureMessages":[],"meta":{},"tags":[]},{"ancestorTitles":[],"fullName":"a caravan with no remaining movement waits before founding","status":"passed","title":"a caravan with no remaining movement waits before founding","duration":3.689056000000164,"failureMessages":[],"meta":{},"tags":[]}],"startTime":1790018424679,"endTime":1790018431464.689,"status":"passed","message":"","name":"/home/telephoneheater/Work/Theandril/packages/ai/src/ai.test.ts"},{"assertionResults":[{"ancestorTitles":["AI defending-contingent consumers"],"fullName":"AI defending-contingent consumers executes a query-approved field attack against 21 formations using an unchanged detached observation","status":"passed","title":"executes a query-approved field attack against 21 formations using an unchanged detached observation","duration":112.04962600000002,"failureMessages":[],"meta":{},"tags":[]},{"ancestorTitles":["AI defending-contingent consumers"],"fullName":"AI defending-contingent consumers executes a query-approved naval attack against 21 hulls through the whole turn planner","status":"passed","title":"executes a query-approved naval attack against 21 hulls through the whole turn planner","duration":86.02153599999997,"failureMessages":[],"meta":{},"tags":[]},{"ancestorTitles":["AI defending-contingent consumers"],"fullName":"AI defending-contingent consumers declares war on a contestable oversized stack before asking a fresh observation to authorize attack","status":"passed","title":"declares war on a contestable oversized stack before asking a fresh observation to authorize attack","duration":25.279300999999975,"failureMessages":[],"meta":{},"tags":[]},{"ancestorTitles":["AI defending-contingent consumers"],"fullName":"AI defending-contingent consumers uses the real one-movement road quote rather than re-pricing a contingent attack as forest travel","status":"passed","title":"uses the real one-movement road quote rather than re-pricing a contingent attack as forest travel","duration":38.35670899999997,"failureMessages":[],"meta":{},"tags":[]},{"ancestorTitles":["AI defending-contingent consumers"],"fullName":"AI defending-contingent consumers naval target selection skips a query-blocked old oversized stack rather than abandoning another legal target","status":"passed","title":"naval target selection skips a query-blocked old oversized stack rather than abandoning another legal target","duration":41.77430899999996,"failureMessages":[],"meta":{},"tags":[]},{"ancestorTitles":["AI defending-contingent consumers"],"fullName":"AI defending-contingent consumers 'field' plans accept mixed whole-container contingents and leave reserves intact","status":"passed","title":"'field' plans accept mixed whole-container contingents and leave reserves intact","duration":35.98106300000006,"failureMessages":[],"meta":{},"tags":[]},{"ancestorTitles":["AI defending-contingent consumers"],"fullName":"AI defending-contingent consumers 'naval' plans accept mixed whole-container contingents and leave reserves intact","status":"passed","title":"'naval' plans accept mixed whole-container contingents and leave reserves intact","duration":32.82284000000004,"failureMessages":[],"meta":{},"tags":[]},{"ancestorTitles":["AI defending-contingent consumers"],"fullName":"AI defending-contingent consumers 'field' cannot discount a strong strategic reserve to make an attack affordable","status":"passed","title":"'field' cannot discount a strong strategic reserve to make an attack affordable","duration":13.420933999999988,"failureMessages":[],"meta":{},"tags":[]},{"ancestorTitles":["AI defending-contingent consumers"],"fullName":"AI defending-contingent consumers 'naval' cannot discount a strong strategic reserve to make an attack affordable","status":"passed","title":"'naval' cannot discount a strong strategic reserve to make an attack affordable","duration":24.301222999999936,"failureMessages":[],"meta":{},"tags":[]},{"ancestorTitles":["AI defending-contingent consumers"],"fullName":"AI defending-contingent consumers 'field' keeps old no-preview observations and rule-16 guards conservative","status":"passed","title":"'field' keeps old no-preview observations and rule-16 guards conservative","duration":14.677909999999997,"failureMessages":[],"meta":{},"tags":[]},{"ancestorTitles":["AI defending-contingent consumers"],"fullName":"AI defending-contingent consumers 'naval' keeps old no-preview observations and rule-16 guards conservative","status":"passed","title":"'naval' keeps old no-preview observations and rule-16 guards conservative","duration":22.250084000000015,"failureMessages":[],"meta":{},"tags":[]},{"ancestorTitles":["AI defending-contingent consumers"],"fullName":"AI defending-contingent consumers 'field' decisions cannot read hidden reinforcements or foreign treasury","status":"passed","title":"'field' decisions cannot read hidden reinforcements or foreign treasury","duration":14.482494999999972,"failureMessages":[],"meta":{},"tags":[]},{"ancestorTitles":["AI defending-contingent consumers"],"fullName":"AI defending-contingent consumers 'naval' decisions cannot read hidden reinforcements or foreign treasury","status":"passed","title":"'naval' decisions cannot read hidden reinforcements or foreign treasury","duration":24.34721000000002,"failureMessages":[],"meta":{},"tags":[]},{"ancestorTitles":["AI defending-contingent consumers"],"fullName":"AI defending-contingent consumers 'field' honors a movement-query blocker even with a valid contingent preview","status":"passed","title":"'field' honors a movement-query blocker even with a valid contingent preview","duration":9.015373000000068,"failureMessages":[],"meta":{},"tags":[]},{"ancestorTitles":["AI defending-contingent consumers"],"fullName":"AI defending-contingent consumers 'naval' honors a movement-query blocker even with a valid contingent preview","status":"passed","title":"'naval' honors a movement-query blocker even with a valid contingent preview","duration":17.01279599999998,"failureMessages":[],"meta":{},"tags":[]},{"ancestorTitles":["AI defending-contingent consumers"],"fullName":"AI defending-contingent consumers uses the canonical siege assault quote for 21 garrison formations without capturing through reserves","status":"passed","title":"uses the canonical siege assault quote for 21 garrison formations without capturing through reserves","duration":56.70281900000009,"failureMessages":[],"meta":{},"tags":[]},{"ancestorTitles":["AI defending-contingent consumers"],"fullName":"AI defending-contingent consumers siege policy budgets against the complete observed garrison rather than the engaged preview","status":"passed","title":"siege policy budgets against the complete observed garrison rather than the engaged preview","duration":11.721498999999994,"failureMessages":[],"meta":{},"tags":[]}],"startTime":1790018453212,"endTime":1790018453793.7214,"status":"passed","message":"","name":"/home/telephoneheater/Work/Theandril/packages/ai/src/battle-defense.test.ts"},{"assertionResults":[{"ancestorTitles":[],"fullName":"AI funds observed appointments, attaches specialists, completes refits and spends earned experience with exact saved continuation","status":"passed","title":"AI funds observed appointments, attaches specialists, completes refits and spends earned experience with exact saved continuation","duration":413.7486630000001,"failureMessages":[],"meta":{},"tags":[]},{"ancestorTitles":[],"fullName":"zero discretionary budget never fabricates appointments or paid missions","status":"passed","title":"zero discretionary budget never fabricates appointments or paid missions","duration":17.460698999999977,"failureMessages":[],"meta":{},"tags":[]},{"ancestorTitles":[],"fullName":"AI follows acquired prerequisites and prefers battlecraft for a small army without guessing eligibility","status":"passed","title":"AI follows acquired prerequisites and prefers battlecraft for a small army without guessing eligibility","duration":27.412963999999988,"failureMessages":[],"meta":{},"tags":[]},{"ancestorTitles":[],"fullName":"full AI respects active mission carriers and never merges two commanded armies","status":"passed","title":"full AI respects active mission carriers and never merges two commanded armies","duration":34.51494200000002,"failureMessages":[],"meta":{},"tags":[]},{"ancestorTitles":[],"fullName":"full AI trains an experienced company before starting the same army’s paid refit","status":"passed","title":"full AI trains an experienced company before starting the same army’s paid refit","duration":23.928035000000023,"failureMessages":[],"meta":{},"tags":[]}],"startTime":1790018454164,"endTime":1790018454681.928,"status":"passed","message":"","name":"/home/telephoneheater/Work/Theandril/packages/ai/src/characters.test.ts"},{"assertionResults":[{"ancestorTitles":[],"fullName":"AI recruits varied formations and assembles real mixed armies through legal public commands","status":"passed","title":"AI recruits varied formations and assembles real mixed armies through legal public commands","duration":994.189457,"failureMessages":[],"meta":{},"tags":[]},{"ancestorTitles":[],"fullName":"founding proposals reserve space for other caravans within the same planning batch","status":"passed","title":"founding proposals reserve space for other caravans within the same planning batch","duration":11.665013000000044,"failureMessages":[],"meta":{},"tags":[]},{"ancestorTitles":[],"fullName":"AI concentrates 16 real formations under the eligible commander in response to a visible large rival","status":"passed","title":"AI concentrates 16 real formations under the eligible commander in response to a visible large rival","duration":27.225468999999975,"failureMessages":[],"meta":{},"tags":[]},{"ancestorTitles":[],"fullName":"AI concentrates 20 real formations under the eligible commander in response to a visible large rival","status":"passed","title":"AI concentrates 20 real formations under the eligible commander in response to a visible large rival","duration":19.73058500000002,"failureMessages":[],"meta":{},"tags":[]}],"startTime":1790018447431,"endTime":1790018448483.7305,"status":"passed","message":"","name":"/home/telephoneheater/Work/Theandril/packages/ai/src/composition.test.ts"},{"assertionResults":[{"ancestorTitles":[],"fullName":"AI invests a visible enemy town and maintains its siege until a legal assault","status":"passed","title":"AI invests a visible enemy town and maintains its siege until a legal assault","duration":73.87158900000003,"failureMessages":[],"meta":{},"tags":[]},{"ancestorTitles":[],"fullName":"AI advances toward a nearby visible settlement before establishing its siege","status":"passed","title":"AI advances toward a nearby visible settlement before establishing its siege","duration":16.961750999999992,"failureMessages":[],"meta":{},"tags":[]},{"ancestorTitles":[],"fullName":"AI respects visible third-party blockades without reading their private siege details","status":"passed","title":"AI respects visible third-party blockades without reading their private siege details","duration":11.350157999999965,"failureMessages":[],"meta":{},"tags":[]},{"ancestorTitles":[],"fullName":"AI only chooses supplied capture options and weighs recovery against treasury pressure","status":"passed","title":"AI only chooses supplied capture options and weighs recovery against treasury pressure","duration":10.601395999999966,"failureMessages":[],"meta":{},"tags":[]},{"ancestorTitles":[],"fullName":"AI lifts a hopeless siege and keeps exhausted field guards from attacking","status":"passed","title":"AI lifts a hopeless siege and keeps exhausted field guards from attacking","duration":9.78908899999999,"failureMessages":[],"meta":{},"tags":[]}],"startTime":1790018459378,"endTime":1790018459500.789,"status":"passed","message":"","name":"/home/telephoneheater/Work/Theandril/packages/ai/src/conquest.test.ts"},{"assertionResults":[{"ancestorTitles":[],"fullName":"sparse reconnaissance uses a public inward discovery bearing (naval: false)","status":"passed","title":"sparse reconnaissance uses a public inward discovery bearing (naval: false)","duration":41.920165999999995,"failureMessages":[],"meta":{},"tags":[]},{"ancestorTitles":[],"fullName":"sparse reconnaissance uses a public inward discovery bearing (naval: true)","status":"passed","title":"sparse reconnaissance uses a public inward discovery bearing (naval: true)","duration":54.931635,"failureMessages":[],"meta":{},"tags":[]},{"ancestorTitles":[],"fullName":"an isolated caravan can plan a paid second maritime outlet without claiming uncertain seas are connected","status":"passed","title":"an isolated caravan can plan a paid second maritime outlet without claiming uncertain seas are connected","duration":46.70448099999999,"failureMessages":[],"meta":{},"tags":[]}],"startTime":1790018459156,"endTime":1790018459299.7046,"status":"passed","message":"","name":"/home/telephoneheater/Work/Theandril/packages/ai/src/contact-reconnaissance.test.ts"},{"assertionResults":[{"ancestorTitles":["generated large-map faction contact"],"fullName":"generated large-map faction contact standard / 4 seats makes player contact through legal bounded plans with save replay","status":"passed","title":"standard / 4 seats makes player contact through legal bounded plans with save replay","duration":7092.870986,"failureMessages":[],"meta":{},"tags":[]},{"ancestorTitles":["generated large-map faction contact"],"fullName":"generated large-map faction contact standard / 24 seats makes player contact through legal bounded plans with save replay","status":"passed","title":"standard / 24 seats makes player contact through legal bounded plans with save replay","duration":9543.573935,"failureMessages":[],"meta":{},"tags":[]},{"ancestorTitles":["generated large-map faction contact"],"fullName":"generated large-map faction contact huge / 32 seats makes player contact through legal bounded plans with save replay","status":"passed","title":"huge / 32 seats makes player contact through legal bounded plans with save replay","duration":16144.677904999997,"failureMessages":[],"meta":{},"tags":[]},{"ancestorTitles":["generated large-map faction contact"],"fullName":"generated large-map faction contact has explicit frontier work bounds and deterministic destinations from detached observed cells","status":"passed","title":"has explicit frontier work bounds and deterministic destinations from detached observed cells","duration":678.4551240000001,"failureMessages":[],"meta":{},"tags":[]}],"startTime":1790018414373,"endTime":1790018447834.455,"status":"passed","message":"","name":"/home/telephoneheater/Work/Theandril/packages/ai/src/contact.test.ts"},{"assertionResults":[{"ancestorTitles":[],"fullName":"AI seeks an affordable peace after a prolonged war without issuing contradictory attacks","status":"passed","title":"AI seeks an affordable peace after a prolonged war without issuing contradictory attacks","duration":81.38841599999998,"failureMessages":[],"meta":{},"tags":[]},{"ancestorTitles":[],"fullName":"AI responds using shared valuation and respects the resulting binding peace","status":"passed","title":"AI responds using shared valuation and respects the resulting binding peace","duration":29.997169999999983,"failureMessages":[],"meta":{},"tags":[]},{"ancestorTitles":[],"fullName":"AI rejects unaffordable reparations and retains the explanation","status":"passed","title":"AI rejects unaffordable reparations and retains the explanation","duration":14.763627999999983,"failureMessages":[],"meta":{},"tags":[]},{"ancestorTitles":[],"fullName":"AI legally rejects a payment offer whose proposer spends the promised coin","status":"passed","title":"AI legally rejects a payment offer whose proposer spends the promised coin","duration":16.927491000000032,"failureMessages":[],"meta":{},"tags":[]},{"ancestorTitles":[],"fullName":"AI preserves first-contact fighting and offers limited tribute for later exhaustion","status":"passed","title":"AI preserves first-contact fighting and offers limited tribute for later exhaustion","duration":13.474794000000031,"failureMessages":[],"meta":{},"tags":[]}],"startTime":1790018459511,"endTime":1790018459667.4749,"status":"passed","message":"","name":"/home/telephoneheater/Work/Theandril/packages/ai/src/diplomacy.test.ts"},{"assertionResults":[{"ancestorTitles":[],"fullName":"Mire Courts earn a same-landmass inland ferry colony, with a saved voyage and exact command replay","status":"passed","title":"Mire Courts earn a same-landmass inland ferry colony, with a saved voyage and exact command replay","duration":418.67211699999996,"failureMessages":[],"meta":{},"tags":[]}],"startTime":1790018454069,"endTime":1790018454487.672,"status":"passed","message":"","name":"/home/telephoneheater/Work/Theandril/packages/ai/src/enclosed-sea.test.ts"},{"assertionResults":[{"ancestorTitles":[],"fullName":"faction.cistern_assembly pays for unit.spearman then unit.guard from equal legal forces, with real saved completion","status":"passed","title":"faction.cistern_assembly pays for unit.spearman then unit.guard from equal legal forces, with real saved completion","duration":99.69139099999998,"failureMessages":[],"meta":{},"tags":[]},{"ancestorTitles":[],"fullName":"faction.unsealed_companies pays for unit.spearman then unit.cavalry from equal legal forces, with real saved completion","status":"passed","title":"faction.unsealed_companies pays for unit.spearman then unit.cavalry from equal legal forces, with real saved completion","duration":39.05786499999999,"failureMessages":[],"meta":{},"tags":[]},{"ancestorTitles":[],"fullName":"faction.lantern_hospices pays for unit.guard then unit.guard from equal legal forces, with real saved completion","status":"passed","title":"faction.lantern_hospices pays for unit.guard then unit.guard from equal legal forces, with real saved completion","duration":32.63304999999997,"failureMessages":[],"meta":{},"tags":[]},{"ancestorTitles":[],"fullName":"faction.cairnwing_concord pays for unit.spearman then unit.scout from equal legal forces, with real saved completion","status":"passed","title":"faction.cairnwing_concord pays for unit.spearman then unit.scout from equal legal forces, with real saved completion","duration":31.62209999999999,"failureMessages":[],"meta":{},"tags":[]},{"ancestorTitles":[],"fullName":"faction.red_sluice pays for unit.spearman then unit.heavy_infantry from equal legal forces, with real saved completion","status":"passed","title":"faction.red_sluice pays for unit.spearman then unit.heavy_infantry from equal legal forces, with real saved completion","duration":49.01891800000004,"failureMessages":[],"meta":{},"tags":[]},{"ancestorTitles":[],"fullName":"faction.velvet_meridian pays for unit.scout then unit.guard from equal legal forces, with real saved completion","status":"passed","title":"faction.velvet_meridian pays for unit.scout then unit.guard from equal legal forces, with real saved completion","duration":31.85095000000001,"failureMessages":[],"meta":{},"tags":[]},{"ancestorTitles":[],"fullName":"faction.brine_choir pays for unit.guard then unit.spearman from equal legal forces, with real saved completion","status":"passed","title":"faction.brine_choir pays for unit.guard then unit.spearman from equal legal forces, with real saved completion","duration":31.78432799999996,"failureMessages":[],"meta":{},"tags":[]},{"ancestorTitles":[],"fullName":"faction.emberwake_convocation pays for unit.guard then unit.heavy_infantry from equal legal forces, with real saved completion","status":"passed","title":"faction.emberwake_convocation pays for unit.guard then unit.heavy_infantry from equal legal forces, with real saved completion","duration":37.358979999999974,"failureMessages":[],"meta":{},"tags":[]},{"ancestorTitles":[],"fullName":"faction.underhush_exchange pays for unit.guard then unit.spearman from equal legal forces, with real saved completion","status":"passed","title":"faction.underhush_exchange pays for unit.guard then unit.spearman from equal legal forces, with real saved completion","duration":54.50305300000002,"failureMessages":[],"meta":{},"tags":[]},{"ancestorTitles":[],"fullName":"faction.vesper_court pays for unit.heavy_infantry then unit.cavalry from equal legal forces, with real saved completion","status":"passed","title":"faction.vesper_court pays for unit.heavy_infantry then unit.cavalry from equal legal forces, with real saved completion","duration":59.75015499999995,"failureMessages":[],"meta":{},"tags":[]},{"ancestorTitles":[],"fullName":"faction.manytrack_moot pays for unit.scout then unit.spearman from equal legal forces, with real saved completion","status":"passed","title":"faction.manytrack_moot pays for unit.scout then unit.spearman from equal legal forces, with real saved completion","duration":52.47817999999995,"failureMessages":[],"meta":{},"tags":[]},{"ancestorTitles":[],"fullName":"faction.margin_observance pays for unit.scout then unit.guard from equal legal forces, with real saved completion","status":"passed","title":"faction.margin_observance pays for unit.scout then unit.guard from equal legal forces, with real saved completion","duration":52.245342999999934,"failureMessages":[],"meta":{},"tags":[]},{"ancestorTitles":[],"fullName":"Vesper’s expensive preferences do not override the real treasury gate","status":"passed","title":"Vesper’s expensive preferences do not override the real treasury gate","duration":19.222131999999988,"failureMessages":[],"meta":{},"tags":[]}],"startTime":1790018453949,"endTime":1790018454541.2222,"status":"passed","message":"","name":"/home/telephoneheater/Work/Theandril/packages/ai/src/faction-cohort24.test.ts"},{"assertionResults":[{"ancestorTitles":[],"fullName":"idle developed towns fund the observed project instead of prioritizing unused industry","status":"passed","title":"idle developed towns fund the observed project instead of prioritizing unused industry","duration":56.50604099999998,"failureMessages":[],"meta":{},"tags":[]},{"ancestorTitles":[],"fullName":"fiscal worker orders use real claimed options and preserve exact save continuation without spending","status":"passed","title":"fiscal worker orders use real claimed options and preserve exact save continuation without spending","duration":39.826683,"failureMessages":[],"meta":{},"tags":[]}],"startTime":1790018459200,"endTime":1790018459296.8267,"status":"passed","message":"","name":"/home/telephoneheater/Work/Theandril/packages/ai/src/fiscal-workers.test.ts"},{"assertionResults":[{"ancestorTitles":["shared-rule AI land development"],"fullName":"shared-rule AI land development 'Ashen Compact' assigns workers and completes productive land works with exact continuation","status":"passed","title":"'Ashen Compact' assigns workers and completes productive land works with exact continuation","duration":174.506584,"failureMessages":[],"meta":{},"tags":[]},{"ancestorTitles":["shared-rule AI land development"],"fullName":"shared-rule AI land development 'Reedbound Council' assigns workers and completes productive land works with exact continuation","status":"passed","title":"'Reedbound Council' assigns workers and completes productive land works with exact continuation","duration":143.76115699999997,"failureMessages":[],"meta":{},"tags":[]},{"ancestorTitles":["shared-rule AI land development"],"fullName":"shared-rule AI land development 'Cinder March' assigns workers and completes productive land works with exact continuation","status":"passed","title":"'Cinder March' assigns workers and completes productive land works with exact continuation","duration":97.42461500000002,"failureMessages":[],"meta":{},"tags":[]},{"ancestorTitles":["shared-rule AI land development"],"fullName":"shared-rule AI land development 'Glass Tide' assigns workers and completes productive land works with exact continuation","status":"passed","title":"'Glass Tide' assigns workers and completes productive land works with exact continuation","duration":87.25399200000004,"failureMessages":[],"meta":{},"tags":[]},{"ancestorTitles":["shared-rule AI land development"],"fullName":"shared-rule AI land development 'Iron Covenant' assigns workers and completes productive land works with exact continuation","status":"passed","title":"'Iron Covenant' assigns workers and completes productive land works with exact continuation","duration":82.00122099999999,"failureMessages":[],"meta":{},"tags":[]},{"ancestorTitles":["shared-rule AI land development"],"fullName":"shared-rule AI land development 'Sepulchral Synod' assigns workers and completes productive land works with exact continuation","status":"passed","title":"'Sepulchral Synod' assigns workers and completes productive land works with exact continuation","duration":85.00559800000008,"failureMessages":[],"meta":{},"tags":[]},{"ancestorTitles":["shared-rule AI land development"],"fullName":"shared-rule AI land development 'Mire Courts' assigns workers and completes productive land works with exact continuation","status":"passed","title":"'Mire Courts' assigns workers and completes productive land works with exact continuation","duration":81.70279600000003,"failureMessages":[],"meta":{},"tags":[]},{"ancestorTitles":["shared-rule AI land development"],"fullName":"shared-rule AI land development 'Saltwind Remnant' assigns workers and completes productive land works with exact continuation","status":"passed","title":"'Saltwind Remnant' assigns workers and completes productive land works with exact continuation","duration":80.37204499999996,"failureMessages":[],"meta":{},"tags":[]},{"ancestorTitles":["shared-rule AI land development"],"fullName":"shared-rule AI land development 'Wardhall Remnant' assigns workers and completes productive land works with exact continuation","status":"passed","title":"'Wardhall Remnant' assigns workers and completes productive land works with exact continuation","duration":83.90573500000005,"failureMessages":[],"meta":{},"tags":[]},{"ancestorTitles":["shared-rule AI land development"],"fullName":"shared-rule AI land development 'Rimehorn Clans' assigns workers and completes productive land works with exact continuation","status":"passed","title":"'Rimehorn Clans' assigns workers and completes productive land works with exact continuation","duration":81.79898100000014,"failureMessages":[],"meta":{},"tags":[]},{"ancestorTitles":["shared-rule AI land development"],"fullName":"shared-rule AI land development 'Sable Steppe' assigns workers and completes productive land works with exact continuation","status":"passed","title":"'Sable Steppe' assigns workers and completes productive land works with exact continuation","duration":107.10324700000001,"failureMessages":[],"meta":{},"tags":[]},{"ancestorTitles":["shared-rule AI land development"],"fullName":"shared-rule AI land development 'Morrow Spore' assigns workers and completes productive land works with exact continuation","status":"passed","title":"'Morrow Spore' assigns workers and completes productive land works with exact continuation","duration":144.62245300000018,"failureMessages":[],"meta":{},"tags":[]},{"ancestorTitles":["shared-rule AI land development"],"fullName":"shared-rule AI land development 'Cistern Assembly' assigns workers and completes productive land works with exact continuation","status":"passed","title":"'Cistern Assembly' assigns workers and completes productive land works with exact continuation","duration":94.79826000000003,"failureMessages":[],"meta":{},"tags":[]},{"ancestorTitles":["shared-rule AI land development"],"fullName":"shared-rule AI land development 'Unsealed Companies' assigns workers and completes productive land works with exact continuation","status":"passed","title":"'Unsealed Companies' assigns workers and completes productive land works with exact continuation","duration":101.92536900000005,"failureMessages":[],"meta":{},"tags":[]},{"ancestorTitles":["shared-rule AI land development"],"fullName":"shared-rule AI land development 'Lantern Hospices' assigns workers and completes productive land works with exact continuation","status":"passed","title":"'Lantern Hospices' assigns workers and completes productive land works with exact continuation","duration":84.1954330000001,"failureMessages":[],"meta":{},"tags":[]},{"ancestorTitles":["shared-rule AI land development"],"fullName":"shared-rule AI land development 'Cairnwing Concord' assigns workers and completes productive land works with exact continuation","status":"passed","title":"'Cairnwing Concord' assigns workers and completes productive land works with exact continuation","duration":75.46776299999988,"failureMessages":[],"meta":{},"tags":[]},{"ancestorTitles":["shared-rule AI land development"],"fullName":"shared-rule AI land development 'Red Sluice Directorate' assigns workers and completes productive land works with exact continuation","status":"passed","title":"'Red Sluice Directorate' assigns workers and completes productive land works with exact continuation","duration":82.00055600000019,"failureMessages":[],"meta":{},"tags":[]},{"ancestorTitles":["shared-rule AI land development"],"fullName":"shared-rule AI land development 'Velvet Meridian' assigns workers and completes productive land works with exact continuation","status":"passed","title":"'Velvet Meridian' assigns workers and completes productive land works with exact continuation","duration":79.36569800000007,"failureMessages":[],"meta":{},"tags":[]},{"ancestorTitles":["shared-rule AI land development"],"fullName":"shared-rule AI land development 'Brine Choir' assigns workers and completes productive land works with exact continuation","status":"passed","title":"'Brine Choir' assigns workers and completes productive land works with exact continuation","duration":76.11609099999987,"failureMessages":[],"meta":{},"tags":[]},{"ancestorTitles":["shared-rule AI land development"],"fullName":"shared-rule AI land development 'Emberwake Convocation' assigns workers and completes productive land works with exact continuation","status":"passed","title":"'Emberwake Convocation' assigns workers and completes productive land works with exact continuation","duration":78.17787399999997,"failureMessages":[],"meta":{},"tags":[]},{"ancestorTitles":["shared-rule AI land development"],"fullName":"shared-rule AI land development 'Underhush Exchange' assigns workers and completes productive land works with exact continuation","status":"passed","title":"'Underhush Exchange' assigns workers and completes productive land works with exact continuation","duration":78.54760899999974,"failureMessages":[],"meta":{},"tags":[]},{"ancestorTitles":["shared-rule AI land development"],"fullName":"shared-rule AI land development 'Vesper Court' assigns workers and completes productive land works with exact continuation","status":"passed","title":"'Vesper Court' assigns workers and completes productive land works with exact continuation","duration":75.46674500000017,"failureMessages":[],"meta":{},"tags":[]},{"ancestorTitles":["shared-rule AI land development"],"fullName":"shared-rule AI land development 'Manytrack Moot' assigns workers and completes productive land works with exact continuation","status":"passed","title":"'Manytrack Moot' assigns workers and completes productive land works with exact continuation","duration":77.24590500000022,"failureMessages":[],"meta":{},"tags":[]},{"ancestorTitles":["shared-rule AI land development"],"fullName":"shared-rule AI land development 'Margin Observance' assigns workers and completes productive land works with exact continuation","status":"passed","title":"'Margin Observance' assigns workers and completes productive land works with exact continuation","duration":74.88004300000011,"failureMessages":[],"meta":{},"tags":[]},{"ancestorTitles":["shared-rule AI land development"],"fullName":"shared-rule AI land development does not spend reserved coin or propose unaffordable work","status":"passed","title":"does not spend reserved coin or propose unaffordable work","duration":3.294553000000178,"failureMessages":[],"meta":{},"tags":[]}],"startTime":1790018440752,"endTime":1790018442985.2944,"status":"passed","message":"","name":"/home/telephoneheater/Work/Theandril/packages/ai/src/land.test.ts"},{"assertionResults":[{"ancestorTitles":["actual generator7 inland-sea knowledge, not an authored voyage or omniscient planner"],"fullName":"actual generator7 inland-sea knowledge, not an authored voyage or omniscient planner proves the 1074-cell salt sea enclosed using the whole known boundary beyond the old1024 cap","status":"passed","title":"proves the 1074-cell salt sea enclosed using the whole known boundary beyond the old1024 cap","duration":7.221218000000022,"failureMessages":[],"meta":{},"tags":[]},{"ancestorTitles":["actual generator7 inland-sea knowledge, not an authored voyage or omniscient planner"],"fullName":"actual generator7 inland-sea knowledge, not an authored voyage or omniscient planner does not treat an unseen shoreline as closed or an unproved remote ocean as connected","status":"passed","title":"does not treat an unseen shoreline as closed or an unproved remote ocean as connected","duration":4.776392999999985,"failureMessages":[],"meta":{},"tags":[]}],"startTime":1790018458790,"endTime":1790018458801.7764,"status":"passed","message":"","name":"/home/telephoneheater/Work/Theandril/packages/ai/src/large-basin.test.ts"},{"assertionResults":[{"ancestorTitles":[],"fullName":"observation-only AI pays for one useful Waykeeper, attaches it and purchases real national discoveries before shared-kernel combat","status":"passed","title":"observation-only AI pays for one useful Waykeeper, attaches it and purchases real national discoveries before shared-kernel combat","duration":105.57369899999998,"failureMessages":[],"meta":{},"tags":[]},{"ancestorTitles":[],"fullName":"the AI never appoints unfunded casters or researches magic without an actual gifted officer","status":"passed","title":"the AI never appoints unfunded casters or researches magic without an actual gifted officer","duration":19.550067999999953,"failureMessages":[],"meta":{},"tags":[]},{"ancestorTitles":[],"fullName":"a declined tactical policy never causes the AI to substitute an unrecorded spell action","status":"passed","title":"a declined tactical policy never causes the AI to substitute an unrecorded spell action","duration":17.34126600000002,"failureMessages":[],"meta":{},"tags":[]},{"ancestorTitles":[],"fullName":"Waykeepers choose a qualifying local battle stack and its free companion slot, never a lone explorer","status":"passed","title":"Waykeepers choose a qualifying local battle stack and its free companion slot, never a lone explorer","duration":28.508217000000002,"failureMessages":[],"meta":{},"tags":[]},{"ancestorTitles":[],"fullName":"a remote qualifying army does not justify a paid Waykeeper for a local lone scout","status":"passed","title":"a remote qualifying army does not justify a paid Waykeeper for a local lone scout","duration":19.90018600000002,"failureMessages":[],"meta":{},"tags":[]},{"ancestorTitles":[],"fullName":"Arcane research buys only discoveries usable by the actual personal paths of its living caster","status":"passed","title":"Arcane research buys only discoveries usable by the actual personal paths of its living caster","duration":42.127048,"failureMessages":[],"meta":{},"tags":[]}],"startTime":1790018457581,"endTime":1790018457814.127,"status":"passed","message":"","name":"/home/telephoneheater/Work/Theandril/packages/ai/src/magic.test.ts"},{"assertionResults":[{"ancestorTitles":[],"fullName":"remote reserved hulls do not replace two paid local hulls for a twenty-formation expedition","status":"passed","title":"remote reserved hulls do not replace two paid local hulls for a twenty-formation expedition","duration":291.720628,"failureMessages":[],"meta":{},"tags":[]}],"startTime":1790018458209,"endTime":1790018458500.7207,"status":"passed","message":"","name":"/home/telephoneheater/Work/Theandril/packages/ai/src/naval-assembly.test.ts"},{"assertionResults":[{"ancestorTitles":[],"fullName":"long-term project savings preserve a researched first ocean scout’s real quote","status":"passed","title":"long-term project savings preserve a researched first ocean scout’s real quote","duration":76.97889000000004,"failureMessages":[],"meta":{},"tags":[]},{"ancestorTitles":[],"fullName":"an isolated open-sea harbor preserves knowledge for its first researched ocean expedition","status":"passed","title":"an isolated open-sea harbor preserves knowledge for its first researched ocean expedition","duration":553.728035,"failureMessages":[],"meta":{},"tags":[]}],"startTime":1790018454705,"endTime":1790018455336.728,"status":"passed","message":"","name":"/home/telephoneheater/Work/Theandril/packages/ai/src/naval-funding.test.ts"},{"assertionResults":[{"ancestorTitles":[],"fullName":"a paid second harbor remains the outlet commitment when a third coastal town becomes available","status":"passed","title":"a paid second harbor remains the outlet commitment when a third coastal town becomes available","duration":813.418604,"failureMessages":[],"meta":{},"tags":[]},{"ancestorTitles":[],"fullName":"naval geography work stays bounded as waiting founder count grows (4 faction seats)","status":"passed","title":"naval geography work stays bounded as waiting founder count grows (4 faction seats)","duration":188.635127,"failureMessages":[],"meta":{},"tags":[]},{"ancestorTitles":[],"fullName":"naval geography work stays bounded as waiting founder count grows (24 faction seats)","status":"passed","title":"naval geography work stays bounded as waiting founder count grows (24 faction seats)","duration":186.85909300000003,"failureMessages":[],"meta":{},"tags":[]},{"ancestorTitles":[],"fullName":"second-outlet ocean scout keeps its own paid reserve, releases it while queued and when its quote is blocked","status":"passed","title":"second-outlet ocean scout keeps its own paid reserve, releases it while queued and when its quote is blocked","duration":658.7950799999999,"failureMessages":[],"meta":{},"tags":[]},{"ancestorTitles":[],"fullName":"an outlet caravan keeps its saved land route through a nearby ferry and reaches paid founding","status":"passed","title":"an outlet caravan keeps its saved land route through a nearby ferry and reaches paid founding","duration":1356.7966100000003,"failureMessages":[],"meta":{},"tags":[]}],"startTime":1790018439201,"endTime":1790018442406.7966,"status":"passed","message":"","name":"/home/telephoneheater/Work/Theandril/packages/ai/src/naval-outlets.test.ts"},{"assertionResults":[{"ancestorTitles":["lazy naval knowledge retains complete historical proposals"],"fullName":"lazy naval knowledge retains complete historical proposals 'turn-1/faction.ashen_compact' keeps commands, reasons, expenditure and held IDs exact","status":"passed","title":"'turn-1/faction.ashen_compact' keeps commands, reasons, expenditure and held IDs exact","duration":29.166536000000008,"failureMessages":[],"meta":{},"tags":[]},{"ancestorTitles":["lazy naval knowledge retains complete historical proposals"],"fullName":"lazy naval knowledge retains complete historical proposals 'turn-1/faction.reedbound_council' keeps commands, reasons, expenditure and held IDs exact","status":"passed","title":"'turn-1/faction.reedbound_council' keeps commands, reasons, expenditure and held IDs exact","duration":1.3357349999999997,"failureMessages":[],"meta":{},"tags":[]},{"ancestorTitles":["lazy naval knowledge retains complete historical proposals"],"fullName":"lazy naval knowledge retains complete historical proposals 'turn-1/faction.cinder_march' keeps commands, reasons, expenditure and held IDs exact","status":"passed","title":"'turn-1/faction.cinder_march' keeps commands, reasons, expenditure and held IDs exact","duration":1.0401630000000068,"failureMessages":[],"meta":{},"tags":[]},{"ancestorTitles":["lazy naval knowledge retains complete historical proposals"],"fullName":"lazy naval knowledge retains complete historical proposals 'turn-1/faction.glass_tide' keeps commands, reasons, expenditure and held IDs exact","status":"passed","title":"'turn-1/faction.glass_tide' keeps commands, reasons, expenditure and held IDs exact","duration":0.967710000000011,"failureMessages":[],"meta":{},"tags":[]},{"ancestorTitles":["lazy naval knowledge retains complete historical proposals"],"fullName":"lazy naval knowledge retains complete historical proposals 'turn-30/faction.ashen_compact' keeps commands, reasons, expenditure and held IDs exact","status":"passed","title":"'turn-30/faction.ashen_compact' keeps commands, reasons, expenditure and held IDs exact","duration":39.201772999999974,"failureMessages":[],"meta":{},"tags":[]},{"ancestorTitles":["lazy naval knowledge retains complete historical proposals"],"fullName":"lazy naval knowledge retains complete historical proposals 'turn-30/faction.reedbound_council' keeps commands, reasons, expenditure and held IDs exact","status":"passed","title":"'turn-30/faction.reedbound_council' keeps commands, reasons, expenditure and held IDs exact","duration":13.848254999999995,"failureMessages":[],"meta":{},"tags":[]},{"ancestorTitles":["lazy naval knowledge retains complete historical proposals"],"fullName":"lazy naval knowledge retains complete historical proposals 'turn-30/faction.cinder_march' keeps commands, reasons, expenditure and held IDs exact","status":"passed","title":"'turn-30/faction.cinder_march' keeps commands, reasons, expenditure and held IDs exact","duration":7.824821999999983,"failureMessages":[],"meta":{},"tags":[]},{"ancestorTitles":["lazy naval knowledge retains complete historical proposals"],"fullName":"lazy naval knowledge retains complete historical proposals 'turn-30/faction.glass_tide' keeps commands, reasons, expenditure and held IDs exact","status":"passed","title":"'turn-30/faction.glass_tide' keeps commands, reasons, expenditure and held IDs exact","duration":7.048181,"failureMessages":[],"meta":{},"tags":[]},{"ancestorTitles":["lazy naval knowledge retains complete historical proposals"],"fullName":"lazy naval knowledge retains complete historical proposals 'turn-60/faction.ashen_compact' keeps commands, reasons, expenditure and held IDs exact","status":"passed","title":"'turn-60/faction.ashen_compact' keeps commands, reasons, expenditure and held IDs exact","duration":59.166853,"failureMessages":[],"meta":{},"tags":[]},{"ancestorTitles":["lazy naval knowledge retains complete historical proposals"],"fullName":"lazy naval knowledge retains complete historical proposals 'turn-60/faction.reedbound_council' keeps commands, reasons, expenditure and held IDs exact","status":"passed","title":"'turn-60/faction.reedbound_council' keeps commands, reasons, expenditure and held IDs exact","duration":12.75576799999999,"failureMessages":[],"meta":{},"tags":[]},{"ancestorTitles":["lazy naval knowledge retains complete historical proposals"],"fullName":"lazy naval knowledge retains complete historical proposals 'turn-60/faction.cinder_march' keeps commands, reasons, expenditure and held IDs exact","status":"passed","title":"'turn-60/faction.cinder_march' keeps commands, reasons, expenditure and held IDs exact","duration":13.795560000000023,"failureMessages":[],"meta":{},"tags":[]},{"ancestorTitles":["lazy naval knowledge retains complete historical proposals"],"fullName":"lazy naval knowledge retains complete historical proposals 'turn-60/faction.glass_tide' keeps commands, reasons, expenditure and held IDs exact","status":"passed","title":"'turn-60/faction.glass_tide' keeps commands, reasons, expenditure and held IDs exact","duration":15.846057999999971,"failureMessages":[],"meta":{},"tags":[]},{"ancestorTitles":["lazy naval knowledge retains complete historical proposals"],"fullName":"lazy naval knowledge retains complete historical proposals 'turn-100/faction.ashen_compact' keeps commands, reasons, expenditure and held IDs exact","status":"passed","title":"'turn-100/faction.ashen_compact' keeps commands, reasons, expenditure and held IDs exact","duration":31.929990999999973,"failureMessages":[],"meta":{},"tags":[]},{"ancestorTitles":["lazy naval knowledge retains complete historical proposals"],"fullName":"lazy naval knowledge retains complete historical proposals 'turn-100/faction.reedbound_council' keeps commands, reasons, expenditure and held IDs exact","status":"passed","title":"'turn-100/faction.reedbound_council' keeps commands, reasons, expenditure and held IDs exact","duration":20.482845999999995,"failureMessages":[],"meta":{},"tags":[]},{"ancestorTitles":["lazy naval knowledge retains complete historical proposals"],"fullName":"lazy naval knowledge retains complete historical proposals 'turn-100/faction.cinder_march' keeps commands, reasons, expenditure and held IDs exact","status":"passed","title":"'turn-100/faction.cinder_march' keeps commands, reasons, expenditure and held IDs exact","duration":23.927864,"failureMessages":[],"meta":{},"tags":[]},{"ancestorTitles":["lazy naval knowledge retains complete historical proposals"],"fullName":"lazy naval knowledge retains complete historical proposals 'turn-100/faction.glass_tide' keeps commands, reasons, expenditure and held IDs exact","status":"passed","title":"'turn-100/faction.glass_tide' keeps commands, reasons, expenditure and held IDs exact","duration":21.72808699999996,"failureMessages":[],"meta":{},"tags":[]},{"ancestorTitles":["lazy naval knowledge retains complete historical proposals"],"fullName":"lazy naval knowledge retains complete historical proposals 'turn-200/faction.ashen_compact' keeps commands, reasons, expenditure and held IDs exact","status":"passed","title":"'turn-200/faction.ashen_compact' keeps commands, reasons, expenditure and held IDs exact","duration":60.44392400000004,"failureMessages":[],"meta":{},"tags":[]},{"ancestorTitles":["lazy naval knowledge retains complete historical proposals"],"fullName":"lazy naval knowledge retains complete historical proposals 'turn-200/faction.reedbound_council' keeps commands, reasons, expenditure and held IDs exact","status":"passed","title":"'turn-200/faction.reedbound_council' keeps commands, reasons, expenditure and held IDs exact","duration":35.25749199999996,"failureMessages":[],"meta":{},"tags":[]},{"ancestorTitles":["lazy naval knowledge retains complete historical proposals"],"fullName":"lazy naval knowledge retains complete historical proposals 'turn-200/faction.cinder_march' keeps commands, reasons, expenditure and held IDs exact","status":"passed","title":"'turn-200/faction.cinder_march' keeps commands, reasons, expenditure and held IDs exact","duration":21.76762400000007,"failureMessages":[],"meta":{},"tags":[]},{"ancestorTitles":["lazy naval knowledge retains complete historical proposals"],"fullName":"lazy naval knowledge retains complete historical proposals 'turn-200/faction.glass_tide' keeps commands, reasons, expenditure and held IDs exact","status":"passed","title":"'turn-200/faction.glass_tide' keeps commands, reasons, expenditure and held IDs exact","duration":32.02566899999999,"failureMessages":[],"meta":{},"tags":[]},{"ancestorTitles":["lazy naval knowledge retains complete historical proposals"],"fullName":"lazy naval knowledge retains complete historical proposals 'turn-300/faction.ashen_compact' keeps commands, reasons, expenditure and held IDs exact","status":"passed","title":"'turn-300/faction.ashen_compact' keeps commands, reasons, expenditure and held IDs exact","duration":65.40245300000004,"failureMessages":[],"meta":{},"tags":[]},{"ancestorTitles":["lazy naval knowledge retains complete historical proposals"],"fullName":"lazy naval knowledge retains complete historical proposals 'turn-300/faction.reedbound_council' keeps commands, reasons, expenditure and held IDs exact","status":"passed","title":"'turn-300/faction.reedbound_council' keeps commands, reasons, expenditure and held IDs exact","duration":39.35597700000005,"failureMessages":[],"meta":{},"tags":[]},{"ancestorTitles":["lazy naval knowledge retains complete historical proposals"],"fullName":"lazy naval knowledge retains complete historical proposals 'turn-300/faction.cinder_march' keeps commands, reasons, expenditure and held IDs exact","status":"passed","title":"'turn-300/faction.cinder_march' keeps commands, reasons, expenditure and held IDs exact","duration":22.166247,"failureMessages":[],"meta":{},"tags":[]},{"ancestorTitles":["lazy naval knowledge retains complete historical proposals"],"fullName":"lazy naval knowledge retains complete historical proposals 'turn-300/faction.glass_tide' keeps commands, reasons, expenditure and held IDs exact","status":"passed","title":"'turn-300/faction.glass_tide' keeps commands, reasons, expenditure and held IDs exact","duration":34.21021500000006,"failureMessages":[],"meta":{},"tags":[]},{"ancestorTitles":["lazy naval knowledge retains complete historical proposals"],"fullName":"lazy naval knowledge retains complete historical proposals 'turn-500/faction.ashen_compact' keeps commands, reasons, expenditure and held IDs exact","status":"passed","title":"'turn-500/faction.ashen_compact' keeps commands, reasons, expenditure and held IDs exact","duration":61.661113,"failureMessages":[],"meta":{},"tags":[]},{"ancestorTitles":["lazy naval knowledge retains complete historical proposals"],"fullName":"lazy naval knowledge retains complete historical proposals 'turn-500/faction.reedbound_council' keeps commands, reasons, expenditure and held IDs exact","status":"passed","title":"'turn-500/faction.reedbound_council' keeps commands, reasons, expenditure and held IDs exact","duration":36.369455000000016,"failureMessages":[],"meta":{},"tags":[]},{"ancestorTitles":["lazy naval knowledge retains complete historical proposals"],"fullName":"lazy naval knowledge retains complete historical proposals 'turn-500/faction.cinder_march' keeps commands, reasons, expenditure and held IDs exact","status":"passed","title":"'turn-500/faction.cinder_march' keeps commands, reasons, expenditure and held IDs exact","duration":12.161135000000058,"failureMessages":[],"meta":{},"tags":[]},{"ancestorTitles":["lazy naval knowledge retains complete historical proposals"],"fullName":"lazy naval knowledge retains complete historical proposals 'turn-500/faction.glass_tide' keeps commands, reasons, expenditure and held IDs exact","status":"passed","title":"'turn-500/faction.glass_tide' keeps commands, reasons, expenditure and held IDs exact","duration":31.178323999999975,"failureMessages":[],"meta":{},"tags":[]},{"ancestorTitles":["lazy naval knowledge retains complete historical proposals"],"fullName":"lazy naval knowledge retains complete historical proposals 'turn-800/faction.ashen_compact' keeps commands, reasons, expenditure and held IDs exact","status":"passed","title":"'turn-800/faction.ashen_compact' keeps commands, reasons, expenditure and held IDs exact","duration":45.497884,"failureMessages":[],"meta":{},"tags":[]},{"ancestorTitles":["lazy naval knowledge retains complete historical proposals"],"fullName":"lazy naval knowledge retains complete historical proposals 'turn-800/faction.reedbound_council' keeps commands, reasons, expenditure and held IDs exact","status":"passed","title":"'turn-800/faction.reedbound_council' keeps commands, reasons, expenditure and held IDs exact","duration":23.895628999999985,"failureMessages":[],"meta":{},"tags":[]},{"ancestorTitles":["lazy naval knowledge retains complete historical proposals"],"fullName":"lazy naval knowledge retains complete historical proposals 'turn-800/faction.cinder_march' keeps commands, reasons, expenditure and held IDs exact","status":"passed","title":"'turn-800/faction.cinder_march' keeps commands, reasons, expenditure and held IDs exact","duration":11.630632999999989,"failureMessages":[],"meta":{},"tags":[]},{"ancestorTitles":["lazy naval knowledge retains complete historical proposals"],"fullName":"lazy naval knowledge retains complete historical proposals 'turn-800/faction.glass_tide' keeps commands, reasons, expenditure and held IDs exact","status":"passed","title":"'turn-800/faction.glass_tide' keeps commands, reasons, expenditure and held IDs exact","duration":21.53042399999981,"failureMessages":[],"meta":{},"tags":[]},{"ancestorTitles":["lazy naval knowledge retains complete historical proposals"],"fullName":"lazy naval knowledge retains complete historical proposals 'turn-808/faction.ashen_compact' keeps commands, reasons, expenditure and held IDs exact","status":"passed","title":"'turn-808/faction.ashen_compact' keeps commands, reasons, expenditure and held IDs exact","duration":32.853734999999915,"failureMessages":[],"meta":{},"tags":[]},{"ancestorTitles":["lazy naval knowledge retains complete historical proposals"],"fullName":"lazy naval knowledge retains complete historical proposals 'turn-808/faction.reedbound_council' keeps commands, reasons, expenditure and held IDs exact","status":"passed","title":"'turn-808/faction.reedbound_council' keeps commands, reasons, expenditure and held IDs exact","duration":16.509148000000096,"failureMessages":[],"meta":{},"tags":[]},{"ancestorTitles":["lazy naval knowledge retains complete historical proposals"],"fullName":"lazy naval knowledge retains complete historical proposals 'turn-808/faction.cinder_march' keeps commands, reasons, expenditure and held IDs exact","status":"passed","title":"'turn-808/faction.cinder_march' keeps commands, reasons, expenditure and held IDs exact","duration":7.686653999999862,"failureMessages":[],"meta":{},"tags":[]},{"ancestorTitles":["lazy naval knowledge retains complete historical proposals"],"fullName":"lazy naval knowledge retains complete historical proposals 'turn-808/faction.glass_tide' keeps commands, reasons, expenditure and held IDs exact","status":"passed","title":"'turn-808/faction.glass_tide' keeps commands, reasons, expenditure and held IDs exact","duration":16.80146599999989,"failureMessages":[],"meta":{},"tags":[]},{"ancestorTitles":["lazy naval knowledge retains complete historical proposals"],"fullName":"lazy naval knowledge retains complete historical proposals reassesses held fleets and budgets on each call over the same detached view","status":"passed","title":"reassesses held fleets and budgets on each call over the same detached view","duration":41.00204099999996,"failureMessages":[],"meta":{},"tags":[]}],"startTime":1790018451215,"endTime":1790018452186.002,"status":"passed","message":"","name":"/home/telephoneheater/Work/Theandril/packages/ai/src/naval-publication-equivalence.test.ts"},{"assertionResults":[{"ancestorTitles":[],"fullName":"unrelated global ID allocation cannot redirect the same observed ocean scout, and two scouts reserve distinct destinations","status":"passed","title":"unrelated global ID allocation cannot redirect the same observed ocean scout, and two scouts reserve distinct destinations","duration":140.1286,"failureMessages":[],"meta":{},"tags":[]},{"ancestorTitles":[],"fullName":"optional appointments and generic reserves cannot consume the first ocean scout quote (missing founder: false)","status":"passed","title":"optional appointments and generic reserves cannot consume the first ocean scout quote (missing founder: false)","duration":69.44664900000004,"failureMessages":[],"meta":{},"tags":[]},{"ancestorTitles":[],"fullName":"optional appointments and generic reserves cannot consume the first ocean scout quote (missing founder: true)","status":"passed","title":"optional appointments and generic reserves cannot consume the first ocean scout quote (missing founder: true)","duration":52.50134200000002,"failureMessages":[],"meta":{},"tags":[]},{"ancestorTitles":[],"fullName":"a funded open-sea harbor can buy ocean research from spare knowledge before any passenger charter","status":"passed","title":"a funded open-sea harbor can buy ocean research from spare knowledge before any passenger charter","duration":40.909081999999955,"failureMessages":[],"meta":{},"tags":[]},{"ancestorTitles":[],"fullName":"whole AI really loads, crosses deep ocean, lands and founds without reboarding or rejected commands; saved voyage matches","status":"passed","title":"whole AI really loads, crosses deep ocean, lands and founds without reboarding or rejected commands; saved voyage matches","duration":255.20252400000004,"failureMessages":[],"meta":{},"tags":[]},{"ancestorTitles":[],"fullName":"a maritime opening pays for navigation, one harbor and a real transport before embarking","status":"passed","title":"a maritime opening pays for navigation, one harbor and a real transport before embarking","duration":139.00767199999996,"failureMessages":[],"meta":{},"tags":[]},{"ancestorTitles":[],"fullName":"a twenty-formation expedition gathers three paid transport formations instead of overloading one hull","status":"passed","title":"a twenty-formation expedition gathers three paid transport formations instead of overloading one hull","duration":142.61766599999999,"failureMessages":[],"meta":{},"tags":[]},{"ancestorTitles":[],"fullName":"paid advancement and ocean research share one observed knowledge budget","status":"passed","title":"paid advancement and ocean research share one observed knowledge budget","duration":23.963228000000072,"failureMessages":[],"meta":{},"tags":[]},{"ancestorTitles":[],"fullName":"three co-located hull containers never reuse a consumed merge ID or scatter waiting passengers","status":"passed","title":"three co-located hull containers never reuse a consumed merge ID or scatter waiting passengers","duration":32.53001399999994,"failureMessages":[],"meta":{},"tags":[]},{"ancestorTitles":[],"fullName":"fleets fight visible weaker fleets through normal naval combat, never target land armies","status":"passed","title":"fleets fight visible weaker fleets through normal naval combat, never target land armies","duration":56.40231300000005,"failureMessages":[],"meta":{},"tags":[]},{"ancestorTitles":[],"fullName":"hidden fleet changes cannot affect plans, input is detached, and inland starts buy no speculative navy","status":"passed","title":"hidden fleet changes cannot affect plans, input is detached, and inland starts buy no speculative navy","duration":60.53963899999985,"failureMessages":[],"meta":{},"tags":[]},{"ancestorTitles":[],"fullName":"shared navigation respects sea hull restrictions and cannot give carried troops independent movement","status":"passed","title":"shared navigation respects sea hull restrictions and cannot give carried troops independent movement","duration":28.598245000000134,"failureMessages":[],"meta":{},"tags":[]},{"ancestorTitles":[],"fullName":"ocean reconnaissance is paid before foreign naval contact, then its temporary funding need ends","status":"passed","title":"ocean reconnaissance is paid before foreign naval contact, then its temporary funding need ends","duration":52.4188979999999,"failureMessages":[],"meta":{},"tags":[]},{"ancestorTitles":[],"fullName":"unknown remote hull connectivity neither supplies a local charter nor funds unlimited replacements","status":"passed","title":"unknown remote hull connectivity neither supplies a local charter nor funds unlimited replacements","duration":71.70845499999996,"failureMessages":[],"meta":{},"tags":[]},{"ancestorTitles":[],"fullName":"only proven enclosure diverts a founder toward a replacement port, not an unknown chart boundary","status":"passed","title":"only proven enclosure diverts a founder toward a replacement port, not an unknown chart boundary","duration":17.057786999999962,"failureMessages":[],"meta":{},"tags":[]}],"startTime":1790018450361,"endTime":1790018451545.0579,"status":"passed","message":"","name":"/home/telephoneheater/Work/Theandril/packages/ai/src/naval.test.ts"},{"assertionResults":[{"ancestorTitles":[],"fullName":"matches genuine generated observations and changing destination reservations fo
[...]
der","status":"passed","title":"accepts only explicitly published, revision-pinned entries in newest-work-first order","duration":1.1577459999999888,"failureMessages":[],"meta":{},"tags":[]},{"ancestorTitles":["public dispatch contract"],"fullName":"public dispatch contract publishes the campaign-safety checkpoint without claiming a release","status":"passed","title":"publishes the campaign-safety checkpoint without claiming a release","duration":0.4632440000000031,"failureMessages":[],"meta":{},"tags":[]},{"ancestorTitles":["public dispatch contract"],"fullName":"public dispatch contract gives the playable cultural baseline its own sourced story, not a fictional release","status":"passed","title":"gives the playable cultural baseline its own sourced story, not a fictional release","duration":0.17763699999999005,"failureMessages":[],"meta":{},"tags":[]},{"ancestorTitles":["public dispatch contract"],"fullName":"public dispatch contract discloses the cost and historical boundary of archive evidence","status":"passed","title":"discloses the cost and historical boundary of archive evidence","duration":0.1254650000000055,"failureMessages":[],"meta":{},"tags":[]}],"startTime":1790018462362,"endTime":1790018462364.1777,"status":"passed","message":"","name":"/home/telephoneheater/Work/Theandril/apps/web/src/updates/content.test.ts"},{"assertionResults":[{"ancestorTitles":["cross-page links"],"fullName":"cross-page links maps every registered culture to the heading that actually introduces it in the faction bible","status":"passed","title":"maps every registered culture to the heading that actually introduces it in the faction bible","duration":1.5641430000000014,"failureMessages":[],"meta":{},"tags":[]},{"ancestorTitles":["cross-page links"],"fullName":"cross-page links builds a refresh-safe lore URL that opens the bible chapter at the culture heading","status":"passed","title":"builds a refresh-safe lore URL that opens the bible chapter at the culture heading","duration":0.15415699999999788,"failureMessages":[],"meta":{},"tags":[]}],"startTime":1790018462315,"endTime":1790018462316.5642,"status":"passed","message":"","name":"/home/telephoneheater/Work/Theandril/apps/web/src/updates/cross-links.test.ts"},{"assertionResults":[{"ancestorTitles":["home page styling"],"fullName":"home page styling lets full commit hashes and long paths wrap inside the change ledger","status":"passed","title":"lets full commit hashes and long paths wrap inside the change ledger","duration":1.5404079999999993,"failureMessages":[],"meta":{},"tags":[]},{"ancestorTitles":["home page styling"],"fullName":"home page styling styles the hero actions, doorways and ledger with existing materials only","status":"passed","title":"styles the hero actions, doorways and ledger with existing materials only","duration":0.7504419999999925,"failureMessages":[],"meta":{},"tags":[]}],"startTime":1790018462270,"endTime":1790018462272.7505,"status":"passed","message":"","name":"/home/telephoneheater/Work/Theandril/apps/web/src/updates/home-style.test.ts"},{"assertionResults":[{"ancestorTitles":["journal discovery"],"fullName":"journal discovery renders the featured story checkpoint from its own revision as stories change","status":"passed","title":"renders the featured story checkpoint from its own revision as stories change","duration":13.17310999999998,"failureMessages":[],"meta":{},"tags":[]},{"ancestorTitles":["journal discovery"],"fullName":"journal discovery finds Keeping the whole record by text that appears only in its takeaways","status":"passed","title":"finds Keeping the whole record by text that appears only in its takeaways","duration":0.5065720000000056,"failureMessages":[],"meta":{},"tags":[]},{"ancestorTitles":["journal discovery"],"fullName":"journal discovery combines normalized full-text search with a topic without changing editorial order","status":"passed","title":"combines normalized full-text search with a topic without changing editorial order","duration":0.3786169999999913,"failureMessages":[],"meta":{},"tags":[]}],"startTime":1790018461479,"endTime":1790018461493.3787,"status":"passed","message":"","name":"/home/telephoneheater/Work/Theandril/apps/web/src/updates/journal.test.ts"},{"assertionResults":[{"ancestorTitles":["lore library generation"],"fullName":"lore library generation reproduces the committed generated library from the canonical markdown","status":"passed","title":"reproduces the committed generated library from the canonical markdown","duration":11.063547000000014,"failureMessages":[],"meta":{},"tags":[]}],"startTime":1790018461453,"endTime":1790018461464.0635,"status":"passed","message":"","name":"/home/telephoneheater/Work/Theandril/apps/web/src/updates/lore.test.ts"},{"assertionResults":[{"ancestorTitles":[],"fullName":"ships only traceable local imagery under a three MiB journal budget","status":"passed","title":"ships only traceable local imagery under a three MiB journal budget","duration":5.444907000000001,"failureMessages":[],"meta":{},"tags":[]}],"startTime":1790018461963,"endTime":1790018461968.4448,"status":"passed","message":"","name":"/home/telephoneheater/Work/Theandril/apps/web/src/updates/media.test.ts"},{"assertionResults":[{"ancestorTitles":["refresh-safe public links"],"fullName":"refresh-safe public links declares a reviewed base-safe icon instead of requesting a missing root favicon","status":"passed","title":"declares a reviewed base-safe icon instead of requesting a missing root favicon","duration":1.573744000000005,"failureMessages":[],"meta":{},"tags":[]},{"ancestorTitles":["refresh-safe public links"],"fullName":"refresh-safe public links round-trips a permanent dispatch on both root and GitHub Pages bases","status":"passed","title":"round-trips a permanent dispatch on both root and GitHub Pages bases","duration":0.8077509999999961,"failureMessages":[],"meta":{},"tags":[]}],"startTime":1790018462279,"endTime":1790018462281.8079,"status":"passed","message":"","name":"/home/telephoneheater/Work/Theandril/apps/web/src/updates/navigation.test.ts"},{"assertionResults":[{"ancestorTitles":["the source-backed roadmap contract"],"fullName":"the source-backed roadmap contract keeps stable unique item IDs and complete acceptance/evidence records","status":"passed","title":"keeps stable unique item IDs and complete acceptance/evidence records","duration":6.974815000000007,"failureMessages":[],"meta":{},"tags":[]},{"ancestorTitles":["the source-backed roadmap contract"],"fullName":"the source-backed roadmap contract covers every canonical release gate without inflating a checkpoint into signoff","status":"passed","title":"covers every canonical release gate without inflating a checkpoint into signoff","duration":2.60158100000001,"failureMessages":[],"meta":{},"tags":[]},{"ancestorTitles":["the source-backed roadmap contract"],"fullName":"the source-backed roadmap contract resolves every evidence file at the declared immutable source snapshot","status":"passed","title":"resolves every evidence file at the declared immutable source snapshot","duration":29.141598000000002,"failureMessages":[],"meta":{},"tags":[]},{"ancestorTitles":["roadmap browsing and permanent URLs"],"fullName":"roadmap browsing and permanent URLs combines status with words from delivered behavior and remaining acceptance","status":"passed","title":"combines status with words from delivered behavior and remaining acceptance","duration":0.719071999999997,"failureMessages":[],"meta":{},"tags":[]},{"ancestorTitles":["roadmap browsing and permanent URLs"],"fullName":"roadmap browsing and permanent URLs round-trips shareable filters at root and Pages bases without accepting arbitrary statuses","status":"passed","title":"round-trips shareable filters at root and Pages bases without accepting arbitrary statuses","duration":0.40810500000000616,"failureMessages":[],"meta":{},"tags":[]}],"startTime":1790018460882,"endTime":1790018460922.4082,"status":"passed","message":"","name":"/home/telephoneheater/Work/Theandril/apps/web/src/updates/roadmap.test.ts"},{"assertionResults":[{"ancestorTitles":["site pages"],"fullName":"site pages registers every public page as its own refresh-safe static entry","status":"passed","title":"registers every public page as its own refresh-safe static entry","duration":1.809991999999994,"failureMessages":[],"meta":{},"tags":[]},{"ancestorTitles":["site pages"],"fullName":"site pages orders the main navigation from the site home to the playable build","status":"passed","title":"orders the main navigation from the site home to the playable build","duration":0.5547150000000016,"failureMessages":[],"meta":{},"tags":[]},{"ancestorTitles":["site pages"],"fullName":"site pages resolves the current page from the deployed pathname on both bases","status":"passed","title":"resolves the current page from the deployed pathname on both bases","duration":0.4406630000000007,"failureMessages":[],"meta":{},"tags":[]}],"startTime":1790018462182,"endTime":1790018462184.5547,"status":"passed","message":"","name":"/home/telephoneheater/Work/Theandril/apps/web/src/updates/site.test.ts"},{"assertionResults":[{"ancestorTitles":[],"fullName":"validates stable slugs and every image cross-reference in the public catalog","status":"passed","title":"validates stable slugs and every image cross-reference in the public catalog","duration":3.3499669999999924,"failureMessages":[],"meta":{},"tags":[]},{"ancestorTitles":[],"fullName":"links evidence that really exists at the pinned Git revision, not just on disk","status":"passed","title":"links evidence that really exists at the pinned Git revision, not just on disk","duration":52.547568999999996,"failureMessages":[],"meta":{},"tags":[]},{"ancestorTitles":[],"fullName":"rejects a missing object at one of two revisions sharing an evidence path","status":"passed","title":"rejects a missing object at one of two revisions sharing an evidence path","duration":41.081242,"failureMessages":[],"meta":{},"tags":[]},{"ancestorTitles":[],"fullName":"keeps frontend image metadata and the downloadable provenance byte-identical","status":"passed","title":"keeps frontend image metadata and the downloadable provenance byte-identical","duration":0.3447370000000092,"failureMessages":[],"meta":{},"tags":[]},{"ancestorTitles":[],"fullName":"preserves the actual approval boundary and checkpoint numbers in the story","status":"passed","title":"preserves the actual approval boundary and checkpoint numbers in the story","duration":1.0284859999999867,"failureMessages":[],"meta":{},"tags":[]}],"startTime":1790018459544,"endTime":1790018459643.0286,"status":"passed","message":"","name":"/home/telephoneheater/Work/Theandril/apps/web/src/updates/validation.test.ts"},{"assertionResults":[{"ancestorTitles":["formation battle rules"],"fullName":"formation battle rules applies casualties, morale loss and fatigue while preserving the input","status":"passed","title":"applies casualties, morale loss and fatigue while preserving the input","duration":5.036034999999998,"failureMessages":[],"meta":{},"tags":[]},{"ancestorTitles":["formation battle rules"],"fullName":"formation battle rules gives elevated defenders real protection and woodland reduces ranged damage","status":"passed","title":"gives elevated defenders real protection and woodland reduces ranged damage","duration":1.6076049999999924,"failureMessages":[],"meta":{},"tags":[]},{"ancestorTitles":["formation battle rules"],"fullName":"formation battle rules trades flank damage and morale shock for fatigue and exposure","status":"passed","title":"trades flank damage and morale shock for fatigue and exposure","duration":0.8960069999999973,"failureMessages":[],"meta":{},"tags":[]},{"ancestorTitles":["formation battle rules"],"fullName":"formation battle rules fatigued formations hit less effectively and act later","status":"passed","title":"fatigued formations hit less effectively and act later","duration":0.7389430000000061,"failureMessages":[],"meta":{},"tags":[]},{"ancestorTitles":["formation battle rules"],"fullName":"formation battle rules ranged rear formations can fire while melee reserves need to close distance","status":"passed","title":"ranged rear formations can fire while melee reserves need to close distance","duration":0.6806120000000249,"failureMessages":[],"meta":{},"tags":[]},{"ancestorTitles":["formation battle rules"],"fullName":"formation battle rules routes low-morale formations before annihilation and applies pursuit losses","status":"passed","title":"routes low-morale formations before annihilation and applies pursuit losses","duration":0.5229290000000049,"failureMessages":[],"meta":{},"tags":[]},{"ancestorTitles":["formation battle rules"],"fullName":"formation battle rules uses initiative to decide which fragile line breaks first","status":"passed","title":"uses initiative to decide which fragile line breaks first","duration":0.585659000000021,"failureMessages":[],"meta":{},"tags":[]},{"ancestorTitles":["formation battle rules"],"fullName":"formation battle rules resolves withdrawal immediately with surviving retreaters and pursuit","status":"passed","title":"resolves withdrawal immediately with surviving retreaters and pursuit","duration":0.6806600000000174,"failureMessages":[],"meta":{},"tags":[]},{"ancestorTitles":["formation battle rules"],"fullName":"formation battle rules caps a protected stalemate at twelve rounds","status":"passed","title":"caps a protected stalemate at twelve rounds","duration":2.352973999999989,"failureMessages":[],"meta":{},"tags":[]},{"ancestorTitles":["battle determinism, persistence and bounds"],"fullName":"battle determinism, persistence and bounds uses four ranks for twenty-versus-twenty battles while freezing historical twelve-formation limits","status":"passed","title":"uses four ranks for twenty-versus-twenty battles while freezing historical twelve-formation limits","duration":16.314149999999984,"failureMessages":[],"meta":{},"tags":[]},{"ancestorTitles":["battle determinism, persistence and bounds"],"fullName":"battle determinism, persistence and bounds autoresolve exactly matches manual rounds using the same AI orders","status":"passed","title":"autoresolve exactly matches manual rounds using the same AI orders","duration":0.921810999999991,"failureMessages":[],"meta":{},"tags":[]},{"ancestorTitles":["battle determinism, persistence and bounds"],"fullName":"battle determinism, persistence and bounds is independent of input formation insertion order","status":"passed","title":"is independent of input formation insertion order","duration":2.0965459999999894,"failureMessages":[],"meta":{},"tags":[]},{"ancestorTitles":["battle determinism, persistence and bounds"],"fullName":"battle determinism, persistence and bounds preserves exact continuation after JSON save/load midway through battle","status":"passed","title":"preserves exact continuation after JSON save/load midway through battle","duration":0.7403559999999914,"failureMessages":[],"meta":{},"tags":[]},{"ancestorTitles":["battle determinism, persistence and bounds"],"fullName":"battle determinism, persistence and bounds rejects malformed fields, conflicting slots/IDs, dead starts and illegal orders","status":"passed","title":"rejects malformed fields, conflicting slots/IDs, dead starts and illegal orders","duration":2.2047919999999976,"failureMessages":[],"meta":{},"tags":[]},{"ancestorTitles":["battle determinism, persistence and bounds"],"fullName":"battle determinism, persistence and bounds terminates deterministically with bounded casualties and integer stats across varied formations","status":"passed","title":"terminates deterministically with bounded casualties and integer stats across varied formations","duration":209.91623800000002,"failureMessages":[],"meta":{},"tags":[]}],"startTime":1790018455827,"endTime":1790018456072.9163,"status":"passed","message":"","name":"/home/telephoneheater/Work/Theandril/packages/sim/src/combat/combat.test.ts"},{"assertionResults":[{"ancestorTitles":["canonical individual battle rules"],"fullName":"canonical individual battle rules represents actual initial strength with stable identities, while frozen battle9 carries no future state","status":"passed","title":"represents actual initial strength with stable identities, while frozen battle9 carries no future state","duration":11.027410999999972,"failureMessages":[],"meta":{},"tags":[]},{"ancestorTitles":["canonical individual battle rules"],"fullName":"canonical individual battle rules lets advancing infantry eventually reach a stationary braced line and records canonical movement/cohesion","status":"passed","title":"lets advancing infantry eventually reach a stationary braced line and records canonical movement/cohesion","duration":5.858166000000011,"failureMessages":[],"meta":{},"tags":[]},{"ancestorTitles":["canonical individual battle rules"],"fullName":"canonical individual battle rules event participants and killed identities exactly reconcile every volley and pursuit, including ward absorption","status":"passed","title":"event participants and killed identities exactly reconcile every volley and pursuit, including ward absorption","duration":17.739236000000005,"failureMessages":[],"meta":{},"tags":[]},{"ancestorTitles":["canonical individual battle rules"],"fullName":"canonical individual battle rules pike screens reduce early mounted charge losses and support prevents the unprotected-flank bonus","status":"passed","title":"pike screens reduce early mounted charge losses and support prevents the unprotected-flank bonus","duration":3.999114999999989,"failureMessages":[],"meta":{},"tags":[]},{"ancestorTitles":["canonical individual battle rules"],"fullName":"canonical individual battle rules a missile line can fire before melee reaches contact, and naval strength remains one visible hull","status":"passed","title":"a missile line can fire before melee reaches contact, and naval strength remains one visible hull","duration":1.0911179999999945,"failureMessages":[],"meta":{},"tags":[]},{"ancestorTitles":["canonical individual battle rules"],"fullName":"canonical individual battle rules manual AI orders and autoresolve have the same canonical hash through JSON continuation and detached observers","status":"passed","title":"manual AI orders and autoresolve have the same canonical hash through JSON continuation and detached observers","duration":1.8439209999999946,"failureMessages":[],"meta":{},"tags":[]}],"startTime":1790018461134,"endTime":1790018461175.844,"status":"passed","message":"","name":"/home/telephoneheater/Work/Theandril/packages/sim/src/combat/individual.test.ts"},{"assertionResults":[{"ancestorTitles":["compendium sprite coverage"],"fullName":"compendium sprite coverage projects every published sprite the overview actually asks for","status":"passed","title":"projects every published sprite the overview actually asks for","duration":1.3098519999999922,"failureMessages":[],"meta":{},"tags":[]},{"ancestorTitles":["compendium sprite coverage"],"fullName":"compendium sprite coverage does not pretend a sprite exists where the catalog has none","status":"passed","title":"does not pretend a sprite exists where the catalog has none","duration":0.1631579999999957,"failureMessages":[],"meta":{},"tags":[]}],"startTime":1790018462361,"endTime":1790018462362.3098,"status":"passed","message":"","name":"/home/telephoneheater/Work/Theandril/apps/web/src/updates/compendium/coverage.test.ts"},{"assertionResults":[{"ancestorTitles":[],"fullName":"generated compendium data is an exact projection of the content package and art catalog","status":"passed","title":"generated compendium data is an exact projection of the content package and art catalog","duration":17.412029000000018,"failureMessages":[],"meta":{},"tags":[]}],"startTime":1790018461603,"endTime":1790018461620.412,"status":"passed","message":"","name":"/home/telephoneheater/Work/Theandril/apps/web/src/updates/compendium/data.test.ts"}]}