{"numTotalTestSuites":403,"numPassedTestSuites":402,"numFailedTestSuites":1,"numPendingTestSuites":0,"numTotalTests":1858,"numPassedTests":1857,"numFailedTests":1,"numPendingTests":0,"numTodoTests":0,"snapshot":{"added":0,"failure":false,"filesAdded":0,"filesRemoved":0,"filesRemovedList":[],"filesUnmatched":0,"filesUpdated":0,"matched":0,"total":0,"unchecked":0,"uncheckedKeysByFile":[],"unmatched":0,"updated":0,"didUpdate":false},"startTime":1790018714907,"success":false,"testResults":[{"assertionResults":[{"ancestorTitles":["actual offline CLI in disposable repository fixtures"],"fullName":"actual offline CLI in disposable repository fixtures validates a candidate without creating an approval or replacing an existing approval report","status":"passed","title":"validates a candidate without creating an approval or replacing an existing approval report","duration":271.42773800000003,"failureMessages":[],"meta":{},"tags":[]},{"ancestorTitles":["actual offline CLI in disposable repository fixtures"],"fullName":"actual offline CLI in disposable repository fixtures rejects an incorrect visual-review hash before creating any approval","status":"passed","title":"rejects an incorrect visual-review hash before creating any approval","duration":405.530661,"failureMessages":[],"meta":{},"tags":[]},{"ancestorTitles":["actual offline CLI in disposable repository fixtures"],"fullName":"actual offline CLI in disposable repository fixtures creates review sheets but explicitly refuses source-comparison approval","status":"passed","title":"creates review sheets but explicitly refuses source-comparison approval","duration":445.847206,"failureMessages":[],"meta":{},"tags":[]},{"ancestorTitles":["actual offline CLI in disposable repository fixtures"],"fullName":"actual offline CLI in disposable repository fixtures rebuilds a retained approval atlas without any cache or external art tools","status":"passed","title":"rebuilds a retained approval atlas without any cache or external art tools","duration":620.7100250000001,"failureMessages":[],"meta":{},"tags":[]},{"ancestorTitles":["published artwork and retained clean-checkout inputs"],"fullName":"published artwork and retained clean-checkout inputs retains reviewed frames, evidence and original sources with fresh exact reports","status":"passed","title":"retains reviewed frames, evidence and original sources with fresh exact reports","duration":6866.546016,"failureMessages":[],"meta":{},"tags":[]},{"ancestorTitles":["published artwork and retained clean-checkout inputs"],"fullName":"published artwork and retained clean-checkout inputs preserves real editable/source exports, timings and their processing hashes","status":"passed","title":"preserves real editable/source exports, timings and their processing hashes","duration":654.9167440000001,"failureMessages":[],"meta":{},"tags":[]},{"ancestorTitles":["published artwork and retained clean-checkout inputs"],"fullName":"published artwork and retained clean-checkout inputs rebuilds the published PNG/catalog and cross-checks browser copies and every frame pixel","status":"passed","title":"rebuilds the published PNG/catalog and cross-checks browser copies and every frame pixel","duration":1612.6448930000006,"failureMessages":[],"meta":{},"tags":[]},{"ancestorTitles":["published artwork and retained clean-checkout inputs"],"fullName":"published artwork and retained clean-checkout inputs keeps the complete published source/evidence closure outside Git ignore rules","status":"passed","title":"keeps the complete published source/evidence closure outside Git ignore rules","duration":1606.8884810000018,"failureMessages":[],"meta":{},"tags":[]}],"startTime":1790018734633,"endTime":1790018747604.8884,"status":"passed","message":"","name":"/home/telephoneheater/Work/Theandril/tests/art-factory.test.ts"},{"assertionResults":[{"ancestorTitles":[],"fullName":"generated-start short AI victory produces complete factual logs identical after archive save/resume","status":"passed","title":"generated-start short AI victory produces complete factual logs identical after archive save/resume","duration":1124.82805,"failureMessages":[],"meta":{},"tags":[]},{"ancestorTitles":[],"fullName":"generated-start epic AI victory produces complete factual logs identical after archive save/resume","status":"failed","title":"generated-start epic AI victory produces complete factual logs identical after archive save/resume","duration":63069.165524000004,"failureMessages":["Error: STACK_TRACE_ERROR\n    at task (file:///home/telephoneheater/Work/Theandril/node_modules/.pnpm/@vitest+runner@4.1.11/node_modules/@vitest/runner/dist/chunk-artifact.js:1784:27)\n    at Object.<anonymous> (file:///home/telephoneheater/Work/Theandril/node_modules/.pnpm/@vitest+runner@4.1.11/node_modules/@vitest/runner/dist/chunk-artifact.js:1817:16)\n    at Object.<anonymous> (file:///home/telephoneheater/Work/Theandril/node_modules/.pnpm/@vitest+runner@4.1.11/node_modules/@vitest/runner/dist/chunk-artifact.js:1563:28)\n    at Object.chain (file:///home/telephoneheater/Work/Theandril/node_modules/.pnpm/@vitest+runner@4.1.11/node_modules/@vitest/runner/dist/chunk-artifact.js:599:14)\n    at file:///home/telephoneheater/Work/Theandril/node_modules/.pnpm/@vitest+runner@4.1.11/node_modules/@vitest/runner/dist/chunk-artifact.js:2027:7\n    at Array.forEach (<anonymous>)\n    at file:///home/telephoneheater/Work/Theandril/node_modules/.pnpm/@vitest+runner@4.1.11/node_modules/@vitest/runner/dist/chunk-artifact.js:2021:10\n    at /home/telephoneheater/Work/Theandril/tests/headless/chronicle-victory.test.ts:11:37\n    at processTicksAndRejections (node:internal/process/task_queues:103:5)\n    at VitestModuleEvaluator._runInlinedModule (file:///home/telephoneheater/Work/Theandril/node_modules/.pnpm/vitest@4.1.11_@types+node@24.13.3_vite@7.3.6_@types+node@24.13.3_tsx@4.23.13_/node_modules/vitest/dist/module-evaluator.js:206:4)"],"meta":{},"tags":[]}],"startTime":1790018715620,"endTime":1790018779814.1655,"status":"failed","message":"","name":"/home/telephoneheater/Work/Theandril/tests/headless/chronicle-victory.test.ts"},{"assertionResults":[{"ancestorTitles":[],"fullName":"runs 100 AI-led frontier turns through conquest and peace with projects deferred and exact midpoint continuation","status":"passed","title":"runs 100 AI-led frontier turns through conquest and peace with projects deferred and exact midpoint continuation","duration":1156.886207,"failureMessages":[],"meta":{},"tags":[]}],"startTime":1790018793575,"endTime":1790018794731.8862,"status":"passed","message":"","name":"/home/telephoneheater/Work/Theandril/tests/headless/conquest-soak.test.ts"},{"assertionResults":[{"ancestorTitles":[],"fullName":"generated seed 17 preserves real queued travel and all route events through archive save/replay","status":"passed","title":"generated seed 17 preserves real queued travel and all route events through archive save/replay","duration":111.39928600000002,"failureMessages":[],"meta":{},"tags":[]},{"ancestorTitles":[],"fullName":"generated seed 42 preserves real queued travel and all route events through archive save/replay","status":"passed","title":"generated seed 42 preserves real queued travel and all route events through archive save/replay","duration":80.38764799999996,"failureMessages":[],"meta":{},"tags":[]},{"ancestorTitles":[],"fullName":"generated seed 74 preserves real queued travel and all route events through archive save/replay","status":"passed","title":"generated seed 74 preserves real queued travel and all route events through archive save/replay","duration":64.155238,"failureMessages":[],"meta":{},"tags":[]},{"ancestorTitles":[],"fullName":"generated seed 99 preserves real queued travel and all route events through archive save/replay","status":"passed","title":"generated seed 99 preserves real queued travel and all route events through archive save/replay","duration":50.728110999999956,"failureMessages":[],"meta":{},"tags":[]},{"ancestorTitles":[],"fullName":"generated seed 20260905 preserves real queued travel and all route events through archive save/replay","status":"passed","title":"generated seed 20260905 preserves real queued travel and all route events through archive save/replay","duration":39.347248000000036,"failureMessages":[],"meta":{},"tags":[]}],"startTime":1790018808718,"endTime":1790018809064.3472,"status":"passed","message":"","name":"/home/telephoneheater/Work/Theandril/tests/headless/travel-archive.test.ts"},{"assertionResults":[{"ancestorTitles":["lint boundaries for frozen review evidence"],"fullName":"lint boundaries for frozen review evidence does not reinterpret the byte-preserved reviewer snapshot as live source","status":"passed","title":"does not reinterpret the byte-preserved reviewer snapshot as live source","duration":298.755274,"failureMessages":[],"meta":{},"tags":[]},{"ancestorTitles":["lint boundaries for frozen review evidence"],"fullName":"lint boundaries for frozen review evidence still enforces explicit typing in production source and maintained tests","status":"passed","title":"still enforces explicit typing in production source and maintained tests","duration":58.20175900000004,"failureMessages":[],"meta":{},"tags":[]}],"startTime":1790018807723,"endTime":1790018808080.2017,"status":"passed","message":"","name":"/home/telephoneheater/Work/Theandril/tests/tooling/lint-boundaries.test.ts"},{"assertionResults":[{"ancestorTitles":[],"fullName":"verification workflows retain immutable evidence revisions beyond a shallow checkout","status":"passed","title":"verification workflows retain immutable evidence revisions beyond a shallow checkout","duration":0.994062999999997,"failureMessages":[],"meta":{},"tags":[]},{"ancestorTitles":[],"fullName":"the actual Pages suite collects journal journeys alongside game and navigation smoke","status":"passed","title":"the actual Pages suite collects journal journeys alongside game and navigation smoke","duration":654.326546,"failureMessages":[],"meta":{},"tags":[]}],"startTime":1790018802398,"endTime":1790018803053.3267,"status":"passed","message":"","name":"/home/telephoneheater/Work/Theandril/tests/tooling/pages-journal.test.ts"},{"assertionResults":[{"ancestorTitles":[],"fullName":"builds the game and every public site page as independent HTML entrypoints","status":"passed","title":"builds the game and every public site page as independent HTML entrypoints","duration":1.1092929999999797,"failureMessages":[],"meta":{},"tags":[]},{"ancestorTitles":[],"fullName":"Pages checks the journal contract before uploading the public artifact","status":"passed","title":"Pages checks the journal contract before uploading the public artifact","duration":0.509492999999992,"failureMessages":[],"meta":{},"tags":[]},{"ancestorTitles":[],"fullName":"Pages regenerates the master change feed from full history right before building","status":"passed","title":"Pages regenerates the master change feed from full history right before building","duration":0.17742699999999445,"failureMessages":[],"meta":{},"tags":[]}],"startTime":1790018815269,"endTime":1790018815270.5095,"status":"passed","message":"","name":"/home/telephoneheater/Work/Theandril/tests/tooling/updates-build.test.ts"},{"assertionResults":[{"ancestorTitles":["deployment-relative public artwork URLs"],"fullName":"deployment-relative public artwork URLs uses the / mount without changing the asset path","status":"passed","title":"uses the / mount without changing the asset path","duration":1.3027840000000026,"failureMessages":[],"meta":{},"tags":[]},{"ancestorTitles":["deployment-relative public artwork URLs"],"fullName":"deployment-relative public artwork URLs uses the /Theandril/ mount without changing the asset path","status":"passed","title":"uses the /Theandril/ mount without changing the asset path","duration":0.23986700000000383,"failureMessages":[],"meta":{},"tags":[]},{"ancestorTitles":["deployment-relative public artwork URLs"],"fullName":"deployment-relative public artwork URLs uses the /nested/Theandril/ mount without changing the asset path","status":"passed","title":"uses the /nested/Theandril/ mount without changing the asset path","duration":0.18768899999999178,"failureMessages":[],"meta":{},"tags":[]},{"ancestorTitles":["deployment-relative public artwork URLs"],"fullName":"deployment-relative public artwork URLs reads Vite BASE_URL by default and accepts a missing trailing slash","status":"passed","title":"reads Vite BASE_URL by default and accepts a missing trailing slash","duration":0.2014780000000087,"failureMessages":[],"meta":{},"tags":[]},{"ancestorTitles":["deployment-relative public artwork URLs"],"fullName":"deployment-relative public artwork URLs does not rewrite explicitly resolved URLs or browser blob references","status":"passed","title":"does not rewrite explicitly resolved URLs or browser blob references","duration":0.1740209999999962,"failureMessages":[],"meta":{},"tags":[]}],"startTime":1790018815125,"endTime":1790018815127.2397,"status":"passed","message":"","name":"/home/telephoneheater/Work/Theandril/apps/web/src/asset-url.test.ts"},{"assertionResults":[{"ancestorTitles":["canonical defending-contingent presentation"],"fullName":"canonical defending-contingent presentation shows the canonical defending contingent and reserves beside an existing siege assault control","status":"passed","title":"shows the canonical defending contingent and reserves beside an existing siege assault control","duration":64.768336,"failureMessages":[],"meta":{},"tags":[]},{"ancestorTitles":["canonical defending-contingent presentation"],"fullName":"canonical defending-contingent presentation shows exact committed and reserve values beside attack controls without claiming all defenders will fight","status":"passed","title":"shows exact committed and reserve values beside attack controls without claiming all defenders will fight","duration":12.645229,"failureMessages":[],"meta":{},"tags":[]}],"startTime":1790018813524,"endTime":1790018813601.6453,"status":"passed","message":"","name":"/home/telephoneheater/Work/Theandril/apps/web/src/battle-defense.test.tsx"},{"assertionResults":[{"ancestorTitles":["explicit visible battle watch"],"fullName":"explicit visible battle watch never schedules behind setup/modal review, after a battle, or before the prior action settles","status":"passed","title":"never schedules behind setup/modal review, after a battle, or before the prior action settles","duration":0.930531000000002,"failureMessages":[],"meta":{},"tags":[]},{"ancestorTitles":["explicit visible battle watch"],"fullName":"explicit visible battle watch leaves visible targets alone and reveals offscreen targets immediately","status":"passed","title":"leaves visible targets alone and reveals offscreen targets immediately","duration":0.22473899999999958,"failureMessages":[],"meta":{},"tags":[]}],"startTime":1790018815376,"endTime":1790018815377.2249,"status":"passed","message":"","name":"/home/telephoneheater/Work/Theandril/apps/web/src/battle-playback.test.ts"},{"assertionResults":[{"ancestorTitles":["transient seat-participant battle transfer boundary"],"fullName":"transient seat-participant battle transfer boundary requires both actual participant identity and an allowed observed battle/report","status":"passed","title":"requires both actual participant identity and an allowed observed battle/report","duration":36.734718000000015,"failureMessages":[],"meta":{},"tags":[]},{"ancestorTitles":["transient seat-participant battle transfer boundary"],"fullName":"transient seat-participant battle transfer boundary retains at most one packet, clears at reset and uses transient monotonic revisions","status":"passed","title":"retains at most one packet, clears at reset and uses transient monotonic revisions","duration":14.688380999999993,"failureMessages":[],"meta":{},"tags":[]}],"startTime":1790018813963,"endTime":1790018814014.6885,"status":"passed","message":"","name":"/home/telephoneheater/Work/Theandril/apps/web/src/battle-transfer.test.ts"},{"assertionResults":[{"ancestorTitles":["authoritative battlefield controls"],"fullName":"authoritative battlefield controls starts at a decision, exposes real automatic policies and preserves accessible formation tables","status":"passed","title":"starts at a decision, exposes real automatic policies and preserves accessible formation tables","duration":48.896739000000025,"failureMessages":[],"meta":{},"tags":[]},{"ancestorTitles":["authoritative battlefield controls"],"fullName":"authoritative battlefield controls labels national Arcane Theory separately from personal aptitude and uses real blockers","status":"passed","title":"labels national Arcane Theory separately from personal aptitude and uses real blockers","duration":19.863297000000046,"failureMessages":[],"meta":{},"tags":[]},{"ancestorTitles":["authoritative battlefield controls"],"fullName":"authoritative battlefield controls describes typed actual deltas, never inferring attacks from legacy prose","status":"passed","title":"describes typed actual deltas, never inferring attacks from legacy prose","duration":12.391096000000061,"failureMessages":[],"meta":{},"tags":[]}],"startTime":1790018813156,"endTime":1790018813236.391,"status":"passed","message":"","name":"/home/telephoneheater/Work/Theandril/apps/web/src/battle-ui.test.tsx"},{"assertionResults":[{"ancestorTitles":["campaign presentation replacement identity"],"fullName":"campaign presentation replacement identity gives overview and battlefield distinct identities while resetting both on every campaign epoch","status":"passed","title":"gives overview and battlefield distinct identities while resetting both on every campaign epoch","duration":25.23035500000003,"failureMessages":[],"meta":{},"tags":[]}],"startTime":1790018814129,"endTime":1790018814154.2305,"status":"passed","message":"","name":"/home/telephoneheater/Work/Theandril/apps/web/src/campaign-lifecycle.test.ts"},{"assertionResults":[{"ancestorTitles":["new campaign seed selection"],"fullName":"new campaign seed selection draws fresh browser entropy for each blank launch, including zero","status":"passed","title":"draws fresh browser entropy for each blank launch, including zero","duration":2.272914,"failureMessages":[],"meta":{},"tags":[]},{"ancestorTitles":["new campaign seed selection"],"fullName":"new campaign seed selection redraws a random seed that would recreate the current world","status":"passed","title":"redraws a random seed that would recreate the current world","duration":0.24092600000000175,"failureMessages":[],"meta":{},"tags":[]},{"ancestorTitles":["new campaign seed selection"],"fullName":"new campaign seed selection retains explicit seed 0, even when repeating a world","status":"passed","title":"retains explicit seed 0, even when repeating a world","duration":0.21400400000000275,"failureMessages":[],"meta":{},"tags":[]},{"ancestorTitles":["new campaign seed selection"],"fullName":"new campaign seed selection retains explicit seed 17, even when repeating a world","status":"passed","title":"retains explicit seed 17, even when repeating a world","duration":0.13240400000000818,"failureMessages":[],"meta":{},"tags":[]},{"ancestorTitles":["new campaign seed selection"],"fullName":"new campaign seed selection retains explicit seed 20260905, even when repeating a world","status":"passed","title":"retains explicit seed 20260905, even when repeating a world","duration":0.10636400000001345,"failureMessages":[],"meta":{},"tags":[]},{"ancestorTitles":["new campaign seed selection"],"fullName":"new campaign seed selection retains explicit seed 4294967295, even when repeating a world","status":"passed","title":"retains explicit seed 4294967295, even when repeating a world","duration":0.11478999999999928,"failureMessages":[],"meta":{},"tags":[]},{"ancestorTitles":["new campaign seed selection"],"fullName":"new campaign seed selection retains explicit seed  17 , even when repeating a world","status":"passed","title":"retains explicit seed  17 , even when repeating a world","duration":0.0970620000000082,"failureMessages":[],"meta":{},"tags":[]},{"ancestorTitles":["new campaign seed selection"],"fullName":"new campaign seed selection rejects invalid explicit seed -1 without drawing randomness","status":"passed","title":"rejects invalid explicit seed -1 without drawing randomness","duration":0.19055399999999167,"failureMessages":[],"meta":{},"tags":[]},{"ancestorTitles":["new campaign seed selection"],"fullName":"new campaign seed selection rejects invalid explicit seed 0.5 without drawing randomness","status":"passed","title":"rejects invalid explicit seed 0.5 without drawing randomness","duration":0.28267899999998747,"failureMessages":[],"meta":{},"tags":[]},{"ancestorTitles":["new campaign seed selection"],"fullName":"new campaign seed selection rejects invalid explicit seed 4294967296 without drawing randomness","status":"passed","title":"rejects invalid explicit seed 4294967296 without drawing randomness","duration":0.1361959999999982,"failureMessages":[],"meta":{},"tags":[]},{"ancestorTitles":["new campaign seed selection"],"fullName":"new campaign seed selection rejects invalid explicit seed 9007199254740992 without drawing randomness","status":"passed","title":"rejects invalid explicit seed 9007199254740992 without drawing randomness","duration":0.11353700000000799,"failureMessages":[],"meta":{},"tags":[]},{"ancestorTitles":["new campaign seed selection"],"fullName":"new campaign seed selection rejects invalid explicit seed NaN without drawing randomness","status":"passed","title":"rejects invalid explicit seed NaN without drawing randomness","duration":0.07140599999999608,"failureMessages":[],"meta":{},"tags":[]},{"ancestorTitles":["new campaign seed selection"],"fullName":"new campaign seed selection rejects invalid explicit seed Infinity without drawing randomness","status":"passed","title":"rejects invalid explicit seed Infinity without drawing randomness","duration":0.05730400000000202,"failureMessages":[],"meta":{},"tags":[]},{"ancestorTitles":["new campaign seed selection"],"fullName":"new campaign seed selection rejects invalid explicit seed a new world without drawing randomness","status":"passed","title":"rejects invalid explicit seed a new world without drawing randomness","duration":0.0574670000000026,"failureMessages":[],"meta":{},"tags":[]}],"startTime":1790018814927,"endTime":1790018814931.1362,"status":"passed","message":"","name":"/home/telephoneheater/Work/Theandril/apps/web/src/campaign-seed.test.ts"},{"assertionResults":[{"ancestorTitles":[],"fullName":"keeps real orders inside a named native window with an independent close control","status":"passed","title":"keeps real orders inside a named native window with an independent close control","duration":4.559591999999995,"failureMessages":[],"meta":{},"tags":[]},{"ancestorTitles":[],"fullName":"uses decorative original line icons and leaves button names to live text","status":"passed","title":"uses decorative original line icons and leaves button names to live text","duration":0.5376779999999997,"failureMessages":[],"meta":{},"tags":[]}],"startTime":1790018814772,"endTime":1790018814777.5376,"status":"passed","message":"","name":"/home/telephoneheater/Work/Theandril/apps/web/src/campaign-window.test.tsx"},{"assertionResults":[{"ancestorTitles":["packed observed-cell transport"],"fullName":"packed observed-cell transport carries only observed resource deposits in one v3 byte per row with absent and undefined preserved","status":"passed","title":"carries only observed resource deposits in one v3 byte per row with absent and undefined preserved","duration":2.525709000000006,"failureMessages":[],"meta":{},"tags":[]},{"ancestorTitles":["packed observed-cell transport"],"fullName":"packed observed-cell transport preserves v1 packets and roundtrips optional v2 hydrology/roads with absent, undefined and zero distinct","status":"passed","title":"preserves v1 packets and roundtrips optional v2 hydrology/roads with absent, undefined and zero distinct","duration":0.3587530000000072,"failureMessages":[],"meta":{},"tags":[]},{"ancestorTitles":["packed observed-cell transport"],"fullName":"packed observed-cell transport rejects malformed geography masks and presence bits before interpreting v2 cells","status":"passed","title":"rejects malformed geography masks and presence bits before interpreting v2 cells","duration":0.9650990000000093,"failureMessages":[],"meta":{},"tags":[]},{"ancestorTitles":["packed observed-cell transport"],"fullName":"packed observed-cell transport roundtrips an empty message with three independent transferable buffers","status":"passed","title":"roundtrips an empty message with three independent transferable buffers","duration":0.18751000000000317,"failureMessages":[],"meta":{},"tags":[]},{"ancestorTitles":["packed observed-cell transport"],"fullName":"packed observed-cell transport uses nine binary bytes per plain row, preserving shuffled order and scalar extremes","status":"passed","title":"uses nine binary bytes per plain row, preserving shuffled order and scalar extremes","duration":0.5020049999999969,"failureMessages":[],"meta":{},"tags":[]},{"ancestorTitles":["packed observed-cell transport"],"fullName":"packed observed-cell transport preserves every optional-field combination, including absent, null, undefined and zero","status":"passed","title":"preserves every optional-field combination, including absent, null, undefined and zero","duration":3.0822689999999966,"failureMessages":[],"meta":{},"tags":[]},{"ancestorTitles":["packed observed-cell transport"],"fullName":"packed observed-cell transport uses first-occurrence dictionary order without sorting cells or duplicating strings","status":"passed","title":"uses first-occurrence dictionary order without sorting cells or duplicating strings","duration":0.3393920000000037,"failureMessages":[],"meta":{},"tags":[]},{"ancestorTitles":["packed observed-cell transport"],"fullName":"packed observed-cell transport counts actual binary plus UTF-8 metadata/dictionary bytes, not typed-array JSON","status":"passed","title":"counts actual binary plus UTF-8 metadata/dictionary bytes, not typed-array JSON","duration":0.19055199999999672,"failureMessages":[],"meta":{},"tags":[]},{"ancestorTitles":["packed observed-cell transport"],"fullName":"packed observed-cell transport detaches only new packet storage, leaving observations and canonical world buffers intact","status":"passed","title":"detaches only new packet storage, leaving observations and canonical world buffers intact","duration":42.206604,"failureMessages":[],"meta":{},"tags":[]},{"ancestorTitles":["packed observed-cell transport"],"fullName":"packed observed-cell transport does not invent currently hidden changes, rows, ownership or feature values","status":"passed","title":"does not invent currently hidden changes, rows, ownership or feature values","duration":0.4259409999999946,"failureMessages":[],"meta":{},"tags":[]},{"ancestorTitles":["packed observed-cell transport"],"fullName":"packed observed-cell transport leaves frozen inputs untouched and returns detached decoded snapshots","status":"passed","title":"leaves frozen inputs untouched and returns detached decoded snapshots","duration":0.4361940000000004,"failureMessages":[],"meta":{},"tags":[]},{"ancestorTitles":["packed observed-cell transport"],"fullName":"packed observed-cell transport rejects invalid input before lossy typed-array coercion: {\"cell\":-1}","status":"passed","title":"rejects invalid input before lossy typed-array coercion: {\"cell\":-1}","duration":0.20104100000000358,"failureMessages":[],"meta":{},"tags":[]},{"ancestorTitles":["packed observed-cell transport"],"fullName":"packed observed-cell transport rejects invalid input before lossy typed-array coercion: {\"cell\":350000}","status":"passed","title":"rejects invalid input before lossy typed-array coercion: {\"cell\":350000}","duration":1.3374479999999949,"failureMessages":[],"meta":{},"tags":[]},{"ancestorTitles":["packed observed-cell transport"],"fullName":"packed observed-cell transport rejects invalid input before lossy typed-array coercion: {\"cell\":1.1}","status":"passed","title":"rejects invalid input before lossy typed-array coercion: {\"cell\":1.1}","duration":0.11012999999999806,"failureMessages":[],"meta":{},"tags":[]},{"ancestorTitles":["packed observed-cell transport"],"fullName":"packed observed-cell transport rejects invalid input before lossy typed-array coercion: {\"cell\":0}","status":"passed","title":"rejects invalid input before lossy typed-array coercion: {\"cell\":0}","duration":0.09756500000000301,"failureMessages":[],"meta":{},"tags":[]},{"ancestorTitles":["packed observed-cell transport"],"fullName":"packed observed-cell transport rejects invalid input before lossy typed-array coercion: {\"terrain\":5}","status":"passed","title":"rejects invalid input before lossy typed-array coercion: {\"terrain\":5}","duration":0.29372299999999996,"failureMessages":[],"meta":{},"tags":[]},{"ancestorTitles":["packed observed-cell transport"],"fullName":"packed observed-cell transport rejects invalid input before lossy typed-array coercion: {\"biome\":12}","status":"passed","title":"rejects invalid input before lossy typed-array coercion: {\"biome\":12}","duration":0.0821950000000129,"failureMessages":[],"meta":{},"tags":[]},{"ancestorTitles":["packed observed-cell transport"],"fullName":"packed observed-cell transport rejects invalid input before lossy typed-array coercion: {\"waterDepth\":3}","status":"passed","title":"rejects invalid input before lossy typed-array coercion: {\"waterDepth\":3}","duration":0.05183200000001875,"failureMessages":[],"meta":{},"tags":[]},{"ancestorTitles":["packed observed-cell transport"],"fullName":"packed observed-cell transport rejects invalid input before lossy typed-array coercion: {\"fertility\":256}","status":"passed","title":"rejects invalid input before lossy typed-array coercion: {\"fertility\":256}","duration":0.04352599999998574,"failureMessages":[],"meta":{},"tags":[]},{"ancestorTitles":["packed observed-cell transport"],"fullName":"packed observed-cell transport rejects invalid input before lossy typed-array coercion: {\"fertility\":null}","status":"passed","title":"rejects invalid input before lossy typed-array coercion: {\"fertility\":null}","duration":0.04718800000000556,"failureMessages":[],"meta":{},"tags":[]},{"ancestorTitles":["packed observed-cell transport"],"fullName":"packed observed-cell transport rejects invalid input before lossy typed-array coercion: {\"fertility\":null}","status":"passed","title":"rejects invalid input before lossy typed-array coercion: {\"fertility\":null}","duration":0.040211999999996806,"failureMessages":[],"meta":{},"tags":[]},{"ancestorTitles":["packed observed-cell transport"],"fullName":"packed observed-cell transport rejects invalid input before lossy typed-array coercion: {\"visible\":1}","status":"passed","title":"rejects invalid input before lossy typed-array coercion: {\"visible\":1}","duration":0.03858300000001691,"failureMessages":[],"meta":{},"tags":[]},{"ancestorTitles":["packed observed-cell transport"],"fullName":"packed observed-cell transport rejects invalid input before lossy typed-array coercion: {\"featureMask\":-1}","status":"passed","title":"rejects invalid input before lossy typed-array coercion: {\"featureMask\":-1}","duration":0.037297999999992726,"failureMessages":[],"meta":{},"tags":[]},{"ancestorTitles":["packed observed-cell transport"],"fullName":"packed observed-cell transport rejects invalid input before lossy typed-array coercion: {\"featureMask\":4294967296}","status":"passed","title":"rejects invalid input before lossy typed-array coercion: {\"featureMask\":4294967296}","duration":0.03885600000000977,"failureMessages":[],"meta":{},"tags":[]},{"ancestorTitles":["packed observed-cell transport"],"fullName":"packed observed-cell transport rejects invalid input before lossy typed-array coercion: {\"featureMask\":null}","status":"passed","title":"rejects invalid input before lossy typed-array coercion: {\"featureMask\":null}","duration":0.03503200000000106,"failureMessages":[],"meta":{},"tags":[]},{"ancestorTitles":["packed observed-cell transport"],"fullName":"packed observed-cell transport rejects invalid input before lossy typed-array coercion: {\"settlementId\":2}","status":"passed","title":"rejects invalid input before lossy typed-array coercion: {\"settlementId\":2}","duration":0.038917999999995345,"failureMessages":[],"meta":{},"tags":[]},{"ancestorTitles":["packed observed-cell transport"],"fullName":"packed observed-cell transport rejects invalid input before lossy typed-array coercion: {\"factionId\":\"\"}","status":"passed","title":"rejects invalid input before lossy typed-array coercion: {\"factionId\":\"\"}","duration":0.03835599999999317,"failureMessages":[],"meta":{},"tags":[]},{"ancestorTitles":["packed observed-cell transport"],"fullName":"packed observed-cell transport rejects invalid input before lossy typed-array coercion: {\"improvementId\":\"xxxxxxxxxxxxxxxxxxxxxxxxxxxxxxxxxxxxxxxxxxxxxxxxxxxxxxxxxxxxxxxxxxxxxxxxxxxxxxxxxxxxxxxxxxxxxxxxxxxxx\"}","status":"passed","title":"rejects invalid input before lossy typed-array coercion: {\"improvementId\":\"xxxxxxxxxxxxxxxxxxxxxxxxxxxxxxxxxxxxxxxxxxxxxxxxxxxxxxxxxxxxxxxxxxxxxxxxxxxxxxxxxxxxxxxxxxxxxxxxxxxxx\"}","duration":0.03856300000001056,"failureMessages":[],"meta":{},"tags":[]},{"ancestorTitles":["packed observed-cell transport"],"fullName":"packed observed-cell transport rejects invalid input before lossy typed-array coercion: {\"secret\":1}","status":"passed","title":"rejects invalid input before lossy typed-array coercion: {\"secret\":1}","duration":0.03459600000002183,"failureMessages":[],"meta":{},"tags":[]},{"ancestorTitles":["packed observed-cell transport"],"fullName":"packed observed-cell transport rejects sparse input arrays and arrays exceeding the supported world bound","status":"passed","title":"rejects sparse input arrays and arrays exceeding the supported world bound","duration":0.9259890000000155,"failureMessages":[],"meta":{},"tags":[]},{"ancestorTitles":["packed observed-cell transport"],"fullName":"packed observed-cell transport rejects malformed packet shape","status":"passed","title":"rejects malformed packet shape","duration":0.11355699999998592,"failureMessages":[],"meta":{},"tags":[]},{"ancestorTitles":["packed observed-cell transport"],"fullName":"packed observed-cell transport rejects malformed packet shape","status":"passed","title":"rejects malformed packet shape","duration":0.05904300000000262,"failureMessages":[],"meta":{},"tags":[]},{"ancestorTitles":["packed observed-cell transport"],"fullName":"packed observed-cell transport rejects malformed packet shape","status":"passed","title":"rejects malformed packet shape","duration":0.05405799999999772,"failureMessages":[],"meta":{},"tags":[]},{"ancestorTitles":["packed observed-cell transport"],"fullName":"packed observed-cell transport rejects malformed packet shape","status":"passed","title":"rejects malformed packet shape","duration":0.04871900000000551,"failureMessages":[],"meta":{},"tags":[]},{"ancestorTitles":["packed observed-cell transport"],"fullName":"packed observed-cell transport rejects malformed packet shape","status":"passed","title":"rejects malformed packet shape","duration":0.05349800000001892,"failureMessages":[],"meta":{},"tags":[]},{"ancestorTitles":["packed observed-cell transport"],"fullName":"packed observed-cell transport rejects malformed packet shape","status":"passed","title":"rejects malformed packet shape","duration":0.047261000000020204,"failureMessages":[],"meta":{},"tags":[]},{"ancestorTitles":["packed observed-cell transport"],"fullName":"packed observed-cell transport rejects malformed packet shape","status":"passed","title":"rejects malformed packet shape","duration":0.04996399999998857,"failureMessages":[],"meta":{},"tags":[]},{"ancestorTitles":["packed observed-cell transport"],"fullName":"packed observed-cell transport rejects malformed packet shape","status":"passed","title":"rejects malformed packet shape","duration":0.05748700000000895,"failureMessages":[],"meta":{},"tags":[]},{"ancestorTitles":["packed observed-cell transport"],"fullName":"packed observed-cell transport rejects malformed packet shape","status":"passed","title":"rejects malformed packet shape","duration":0.05754500000000462,"failureMessages":[],"meta":{},"tags":[]},{"ancestorTitles":["packed observed-cell transport"],"fullName":"packed observed-cell transport rejects malformed packet shape","status":"passed","title":"rejects malformed packet shape","duration":0.05884799999998336,"failureMessages":[],"meta":{},"tags":[]},{"ancestorTitles":["packed observed-cell transport"],"fullName":"packed observed-cell transport rejects invalid rows/flags/metadata/indexes before decoding","status":"passed","title":"rejects invalid rows/flags/metadata/indexes before decoding","duration":0.07383200000001011,"failureMessages":[],"meta":{},"tags":[]},{"ancestorTitles":["packed observed-cell transport"],"fullName":"packed observed-cell transport rejects invalid rows/flags/metadata/indexes before decoding","status":"passed","title":"rejects invalid rows/flags/metadata/indexes before decoding","duration":0.05118300000000886,"failureMessages":[],"meta":{},"tags":[]},{"ancestorTitles":["packed observed-cell transport"],"fullName":"packed observed-cell transport rejects invalid rows/flags/metadata/indexes before decoding","status":"passed","title":"rejects invalid rows/flags/metadata/indexes before decoding","duration":0.045241000000004306,"failureMessages":[],"meta":{},"tags":[]},{"ancestorTitles":["packed observed-cell transport"],"fullName":"packed observed-cell transport rejects invalid rows/flags/metadata/indexes before decoding","status":"passed","title":"rejects invalid rows/flags/metadata/indexes before decoding","duration":0.04546999999999457,"failureMessages":[],"meta":{},"tags":[]},{"ancestorTitles":["packed observed-cell transport"],"fullName":"packed observed-cell transport rejects invalid rows/flags/metadata/indexes before decoding","status":"passed","title":"rejects invalid rows/flags/metadata/indexes before decoding","duration":0.0448910000000069,"failureMessages":[],"meta":{},"tags":[]},{"ancestorTitles":["packed observed-cell transport"],"fullName":"packed observed-cell transport rejects invalid rows/flags/metadata/indexes before decoding","status":"passed","title":"rejects invalid rows/flags/metadata/indexes before decoding","duration":0.04348299999998062,"failureMessages":[],"meta":{},"tags":[]},{"ancestorTitles":["packed observed-cell transport"],"fullName":"packed observed-cell transport rejects invalid rows/flags/metadata/indexes before decoding","status":"passed","title":"rejects invalid rows/flags/metadata/indexes before decoding","duration":0.0453589999999906,"failureMessages":[],"meta":{},"tags":[]},{"ancestorTitles":["packed observed-cell transport"],"fullName":"packed observed-cell transport rejects invalid rows/flags/metadata/indexes before decoding","status":"passed","title":"rejects invalid rows/flags/metadata/indexes before decoding","duration":0.159561999999994,"failureMessages":[],"meta":{},"tags":[]},{"ancestorTitles":["packed observed-cell transport"],"fullName":"packed observed-cell transport rejects invalid rows/flags/metadata/indexes before decoding","status":"passed","title":"rejects invalid rows/flags/metadata/indexes before decoding","duration":0.26539200000001983,"failureMessages":[],"meta":{},"tags":[]},{"ancestorTitles":["packed observed-cell transport"],"fullName":"packed observed-cell transport rejects invalid rows/flags/metadata/indexes before decoding","status":"passed","title":"rejects invalid rows/flags/metadata/indexes before decoding","duration":0.20695399999999609,"failureMessages":[],"meta":{},"tags":[]},{"ancestorTitles":["packed observed-cell transport"],"fullName":"packed observed-cell transport rejects invalid rows/flags/metadata/indexes before decoding","status":"passed","title":"rejects invalid rows/flags/metadata/indexes before decoding","duration":0.16869700000000876,"failureMessages":[],"meta":{},"tags":[]},{"ancestorTitles":["packed observed-cell transport"],"fullName":"packed observed-cell transport rejects invalid rows/flags/metadata/indexes before decoding","status":"passed","title":"rejects invalid rows/flags/metadata/indexes before decoding","duration":0.16229400000000282,"failureMessages":[],"meta":{},"tags":[]},{"ancestorTitles":["packed observed-cell transport"],"fullName":"packed observed-cell transport rejects invalid rows/flags/metadata/indexes before decoding","status":"passed","title":"rejects invalid rows/flags/metadata/indexes before decoding","duration":0.16888999999997623,"failureMessages":[],"meta":{},"tags":[]},{"ancestorTitles":["packed observed-cell transport"],"fullName":"packed observed-cell transport rejects shared, aliased and offset backing buffers instead of transferring unrelated bytes","status":"passed","title":"rejects shared, aliased and offset backing buffers instead of transferring unrelated bytes","duration":0.4810600000000136,"failureMessages":[],"meta":{},"tags":[]},{"ancestorTitles":["packed observed-cell transport"],"fullName":"packed observed-cell transport rejects sparse dictionary holes instead of silently decoding a string reference as undefined","status":"passed","title":"rejects sparse dictionary holes instead of silently decoding a string reference as undefined","duration":0.4292599999999993,"failureMessages":[],"meta":{},"tags":[]},{"ancestorTitles":["packed observed-cell transport"],"fullName":"packed observed-cell transport property-roundtrips bounded shuffled, mixed-metadata payloads deterministically","status":"passed","title":"property-roundtrips bounded shuffled, mixed-metadata payloads deterministically","duration":23.33970100000002,"failureMessages":[],"meta":{},"tags":[]}],"startTime":1790018812427,"endTime":1790018812508.3396,"status":"passed","message":"","name":"/home/telephoneheater/Work/Theandril/apps/web/src/cell-transfer.test.ts"},{"assertionResults":[{"ancestorTitles":["real character skill trees"],"fullName":"real character skill trees covers exactly seventeen earned skills through three compatible roles and no invented Waykeeper nodes","status":"passed","title":"covers exactly seventeen earned skills through three compatible roles and no invented Waykeeper nodes","duration":101.34595099999999,"failureMessages":[],"meta":{},"tags":[]},{"ancestorTitles":["real character skill trees"],"fullName":"real character skill trees distinguishes actual prerequisite locks, permanent exclusions and learned nodes","status":"passed","title":"distinguishes actual prerequisite locks, permanent exclusions and learned nodes","duration":13.199630000000013,"failureMessages":[],"meta":{},"tags":[]},{"ancestorTitles":["real character skill trees"],"fullName":"real character skill trees never enables wounds, death or insufficient experience by deriving its own rule","status":"passed","title":"never enables wounds, death or insufficient experience by deriving its own rule","duration":24.996884000000023,"failureMessages":[],"meta":{},"tags":[]}],"startTime":1790018811139,"endTime":1790018811277.9968,"status":"passed","message":"","name":"/home/telephoneheater/Work/Theandril/apps/web/src/character-skills.test.tsx"},{"assertionResults":[{"ancestorTitles":["development graph presentation"],"fullName":"development graph presentation shows distinct earned currencies, exact materials, effects and linked blockers from canonical quotes","status":"passed","title":"shows distinct earned currencies, exact materials, effects and linked blockers from canonical quotes","duration":51.48368500000001,"failureMessages":[],"meta":{},"tags":[]},{"ancestorTitles":["development graph presentation"],"fullName":"development graph presentation pages a hundred armies without making the last company inaccessible or expanding a tree per company","status":"passed","title":"pages a hundred armies without making the last company inaccessible or expanding a tree per company","duration":32.45088800000002,"failureMessages":[],"meta":{},"tags":[]},{"ancestorTitles":["development graph presentation"],"fullName":"development graph presentation labels acquired dormant infrastructure and permanent exclusions without inventing affordability","status":"passed","title":"labels acquired dormant infrastructure and permanent exclusions without inventing affordability","duration":8.913813000000005,"failureMessages":[],"meta":{},"tags":[]}],"startTime":1790018812914,"endTime":1790018813006.9138,"status":"passed","message":"","name":"/home/telephoneheater/Work/Theandril/apps/web/src/development-panel.test.tsx"},{"assertionResults":[{"ancestorTitles":["approved faction DOM artwork boundary"],"fullName":"approved faction DOM artwork boundary resolves the shared Waykeeper cast for two cultures with one bounded page and a truthful shared label","status":"passed","title":"resolves the shared Waykeeper cast for two cultures with one bounded page and a truthful shared label","duration":81.68221399999999,"failureMessages":[],"meta":{},"tags":[]},{"ancestorTitles":["approved faction DOM artwork boundary"],"fullName":"approved faction DOM artwork boundary labels specialist silhouette sharing, retains the real asset ID, and sizes mounted recruits from the source role","status":"passed","title":"labels specialist silhouette sharing, retains the real asset ID, and sizes mounted recruits from the source role","duration":12.619595000000004,"failureMessages":[],"meta":{},"tags":[]},{"ancestorTitles":["approved faction DOM artwork boundary"],"fullName":"approved faction DOM artwork boundary loads verified faction artwork at / without rewriting its approved catalog","status":"passed","title":"loads verified faction artwork at / without rewriting its approved catalog","duration":9.683239000000015,"failureMessages":[],"meta":{},"tags":[]},{"ancestorTitles":["approved faction DOM artwork boundary"],"fullName":"approved faction DOM artwork boundary loads verified faction artwork at /Theandril/ without rewriting its approved catalog","status":"passed","title":"loads verified faction artwork at /Theandril/ without rewriting its approved catalog","duration":11.192318,"failureMessages":[],"meta":{},"tags":[]},{"ancestorTitles":["approved faction DOM artwork boundary"],"fullName":"approved faction DOM artwork boundary retains hash rejection for altered subpath atlas bytes","status":"passed","title":"retains hash rejection for altered subpath atlas bytes","duration":8.695091999999988,"failureMessages":[],"meta":{},"tags":[]},{"ancestorTitles":["approved faction DOM artwork boundary"],"fullName":"approved faction DOM artwork boundary renders approved naval roles at 96 pixels and uses a ship silhouette for absent, failed or wrongly sized hull art","status":"passed","title":"renders approved naval roles at 96 pixels and uses a ship silhouette for absent, failed or wrongly sized hull art","duration":10.188475000000011,"failureMessages":[],"meta":{},"tags":[]},{"ancestorTitles":["approved faction DOM artwork boundary"],"fullName":"approved faction DOM artwork boundary binds exact culture definitions and shares one verified image across distinct role icons","status":"passed","title":"binds exact culture definitions and shares one verified image across distinct role icons","duration":10.551580999999999,"failureMessages":[],"meta":{},"tags":[]},{"ancestorTitles":["approved faction DOM artwork boundary"],"fullName":"approved faction DOM artwork boundary labels a missing qualified asset as generic while retaining its correctly bound generic role and fixed slot","status":"passed","title":"labels a missing qualified asset as generic while retaining its correctly bound generic role and fixed slot","duration":8.475643999999988,"failureMessages":[],"meta":{},"tags":[]},{"ancestorTitles":["approved faction DOM artwork boundary"],"fullName":"approved faction DOM artwork boundary rejects altered bytes before decoding or creating a presentation URL","status":"passed","title":"rejects altered bytes before decoding or creating a presentation URL","duration":9.99033399999999,"failureMessages":[],"meta":{},"tags":[]},{"ancestorTitles":["approved faction DOM artwork boundary"],"fullName":"approved faction DOM artwork boundary rejects oversized dimensions even when replacement bytes have an updated hash","status":"passed","title":"rejects oversized dimensions even when replacement bytes have an updated hash","duration":6.814610999999957,"failureMessages":[],"meta":{},"tags":[]},{"ancestorTitles":["approved faction DOM artwork boundary"],"fullName":"approved faction DOM artwork boundary refuses candidate status before requesting an image or presenting it as approved","status":"passed","title":"refuses candidate status before requesting an image or presenting it as approved","duration":8.096031000000039,"failureMessages":[],"meta":{},"tags":[]},{"ancestorTitles":["approved faction DOM artwork boundary"],"fullName":"approved faction DOM artwork boundary does not let a cached hash bypass a second atlas declaration’s dimension check","status":"passed","title":"does not let a cached hash bypass a second atlas declaration’s dimension check","duration":9.754992000000016,"failureMessages":[],"meta":{},"tags":[]},{"ancestorTitles":["approved faction DOM artwork boundary"],"fullName":"approved faction DOM artwork boundary withholds a decoded image whose natural dimensions contradict the verified header","status":"passed","title":"withholds a decoded image whose natural dimensions contradict the verified header","duration":7.747519000000011,"failureMessages":[],"meta":{},"tags":[]}],"startTime":1790018808096,"endTime":1790018808291.7476,"status":"passed","message":"","name":"/home/telephoneheater/Work/Theandril/apps/web/src/faction-art.test.tsx"},{"assertionResults":[{"ancestorTitles":["reviewed Hearth & Card DOM materials"],"fullName":"reviewed Hearth & Card DOM materials retains exact reviewed 'wood.webp' bytes and native lossless dimensions","status":"passed","title":"retains exact reviewed 'wood.webp' bytes and native lossless dimensions","duration":1.9226480000000095,"failureMessages":[],"meta":{},"tags":[]},{"ancestorTitles":["reviewed Hearth & Card DOM materials"],"fullName":"reviewed Hearth & Card DOM materials retains exact reviewed 'parchment.webp' bytes and native lossless dimensions","status":"passed","title":"retains exact reviewed 'parchment.webp' bytes and native lossless dimensions","duration":0.4064300000000003,"failureMessages":[],"meta":{},"tags":[]},{"ancestorTitles":["reviewed Hearth & Card DOM materials"],"fullName":"reviewed Hearth & Card DOM materials retains exact reviewed 'ornament.corner-idle.webp' bytes and native lossless dimensions","status":"passed","title":"retains exact reviewed 'ornament.corner-idle.webp' bytes and native lossless dimensions","duration":0.2422380000000004,"failureMessages":[],"meta":{},"tags":[]},{"ancestorTitles":["reviewed Hearth & Card DOM materials"],"fullName":"reviewed Hearth & Card DOM materials retains the separate artwork license and honest non-atlas/static provenance","status":"passed","title":"retains the separate artwork license and honest non-atlas/static provenance","duration":4.392375999999999,"failureMessages":[],"meta":{},"tags":[]},{"ancestorTitles":["reviewed Hearth & Card DOM materials"],"fullName":"reviewed Hearth & Card DOM materials keeps every selector scoped and leaves all layout and interaction properties to the HUD","status":"passed","title":"keeps every selector scoped and leaves all layout and interaction properties to the HUD","duration":2.6595319999999987,"failureMessages":[],"meta":{},"tags":[]},{"ancestorTitles":["reviewed Hearth & Card DOM materials"],"fullName":"reviewed Hearth & Card DOM materials keeps body text in system fonts with legible ink, muted and danger contrast","status":"passed","title":"keeps body text in system fonts with legible ink, muted and danger contrast","duration":0.2985050000000058,"failureMessages":[],"meta":{},"tags":[]}],"startTime":1790018814735,"endTime":1790018814745.6594,"status":"passed","message":"","name":"/home/telephoneheater/Work/Theandril/apps/web/src/hearth-theme.test.ts"},{"assertionResults":[{"ancestorTitles":["authoritative settlement land controls"],"fullName":"authoritative settlement land controls labels signed bonuses and penalties without hiding zero totals behind an invented formula","status":"passed","title":"labels signed bonuses and penalties without hiding zero totals behind an invented formula","duration":1.6012519999999881,"failureMessages":[],"meta":{},"tags":[]},{"ancestorTitles":["authoritative settlement land controls"],"fullName":"authoritative settlement land controls renders every selectable culture and exact positive and negative affinity descriptions","status":"passed","title":"renders every selectable culture and exact positive and negative affinity descriptions","duration":9.580002000000007,"failureMessages":[],"meta":{},"tags":[]},{"ancestorTitles":["authoritative settlement land controls"],"fullName":"authoritative settlement land controls uses all twenty-four real profiles, signed ecology and shared-unit AI weights without borrowing another culture","status":"passed","title":"uses all twenty-four real profiles, signed ecology and shared-unit AI weights without borrowing another culture","duration":31.193010999999984,"failureMessages":[],"meta":{},"tags":[]},{"ancestorTitles":["authoritative settlement land controls"],"fullName":"authoritative settlement land controls shows the actual owned realm definition in a collapsed economy reference, even when its seat name differs","status":"passed","title":"shows the actual owned realm definition in a collapsed economy reference, even when its seat name differs","duration":28.67917799999998,"failureMessages":[],"meta":{},"tags":[]},{"ancestorTitles":["authoritative settlement land controls"],"fullName":"authoritative settlement land controls uses quoted costs and explains colony/capital independently, including insufficient funds","status":"passed","title":"uses quoted costs and explains colony/capital independently, including insufficient funds","duration":19.097492000000045,"failureMessages":[],"meta":{},"tags":[]},{"ancestorTitles":["authoritative settlement land controls"],"fullName":"authoritative settlement land controls does not expose another settlement or fabricate options for an unobserved selected tile","status":"passed","title":"does not expose another settlement or fabricate options for an unobserved selected tile","duration":13.758844999999951,"failureMessages":[],"meta":{},"tags":[]},{"ancestorTitles":["authoritative settlement land controls"],"fullName":"authoritative settlement land controls keeps summary totals during lazy loading without showing stale quotes or an outside-territory refusal","status":"passed","title":"keeps summary totals during lazy loading without showing stale quotes or an outside-territory refusal","duration":10.554899999999975,"failureMessages":[],"meta":{},"tags":[]},{"ancestorTitles":["authoritative settlement land controls"],"fullName":"authoritative settlement land controls puts compact tile actions before the closed town overview while keeping exact buttons, prices and refusals","status":"passed","title":"puts compact tile actions before the closed town overview while keeping exact buttons, prices and refusals","duration":26.770038,"failureMessages":[],"meta":{},"tags":[]},{"ancestorTitles":["authoritative settlement land controls"],"fullName":"authoritative settlement land controls keeps actual paid work and its no-refund cancel control ahead of compact tile actions","status":"passed","title":"keeps actual paid work and its no-refund cancel control ahead of compact tile actions","duration":15.33000400000003,"failureMessages":[],"meta":{},"tags":[]},{"ancestorTitles":["authoritative settlement land controls"],"fullName":"authoritative settlement land controls shows compact lazy loading first and never renders tile actions from summary or stale detail props","status":"passed","title":"shows compact lazy loading first and never renders tile actions from summary or stale detail props","duration":7.25514800000002,"failureMessages":[],"meta":{},"tags":[]}],"startTime":1790018810053,"endTime":1790018810217.2551,"status":"passed","message":"","name":"/home/telephoneheater/Work/Theandril/apps/web/src/land.test.tsx"},{"assertionResults":[{"ancestorTitles":["map action inspection choices"],"fullName":"map action inspection choices keeps every co-located owned army in stable order, then one town and tile; passengers stay in fleet controls","status":"passed","title":"keeps every co-located owned army in stable order, then one town and tile; passengers stay in fleet controls","duration":1.5561599999999771,"failureMessages":[],"meta":{},"tags":[]},{"ancestorTitles":["map action inspection choices"],"fullName":"map action inspection choices uses own claim summaries even with compact cells and fog, without confusing tile position with town center","status":"passed","title":"uses own claim summaries even with compact cells and fog, without confusing tile position with town center","duration":0.34768499999998426,"failureMessages":[],"meta":{},"tags":[]},{"ancestorTitles":["map action inspection choices"],"fullName":"map action inspection choices opens selected own-town quotes only for currently visible unclaimed expansion terrain, never inventing canClaim","status":"passed","title":"opens selected own-town quotes only for currently visible unclaimed expansion terrain, never inventing canClaim","duration":0.26271399999998835,"failureMessages":[],"meta":{},"tags":[]},{"ancestorTitles":["map action inspection choices"],"fullName":"map action inspection choices keeps an owned army on foreign territory selectable without borrowing foreign names or own-town management","status":"passed","title":"keeps an owned army on foreign territory selectable without borrowing foreign names or own-town management","duration":0.15792600000000334,"failureMessages":[],"meta":{},"tags":[]},{"ancestorTitles":["map action inspection choices"],"fullName":"map action inspection choices lets explicit renderer knowledge override headless cell records and rejects invalid coordinates","status":"passed","title":"lets explicit renderer knowledge override headless cell records and rejects invalid coordinates","duration":0.24456499999999437,"failureMessages":[],"meta":{},"tags":[]},{"ancestorTitles":["map action inspection choices"],"fullName":"map action inspection choices is detached and leaves observation, canonical save and hash unchanged across repeated inspections","status":"passed","title":"is detached and leaves observation, canonical save and hash unchanged across repeated inspections","duration":9.162142000000017,"failureMessages":[],"meta":{},"tags":[]}],"startTime":1790018814523,"endTime":1790018814534.162,"status":"passed","message":"","name":"/home/telephoneheater/Work/Theandril/apps/web/src/map-action-context.test.ts"},{"assertionResults":[{"ancestorTitles":["map action surface"],"fullName":"map action surface has named non-modal navigation, real location choices and exactly one mounted management pane","status":"passed","title":"has named non-modal navigation, real location choices and exactly one mounted management pane","duration":6.470371,"failureMessages":[],"meta":{},"tags":[]},{"ancestorTitles":["map action surface"],"fullName":"map action surface can open a tile directly at Land, preserving actual disabled controls and caller summaries","status":"passed","title":"can open a tile directly at Land, preserving actual disabled controls and caller summaries","duration":0.7057730000000078,"failureMessages":[],"meta":{},"tags":[]},{"ancestorTitles":["map action surface"],"fullName":"map action surface offers an optional 320px compact unit shell with the same named controls and only the supplied quick-action pane","status":"passed","title":"offers an optional 320px compact unit shell with the same named controls and only the supplied quick-action pane","duration":1.261728000000005,"failureMessages":[],"meta":{},"tags":[]},{"ancestorTitles":["map action surface"],"fullName":"map action surface can open a compact long-route confirmation directly and retain it while suspended for a modal","status":"passed","title":"can open a compact long-route confirmation directly and retain it while suspended for a modal","duration":0.6938990000000018,"failureMessages":[],"meta":{},"tags":[]},{"ancestorTitles":["map action surface"],"fullName":"map action surface uses a safe first pane if an initial tab was removed and permits no management tabs","status":"passed","title":"uses a safe first pane if an initial tab was removed and permits no management tabs","duration":0.7159319999999951,"failureMessages":[],"meta":{},"tags":[]},{"ancestorTitles":["map action surface"],"fullName":"map action surface retains the mounted pane but hides input while a native modal owns the session","status":"passed","title":"retains the mounted pane but hides input while a native modal owns the session","duration":0.7145129999999966,"failureMessages":[],"meta":{},"tags":[]},{"ancestorTitles":["map action surface"],"fullName":"map action surface provides unique heading/tab/pane references even if more than one surface is rendered","status":"passed","title":"provides unique heading/tab/pane references even if more than one surface is rendered","duration":2.1495670000000047,"failureMessages":[],"meta":{},"tags":[]},{"ancestorTitles":["map action surface"],"fullName":"map action surface wraps local keyboard tabs without taking typing, vertical arrows or Tab navigation","status":"passed","title":"wraps local keyboard tabs without taking typing, vertical arrows or Tab navigation","duration":0.2252459999999985,"failureMessages":[],"meta":{},"tags":[]},{"ancestorTitles":["map action surface"],"fullName":"map action surface resets A→B→A without a tab click in B, while command publications retain the same context","status":"passed","title":"resets A→B→A without a tab click in B, while command publications retain the same context","duration":0.2532489999999967,"failureMessages":[],"meta":{},"tags":[]},{"ancestorTitles":["map action surface"],"fullName":"map action surface bounds desktop pointer corners and a narrow sheet above a dynamically sized footer","status":"passed","title":"bounds desktop pointer corners and a narrow sheet above a dynamically sized footer","duration":8.145377999999994,"failureMessages":[],"meta":{},"tags":[]},{"ancestorTitles":["map action surface"],"fullName":"map action surface reserves the real footer top rather than assuming its bottom reaches the viewport edge","status":"passed","title":"reserves the real footer top rather than assuming its bottom reaches the viewport edge","duration":0.27445800000000986,"failureMessages":[],"meta":{},"tags":[]},{"ancestorTitles":["map action surface"],"fullName":"map action surface places short desktop panels beside low map anchors instead of treating the scroll-height cap as a viewport edge","status":"passed","title":"places short desktop panels beside low map anchors instead of treating the scroll-height cap as a viewport edge","duration":0.10046600000001149,"failureMessages":[],"meta":{},"tags":[]},{"ancestorTitles":["map action surface"],"fullName":"map action surface measures the complete visible top HUD including its gap and clipped visual viewport","status":"passed","title":"measures the complete visible top HUD including its gap and clipped visual viewport","duration":0.11062599999999634,"failureMessages":[],"meta":{},"tags":[]},{"ancestorTitles":["map action surface"],"fullName":"map action surface keeps both shell widths between measured HUD edges on desktop, mobile and keyboard-sized visual viewports","status":"passed","title":"keeps both shell widths between measured HUD edges on desktop, mobile and keyboard-sized visual viewports","duration":64.15573699999999,"failureMessages":[],"meta":{},"tags":[]}],"startTime":1790018812270,"endTime":1790018812356.1558,"status":"passed","message":"","name":"/home/telephoneheater/Work/Theandril/apps/web/src/map-actions.test.tsx"},{"assertionResults":[{"ancestorTitles":["canonical preflight for playable naval UI scenarios"],"fullName":"canonical preflight for playable naval UI scenarios queues the actual eight-step voyage and lands passengers only after the fleet has movement","status":"passed","title":"queues the actual eight-step voyage and lands passengers only after the fleet has movement","duration":77.78322100000003,"failureMessages":[],"meta":{},"tags":[]},{"ancestorTitles":["canonical preflight for playable naval UI scenarios"],"fullName":"canonical preflight for playable naval UI scenarios the doomed-carrier browser fixture produces real passenger losses through the combat kernel","status":"passed","title":"the doomed-carrier browser fixture produces real passenger losses through the combat kernel","duration":36.41221700000003,"failureMessages":[],"meta":{},"tags":[]}],"startTime":1790018810982,"endTime":1790018811096.412,"status":"passed","message":"","name":"/home/telephoneheater/Work/Theandril/apps/web/src/naval-scenario.test.tsx"},{"assertionResults":[{"ancestorTitles":["observed-only next-action navigation"],"fullName":"observed-only next-action navigation reports newly unassigned households after real growth even while the town has a full production queue","status":"passed","title":"reports newly unassigned households after real growth even while the town has a full production queue","duration":41.69079199999999,"failureMessages":[],"meta":{},"tags":[]},{"ancestorTitles":["observed-only next-action navigation"],"fullName":"observed-only next-action navigation uses observed capacity rather than population, excludes missing/foreign/full summaries and orders labor by stable ID","status":"passed","title":"uses observed capacity rather than population, excludes missing/foreign/full summaries and orders labor by stable ID","duration":16.37531800000002,"failureMessages":[],"meta":{},"tags":[]},{"ancestorTitles":["observed-only next-action navigation"],"fullName":"observed-only next-action navigation includes land/fleets and zero-movement paused routes but skips foreign, dead, embarked, busy and automatic forces","status":"passed","title":"includes land/fleets and zero-movement paused routes but skips foreign, dead, embarked, busy and automatic forces","duration":1.9088930000000346,"failureMessages":[],"meta":{},"tags":[]},{"ancestorTitles":["observed-only next-action navigation"],"fullName":"observed-only next-action navigation requires an owned empty queue and a real available production option, not invented funding or siege rules","status":"passed","title":"requires an owned empty queue and a real available production option, not invented funding or siege rules","duration":0.2392019999999775,"failureMessages":[],"meta":{},"tags":[]},{"ancestorTitles":["observed-only next-action navigation"],"fullName":"observed-only next-action navigation skips standing siege duty even when movement refreshes or an old route remains paused","status":"passed","title":"skips standing siege duty even when movement refreshes or an old route remains paused","duration":0.12721900000002506,"failureMessages":[],"meta":{},"tags":[]},{"ancestorTitles":["observed-only next-action navigation"],"fullName":"observed-only next-action navigation does not call a real investing army idle after the next turn refreshes its movement","status":"passed","title":"does not call a real investing army idle after the next turn refreshes its movement","duration":13.268385999999964,"failureMessages":[],"meta":{},"tags":[]},{"ancestorTitles":["observed-only next-action navigation"],"fullName":"observed-only next-action navigation wraps stable IDs forward/backward, including from a removed or now-ineligible selection","status":"passed","title":"wraps stable IDs forward/backward, including from a removed or now-ineligible selection","duration":0.21687900000000582,"failureMessages":[],"meta":{},"tags":[]},{"ancestorTitles":["observed-only next-action navigation"],"fullName":"observed-only next-action navigation uses remapped shortcuts, Shift for previous, and suppresses input/lock/modifier/repeat/composition events","status":"passed","title":"uses remapped shortcuts, Shift for previous, and suppresses input/lock/modifier/repeat/composition events","duration":0.22168199999998706,"failureMessages":[],"meta":{},"tags":[]},{"ancestorTitles":["observed-only next-action navigation"],"fullName":"observed-only next-action navigation keeps bindings distinct from each other and the existing end-turn shortcut","status":"passed","title":"keeps bindings distinct from each other and the existing end-turn shortcut","duration":0.38335100000000466,"failureMessages":[],"meta":{},"tags":[]},{"ancestorTitles":["observed-only next-action navigation"],"fullName":"observed-only next-action navigation persists valid remapping separately from campaigns and reports corrupt/unavailable local storage","status":"passed","title":"persists valid remapping separately from campaigns and reports corrupt/unavailable local storage","duration":0.3865069999999946,"failureMessages":[],"meta":{},"tags":[]}],"startTime":1790018812170,"endTime":1790018812244.3865,"status":"passed","message":"","name":"/home/telephoneheater/Work/Theandril/apps/web/src/next-action.test.ts"},{"assertionResults":[{"ancestorTitles":["authoritative research tree presentation"],"fullName":"authoritative research tree presentation lays out actual dependency depths independent of input order, without fabricating missing nodes","status":"passed","title":"lays out actual dependency depths independent of input order, without fabricating missing nodes","duration":1.956799999999987,"failureMessages":[],"meta":{},"tags":[]},{"ancestorTitles":["authoritative research tree presentation"],"fullName":"authoritative research tree presentation renders precisely the observed discoveries, current paced costs and named requirements without mutating state","status":"passed","title":"renders precisely the observed discoveries, current paced costs and named requirements without mutating state","duration":39.893122999999974,"failureMessages":[],"meta":{},"tags":[]},{"ancestorTitles":["authoritative research tree presentation"],"fullName":"authoritative research tree presentation changes a purchased root and its child only through the next authoritative observation","status":"passed","title":"changes a purchased root and its child only through the next authoritative observation","duration":16.641597999999988,"failureMessages":[],"meta":{},"tags":[]},{"ancestorTitles":["authoritative research tree presentation"],"fullName":"authoritative research tree presentation keeps seven actual advancement and resource systems separate and exposes only real research branches","status":"passed","title":"keeps seven actual advancement and resource systems separate and exposes only real research branches","duration":10.651718000000017,"failureMessages":[],"meta":{},"tags":[]},{"ancestorTitles":["authoritative research tree presentation"],"fullName":"authoritative research tree presentation does not populate a historical or restricted observation from the current larger content catalog","status":"passed","title":"does not populate a historical or restricted observation from the current larger content catalog","duration":5.875200000000007,"failureMessages":[],"meta":{},"tags":[]}],"startTime":1790018813256,"endTime":1790018813330.8752,"status":"passed","message":"","name":"/home/telephoneheater/Work/Theandril/apps/web/src/progression.test.tsx"},{"assertionResults":[{"ancestorTitles":["realm navigation presentation"],"fullName":"realm navigation presentation bounds the registry DOM while preserving all owned search results, stable sorting and observation purity","status":"passed","title":"bounds the registry DOM while preserving all owned search results, stable sorting and observation purity","duration":75.32149800000002,"failureMessages":[],"meta":{},"tags":[]},{"ancestorTitles":["realm navigation presentation"],"fullName":"realm navigation presentation does not admit an observed foreign army or town into any registry search","status":"passed","title":"does not admit an observed foreign army or town into any registry search","duration":11.53693400000003,"failureMessages":[],"meta":{},"tags":[]},{"ancestorTitles":["realm navigation presentation"],"fullName":"realm navigation presentation uses one keyboard tablist and a real character action with a clearly named current selection","status":"passed","title":"uses one keyboard tablist and a real character action with a clearly named current selection","duration":0.6959119999999643,"failureMessages":[],"meta":{},"tags":[]},{"ancestorTitles":["realm navigation presentation"],"fullName":"realm navigation presentation opens construction only; keeps actual recruitment costs, navy blockers and all command labels behind named categories","status":"passed","title":"opens construction only; keeps actual recruitment costs, navy blockers and all command labels behind named categories","duration":16.032684000000017,"failureMessages":[],"meta":{},"tags":[]}],"startTime":1790018811799,"endTime":1790018811903.0327,"status":"passed","message":"","name":"/home/telephoneheater/Work/Theandril/apps/web/src/realm-navigation.test.tsx"},{"assertionResults":[{"ancestorTitles":["approved renderer artwork deployment boundary"],"fullName":"approved renderer artwork deployment boundary loads the unchanged published map and deferred battle atlas under /","status":"passed","title":"loads the unchanged published map and deferred battle atlas under /","duration":127.52067399999999,"failureMessages":[],"meta":{},"tags":[]},{"ancestorTitles":["approved renderer artwork deployment boundary"],"fullName":"approved renderer artwork deployment boundary loads the unchanged published map and deferred battle atlas under /Theandril/","status":"passed","title":"loads the unchanged published map and deferred battle atlas under /Theandril/","duration":81.92237699999998,"failureMessages":[],"meta":{},"tags":[]},{"ancestorTitles":["approved renderer artwork deployment boundary"],"fullName":"approved renderer artwork deployment boundary retains the standalone renderer’s root-relative default without a Vite dependency","status":"passed","title":"retains the standalone renderer’s root-relative default without a Vite dependency","duration":41.56323600000002,"failureMessages":[],"meta":{},"tags":[]},{"ancestorTitles":["approved renderer artwork deployment boundary"],"fullName":"approved renderer artwork deployment boundary still rejects altered map pixels at a deployment subpath before decoding","status":"passed","title":"still rejects altered map pixels at a deployment subpath before decoding","duration":19.74807999999996,"failureMessages":[],"meta":{},"tags":[]},{"ancestorTitles":["approved renderer artwork deployment boundary"],"fullName":"approved renderer artwork deployment boundary keeps deferred battle failure isolated and visible without changing approved declarations","status":"passed","title":"keeps deferred battle failure isolated and visible without changing approved declarations","duration":36.86121800000001,"failureMessages":[],"meta":{},"tags":[]}],"startTime":1790018807238,"endTime":1790018807545.8613,"status":"passed","message":"","name":"/home/telephoneheater/Work/Theandril/apps/web/src/runtime-art.test.ts"},{"assertionResults":[{"ancestorTitles":["pure spectator map projection"],"fullName":"pure spectator map projection reveals actual map positions without revealing private read models or changing sight/saves","status":"passed","title":"reveals actual map positions without revealing private read models or changing sight/saves","duration":42.429068,"failureMessages":[],"meta":{},"tags":[]}],"startTime":1790018813595,"endTime":1790018813637.429,"status":"passed","message":"","name":"/home/telephoneheater/Work/Theandril/apps/web/src/spectator.test.ts"},{"assertionResults":[{"ancestorTitles":["selected development query lifecycle"],"fullName":"selected development query lifecycle switches scope and company without retaining an old price or enabling a stale response","status":"passed","title":"switches scope and company without retaining an old price or enabling a stale response","duration":1.363796999999991,"failureMessages":[],"meta":{},"tags":[]},{"ancestorTitles":["selected development query lifecycle"],"fullName":"selected development query lifecycle invalidates same-turn purchases, reloads and late worker errors before accepting new quotes","status":"passed","title":"invalidates same-turn purchases, reloads and late worker errors before accepting new quotes","duration":0.35291099999999176,"failureMessages":[],"meta":{},"tags":[]},{"ancestorTitles":["selected development query lifecycle"],"fullName":"selected development query lifecycle rejects a response with mismatched identity or canonical hash","status":"passed","title":"rejects a response with mismatched identity or canonical hash","duration":0.1794089999999926,"failureMessages":[],"meta":{},"tags":[]},{"ancestorTitles":["selected development query lifecycle"],"fullName":"selected development query lifecycle rejects a response with mismatched identity or canonical hash","status":"passed","title":"rejects a response with mismatched identity or canonical hash","duration":0.12057299999999316,"failureMessages":[],"meta":{},"tags":[]},{"ancestorTitles":["selected development query lifecycle"],"fullName":"selected development query lifecycle rejects a response with mismatched identity or canonical hash","status":"passed","title":"rejects a response with mismatched identity or canonical hash","duration":0.08495899999999779,"failureMessages":[],"meta":{},"tags":[]},{"ancestorTitles":["selected development query lifecycle"],"fullName":"selected development query lifecycle retries a failed request without mutating or accumulating subject records","status":"passed","title":"retries a failed request without mutating or accumulating subject records","duration":0.13752700000000573,"failureMessages":[],"meta":{},"tags":[]}],"startTime":1790018815355,"endTime":1790018815357.1375,"status":"passed","message":"","name":"/home/telephoneheater/Work/Theandril/apps/web/src/use-development-query.test.ts"},{"assertionResults":[{"ancestorTitles":["one selected-town detail session"],"fullName":"one selected-town detail session reuses one ready anchored page for its loaded cells without changing the request key","status":"passed","title":"reuses one ready anchored page for its loaded cells without changing the request key","duration":0.8448640000000012,"failureMessages":[],"meta":{},"tags":[]},{"ancestorTitles":["one selected-town detail session"],"fullName":"one selected-town detail session never reuses old prices across commands, campaigns, towns, explicit page changes or pending replies","status":"passed","title":"never reuses old prices across commands, campaigns, towns, explicit page changes or pending replies","duration":0.28443199999999536,"failureMessages":[],"meta":{},"tags":[]},{"ancestorTitles":["one selected-town detail session"],"fullName":"one selected-town detail session forwards page and selected-cell requests and ignores an older page of the same hearth","status":"passed","title":"forwards page and selected-cell requests and ignores an older page of the same hearth","duration":0.42027299999999457,"failureMessages":[],"meta":{},"tags":[]},{"ancestorTitles":["one selected-town det
[...]
immutable source snapshot","duration":25.88971500000001,"failureMessages":[],"meta":{},"tags":[]},{"ancestorTitles":["roadmap browsing and permanent URLs"],"fullName":"roadmap browsing and permanent URLs combines status with words from delivered behavior and remaining acceptance","status":"passed","title":"combines status with words from delivered behavior and remaining acceptance","duration":1.81846299999998,"failureMessages":[],"meta":{},"tags":[]},{"ancestorTitles":["roadmap browsing and permanent URLs"],"fullName":"roadmap browsing and permanent URLs round-trips shareable filters at root and Pages bases without accepting arbitrary statuses","status":"passed","title":"round-trips shareable filters at root and Pages bases without accepting arbitrary statuses","duration":0.6836930000000052,"failureMessages":[],"meta":{},"tags":[]}],"startTime":1790018814118,"endTime":1790018814154.6836,"status":"passed","message":"","name":"/home/telephoneheater/Work/Theandril/apps/web/src/updates/roadmap.test.ts"},{"assertionResults":[{"ancestorTitles":["site pages"],"fullName":"site pages registers every public page as its own refresh-safe static entry","status":"passed","title":"registers every public page as its own refresh-safe static entry","duration":1.4868250000000103,"failureMessages":[],"meta":{},"tags":[]},{"ancestorTitles":["site pages"],"fullName":"site pages orders the main navigation from the site home to the playable build","status":"passed","title":"orders the main navigation from the site home to the playable build","duration":0.2656550000000095,"failureMessages":[],"meta":{},"tags":[]},{"ancestorTitles":["site pages"],"fullName":"site pages resolves the current page from the deployed pathname on both bases","status":"passed","title":"resolves the current page from the deployed pathname on both bases","duration":0.2144090000000034,"failureMessages":[],"meta":{},"tags":[]}],"startTime":1790018815245,"endTime":1790018815247.2144,"status":"passed","message":"","name":"/home/telephoneheater/Work/Theandril/apps/web/src/updates/site.test.ts"},{"assertionResults":[{"ancestorTitles":[],"fullName":"validates stable slugs and every image cross-reference in the public catalog","status":"passed","title":"validates stable slugs and every image cross-reference in the public catalog","duration":3.958054000000004,"failureMessages":[],"meta":{},"tags":[]},{"ancestorTitles":[],"fullName":"links evidence that really exists at the pinned Git revision, not just on disk","status":"passed","title":"links evidence that really exists at the pinned Git revision, not just on disk","duration":47.43808700000001,"failureMessages":[],"meta":{},"tags":[]},{"ancestorTitles":[],"fullName":"rejects a missing object at one of two revisions sharing an evidence path","status":"passed","title":"rejects a missing object at one of two revisions sharing an evidence path","duration":38.91853800000001,"failureMessages":[],"meta":{},"tags":[]},{"ancestorTitles":[],"fullName":"keeps frontend image metadata and the downloadable provenance byte-identical","status":"passed","title":"keeps frontend image metadata and the downloadable provenance byte-identical","duration":0.339886000000007,"failureMessages":[],"meta":{},"tags":[]},{"ancestorTitles":[],"fullName":"preserves the actual approval boundary and checkpoint numbers in the story","status":"passed","title":"preserves the actual approval boundary and checkpoint numbers in the story","duration":1.0386220000000037,"failureMessages":[],"meta":{},"tags":[]}],"startTime":1790018812607,"endTime":1790018812699.0386,"status":"passed","message":"","name":"/home/telephoneheater/Work/Theandril/apps/web/src/updates/validation.test.ts"},{"assertionResults":[{"ancestorTitles":["actual built-in output import bridge"],"fullName":"actual built-in output import bridge preserves source bytes and recorded provenance instead of claiming to invoke generation","status":"passed","title":"preserves source bytes and recorded provenance instead of claiming to invoke generation","duration":8.058554000000015,"failureMessages":[],"meta":{},"tags":[]},{"ancestorTitles":["actual built-in output import bridge"],"fullName":"actual built-in output import bridge rejects mismatched references, invalid asset IDs and corrupted PNG output","status":"passed","title":"rejects mismatched references, invalid asset IDs and corrupted PNG output","duration":1.6401389999999765,"failureMessages":[],"meta":{},"tags":[]},{"ancestorTitles":["credential-gated real provider contracts"],"fullName":"credential-gated real provider contracts fails before requests when credentials, local workflow or executable are unavailable","status":"passed","title":"fails before requests when credentials, local workflow or executable are unavailable","duration":1.5457429999999874,"failureMessages":[],"meta":{},"tags":[]},{"ancestorTitles":["credential-gated real provider contracts"],"fullName":"credential-gated real provider contracts uses the official fixed PixelLab endpoint and captures only actual returned PNG bytes","status":"passed","title":"uses the official fixed PixelLab endpoint and captures only actual returned PNG bytes","duration":14.85688300000001,"failureMessages":[],"meta":{},"tags":[]},{"ancestorTitles":["credential-gated real provider contracts"],"fullName":"credential-gated real provider contracts redacts provider failures and enforces streaming output and timeout bounds","status":"passed","title":"redacts provider failures and enforces streaming output and timeout bounds","duration":1.9320320000000208,"failureMessages":[],"meta":{},"tags":[]},{"ancestorTitles":["credential-gated real provider contracts"],"fullName":"credential-gated real provider contracts does not allow credentials or arbitrary remote URLs in a local backend address","status":"passed","title":"does not allow credentials or arbitrary remote URLs in a local backend address","duration":0.3522910000000081,"failureMessages":[],"meta":{},"tags":[]},{"ancestorTitles":["credential-gated real provider contracts"],"fullName":"credential-gated real provider contracts uses a real API-format ComfyUI queue/history/view contract with bounded polling and authored bindings","status":"passed","title":"uses a real API-format ComfyUI queue/history/view contract with bounded polling and authored bindings","duration":4.756370000000004,"failureMessages":[],"meta":{},"tags":[]}],"startTime":1790018814283,"endTime":1790018814316.7563,"status":"passed","message":"","name":"/home/telephoneheater/Work/Theandril/packages/art-pipeline/src/generators/generators.test.ts"},{"assertionResults":[{"ancestorTitles":["original integer-pixel overlay sources"],"fullName":"original integer-pixel overlay sources has stable exact-palette hard-alpha pixels, genuine effect motion and matching straight edges","status":"passed","title":"has stable exact-palette hard-alpha pixels, genuine effect motion and matching straight edges","duration":823.098208,"failureMessages":[],"meta":{},"tags":[]},{"ancestorTitles":["original integer-pixel overlay sources"],"fullName":"original integer-pixel overlay sources emits validated but unapproved script-backed briefs with accurate timing and no invented facings","status":"passed","title":"emits validated but unapproved script-backed briefs with accurate timing and no invented facings","duration":47.22007099999996,"failureMessages":[],"meta":{},"tags":[]}],"startTime":1790018793903,"endTime":1790018794773.22,"status":"passed","message":"","name":"/home/telephoneheater/Work/Theandril/packages/art-pipeline/src/toolchain/overlays.test.ts"},{"assertionResults":[{"ancestorTitles":["safe native process boundary"],"fullName":"safe native process boundary passes shell metacharacters literally and redacts known secret values","status":"passed","title":"passes shell metacharacters literally and redacts known secret values","duration":5.867592999999999,"failureMessages":[],"meta":{},"tags":[]},{"ancestorTitles":["safe native process boundary"],"fullName":"safe native process boundary kills timed out and over-output tools and never exposes unsuccessful stderr","status":"passed","title":"kills timed out and over-output tools and never exposes unsuccessful stderr","duration":25.170096,"failureMessages":[],"meta":{},"tags":[]},{"ancestorTitles":["safe native process boundary"],"fullName":"safe native process boundary makes file writes idempotent without overwriting inputs or following dangling outputs","status":"passed","title":"makes file writes idempotent without overwriting inputs or following dangling outputs","duration":8.900558999999987,"failureMessages":[],"meta":{},"tags":[]},{"ancestorTitles":["discovery and truthful doctor diagnostics"],"fullName":"discovery and truthful doctor diagnostics does not silently replace an invalid explicit Aseprite override with a Steam installation","status":"passed","title":"does not silently replace an invalid explicit Aseprite override with a Steam installation","duration":6.095676000000026,"failureMessages":[],"meta":{},"tags":[]},{"ancestorTitles":["discovery and truthful doctor diagnostics"],"fullName":"discovery and truthful doctor diagnostics discovers executable Steam metadata paths with spaces and safe argv in the supplied wrapper","status":"passed","title":"discovers executable Steam metadata paths with spaces and safe argv in the supplied wrapper","duration":10.999240999999984,"failureMessages":[],"meta":{},"tags":[]},{"ancestorTitles":["discovery and truthful doctor diagnostics"],"fullName":"discovery and truthful doctor diagnostics reports absent/malformed optional providers without exposing credential contents","status":"passed","title":"reports absent/malformed optional providers without exposing credential contents","duration":2.364108999999985,"failureMessages":[],"meta":{},"tags":[]},{"ancestorTitles":["native export preflight"],"fullName":"native export preflight rejects illegal frame sizes, durations, output targets and palette flags before tool execution","status":"passed","title":"rejects illegal frame sizes, durations, output targets and palette flags before tool execution","duration":4.595550000000003,"failureMessages":[],"meta":{},"tags":[]},{"ancestorTitles":["retained64-frame96px Aseprite row export"],"fullName":"retained64-frame96px Aseprite row export keeps every original pixel, facing, clip and duration within the4096 sheet bound","status":"passed","title":"keeps every original pixel, facing, clip and duration within the4096 sheet bound","duration":2445.4842670000003,"failureMessages":[],"meta":{},"tags":[]}],"startTime":1790018782453,"endTime":1790018784962.4844,"status":"passed","message":"","name":"/home/telephoneheater/Work/Theandril/packages/art-pipeline/src/toolchain/toolchain.test.ts"},{"assertionResults":[{"ancestorTitles":["formation battle rules"],"fullName":"formation battle rules applies casualties, morale loss and fatigue while preserving the input","status":"passed","title":"applies casualties, morale loss and fatigue while preserving the input","duration":5.190322999999978,"failureMessages":[],"meta":{},"tags":[]},{"ancestorTitles":["formation battle rules"],"fullName":"formation battle rules gives elevated defenders real protection and woodland reduces ranged damage","status":"passed","title":"gives elevated defenders real protection and woodland reduces ranged damage","duration":2.110798000000017,"failureMessages":[],"meta":{},"tags":[]},{"ancestorTitles":["formation battle rules"],"fullName":"formation battle rules trades flank damage and morale shock for fatigue and exposure","status":"passed","title":"trades flank damage and morale shock for fatigue and exposure","duration":1.1040969999999959,"failureMessages":[],"meta":{},"tags":[]},{"ancestorTitles":["formation battle rules"],"fullName":"formation battle rules fatigued formations hit less effectively and act later","status":"passed","title":"fatigued formations hit less effectively and act later","duration":0.9497619999999927,"failureMessages":[],"meta":{},"tags":[]},{"ancestorTitles":["formation battle rules"],"fullName":"formation battle rules ranged rear formations can fire while melee reserves need to close distance","status":"passed","title":"ranged rear formations can fire while melee reserves need to close distance","duration":0.7041830000000004,"failureMessages":[],"meta":{},"tags":[]},{"ancestorTitles":["formation battle rules"],"fullName":"formation battle rules routes low-morale formations before annihilation and applies pursuit losses","status":"passed","title":"routes low-morale formations before annihilation and applies pursuit losses","duration":0.5465519999999913,"failureMessages":[],"meta":{},"tags":[]},{"ancestorTitles":["formation battle rules"],"fullName":"formation battle rules uses initiative to decide which fragile line breaks first","status":"passed","title":"uses initiative to decide which fragile line breaks first","duration":0.5578009999999836,"failureMessages":[],"meta":{},"tags":[]},{"ancestorTitles":["formation battle rules"],"fullName":"formation battle rules resolves withdrawal immediately with surviving retreaters and pursuit","status":"passed","title":"resolves withdrawal immediately with surviving retreaters and pursuit","duration":0.570114000000018,"failureMessages":[],"meta":{},"tags":[]},{"ancestorTitles":["formation battle rules"],"fullName":"formation battle rules caps a protected stalemate at twelve rounds","status":"passed","title":"caps a protected stalemate at twelve rounds","duration":2.589677999999992,"failureMessages":[],"meta":{},"tags":[]},{"ancestorTitles":["battle determinism, persistence and bounds"],"fullName":"battle determinism, persistence and bounds uses four ranks for twenty-versus-twenty battles while freezing historical twelve-formation limits","status":"passed","title":"uses four ranks for twenty-versus-twenty battles while freezing historical twelve-formation limits","duration":12.440382,"failureMessages":[],"meta":{},"tags":[]},{"ancestorTitles":["battle determinism, persistence and bounds"],"fullName":"battle determinism, persistence and bounds autoresolve exactly matches manual rounds using the same AI orders","status":"passed","title":"autoresolve exactly matches manual rounds using the same AI orders","duration":0.7889389999999992,"failureMessages":[],"meta":{},"tags":[]},{"ancestorTitles":["battle determinism, persistence and bounds"],"fullName":"battle determinism, persistence and bounds is independent of input formation insertion order","status":"passed","title":"is independent of input formation insertion order","duration":1.853588000000002,"failureMessages":[],"meta":{},"tags":[]},{"ancestorTitles":["battle determinism, persistence and bounds"],"fullName":"battle determinism, persistence and bounds preserves exact continuation after JSON save/load midway through battle","status":"passed","title":"preserves exact continuation after JSON save/load midway through battle","duration":0.6394689999999912,"failureMessages":[],"meta":{},"tags":[]},{"ancestorTitles":["battle determinism, persistence and bounds"],"fullName":"battle determinism, persistence and bounds rejects malformed fields, conflicting slots/IDs, dead starts and illegal orders","status":"passed","title":"rejects malformed fields, conflicting slots/IDs, dead starts and illegal orders","duration":2.5395460000000014,"failureMessages":[],"meta":{},"tags":[]},{"ancestorTitles":["battle determinism, persistence and bounds"],"fullName":"battle determinism, persistence and bounds terminates deterministically with bounded casualties and integer stats across varied formations","status":"passed","title":"terminates deterministically with bounded casualties and integer stats across varied formations","duration":250.194157,"failureMessages":[],"meta":{},"tags":[]}],"startTime":1790018809546,"endTime":1790018809829.194,"status":"passed","message":"","name":"/home/telephoneheater/Work/Theandril/packages/sim/src/combat/combat.test.ts"},{"assertionResults":[{"ancestorTitles":["canonical individual battle rules"],"fullName":"canonical individual battle rules represents actual initial strength with stable identities, while frozen battle9 carries no future state","status":"passed","title":"represents actual initial strength with stable identities, while frozen battle9 carries no future state","duration":6.03194400000001,"failureMessages":[],"meta":{},"tags":[]},{"ancestorTitles":["canonical individual battle rules"],"fullName":"canonical individual battle rules lets advancing infantry eventually reach a stationary braced line and records canonical movement/cohesion","status":"passed","title":"lets advancing infantry eventually reach a stationary braced line and records canonical movement/cohesion","duration":2.979138000000006,"failureMessages":[],"meta":{},"tags":[]},{"ancestorTitles":["canonical individual battle rules"],"fullName":"canonical individual battle rules event participants and killed identities exactly reconcile every volley and pursuit, including ward absorption","status":"passed","title":"event participants and killed identities exactly reconcile every volley and pursuit, including ward absorption","duration":15.08036100000001,"failureMessages":[],"meta":{},"tags":[]},{"ancestorTitles":["canonical individual battle rules"],"fullName":"canonical individual battle rules pike screens reduce early mounted charge losses and support prevents the unprotected-flank bonus","status":"passed","title":"pike screens reduce early mounted charge losses and support prevents the unprotected-flank bonus","duration":3.733468000000016,"failureMessages":[],"meta":{},"tags":[]},{"ancestorTitles":["canonical individual battle rules"],"fullName":"canonical individual battle rules a missile line can fire before melee reaches contact, and naval strength remains one visible hull","status":"passed","title":"a missile line can fire before melee reaches contact, and naval strength remains one visible hull","duration":1.280871999999988,"failureMessages":[],"meta":{},"tags":[]},{"ancestorTitles":["canonical individual battle rules"],"fullName":"canonical individual battle rules manual AI orders and autoresolve have the same canonical hash through JSON continuation and detached observers","status":"passed","title":"manual AI orders and autoresolve have the same canonical hash through JSON continuation and detached observers","duration":1.8655939999999873,"failureMessages":[],"meta":{},"tags":[]}],"startTime":1790018813957,"endTime":1790018813987.8655,"status":"passed","message":"","name":"/home/telephoneheater/Work/Theandril/packages/sim/src/combat/individual.test.ts"},{"assertionResults":[{"ancestorTitles":["compendium sprite coverage"],"fullName":"compendium sprite coverage projects every published sprite the overview actually asks for","status":"passed","title":"projects every published sprite the overview actually asks for","duration":1.5681040000000053,"failureMessages":[],"meta":{},"tags":[]},{"ancestorTitles":["compendium sprite coverage"],"fullName":"compendium sprite coverage does not pretend a sprite exists where the catalog has none","status":"passed","title":"does not pretend a sprite exists where the catalog has none","duration":0.17748000000000275,"failureMessages":[],"meta":{},"tags":[]}],"startTime":1790018815495,"endTime":1790018815496.568,"status":"passed","message":"","name":"/home/telephoneheater/Work/Theandril/apps/web/src/updates/compendium/coverage.test.ts"},{"assertionResults":[{"ancestorTitles":[],"fullName":"generated compendium data is an exact projection of the content package and art catalog","status":"passed","title":"generated compendium data is an exact projection of the content package and art catalog","duration":19.366511999999986,"failureMessages":[],"meta":{},"tags":[]}],"startTime":1790018814424,"endTime":1790018814443.3665,"status":"passed","message":"","name":"/home/telephoneheater/Work/Theandril/apps/web/src/updates/compendium/data.test.ts"}]}